<!DOCTYPE html>

<html>
  <head>
  <meta charset='utf-8'>
  <title>TestNG reports</title>

    <link type="text/css" href="testng-reports1.css" rel="stylesheet" id="ultra" />
    <link type="text/css" href="testng-reports.css" rel="stylesheet" id="retro" disabled="false"/>
    <script type="text/javascript" src="jquery-3.6.0.min.js"></script>
    <script type="text/javascript" src="testng-reports.js"></script>
    <script type="text/javascript" src="https://www.google.com/jsapi"></script>
    <script type='text/javascript'>
      google.load('visualization', '1', {packages:['table']});
      google.setOnLoadCallback(drawTable);
      var suiteTableInitFunctions = new Array();
      var suiteTableData = new Array();
    </script>
    <!--
      <script type="text/javascript" src="jquery-ui/js/jquery-ui-1.8.16.custom.min.js"></script>
     -->
  </head>

  <body>    <div class="top-banner-root">
      <span class="top-banner-title-font">Test results</span>
      <button id="button" class="button">Switch Retro Theme</button> <!-- button -->
      <br/>
      <span class="top-banner-font-1">1 suite, 9 failed tests</span>
    </div> <!-- top-banner-root -->
    <div class="navigator-root">
      <div class="navigator-suite-header">
        <span>All suites</span>
        <a href="#" title="Collapse/expand all the suites" class="collapse-all-link">
          <img src="collapseall.gif" class="collapse-all-icon">
          </img> <!-- collapse-all-icon -->
        </a> <!-- collapse-all-link -->
      </div> <!-- navigator-suite-header -->
      <div class="suite">
        <div class="rounded-window">
          <div class="suite-header light-rounded-window-top">
            <a href="#" panel-name="suite-Suite" class="navigator-link">
              <span class="suite-name border-failed">Suite</span>
            </a> <!-- navigator-link -->
          </div> <!-- suite-header light-rounded-window-top -->
          <div class="navigator-suite-content">
            <div class="suite-section-title">
              <span>Info</span>
            </div> <!-- suite-section-title -->
            <div class="suite-section-content">
              <ul>
                <li>
                  <a href="#" panel-name="test-xml-Suite" class="navigator-link ">
                    <span>D:\SQA\Practice\WebAutomationPracticeProject\WebAutomation_Walton\testng.xml</span>
                  </a> <!-- navigator-link  -->
                </li>
                <li>
                  <a href="#" panel-name="testlist-Suite" class="navigator-link ">
                    <span class="test-stats">1 test</span>
                  </a> <!-- navigator-link  -->
                </li>
                <li>
                  <a href="#" panel-name="group-Suite" class="navigator-link ">
                    <span>0 groups</span>
                  </a> <!-- navigator-link  -->
                </li>
                <li>
                  <a href="#" panel-name="times-Suite" class="navigator-link ">
                    <span>Times</span>
                  </a> <!-- navigator-link  -->
                </li>
                <li>
                  <a href="#" panel-name="reporter-Suite" class="navigator-link ">
                    <span>Reporter output</span>
                  </a> <!-- navigator-link  -->
                </li>
                <li>
                  <a href="#" panel-name="ignored-methods-Suite" class="navigator-link ">
                    <span>Ignored methods</span>
                  </a> <!-- navigator-link  -->
                </li>
                <li>
                  <a href="#" panel-name="chronological-Suite" class="navigator-link ">
                    <span>Chronological view</span>
                  </a> <!-- navigator-link  -->
                </li>
              </ul>
            </div> <!-- suite-section-content -->
            <div class="result-section">
              <div class="suite-section-title">
                <span>Results</span>
              </div> <!-- suite-section-title -->
              <div class="suite-section-content">
                <ul>
                  <li>
                    <span class="method-stats">33 methods, 9 failed,   24 passed</span>
                  </li>
                  <li>
                    <span class="method-list-title failed">Failed methods</span>
                    <span class="show-or-hide-methods failed">
                      <a href="#" panel-name="suite-Suite" class="hide-methods failed suite-Suite"> (hide)</a> <!-- hide-methods failed suite-Suite -->
                      <a href="#" panel-name="suite-Suite" class="show-methods failed suite-Suite"> (show)</a> <!-- show-methods failed suite-Suite -->
                    </span>
                    <div class="method-list-content failed suite-Suite">
                      <span>
                        <img src="failed.png" width="3%"/>
                        <a href="#" panel-name="suite-Suite" title="testcases.TestProductAdd" class="method navigator-link" hash-for-method="testSelectProduct">testSelectProduct</a> <!-- method navigator-link -->
                      </span>
                      <br/>
                      <span>
                        <img src="failed.png" width="3%"/>
                        <a href="#" panel-name="suite-Suite" title="testcases.TestShoppingCart" class="method navigator-link" hash-for-method="testUpdateCart">testUpdateCart</a> <!-- method navigator-link -->
                      </span>
                      <br/>
                      <span>
                        <img src="failed.png" width="3%"/>
                        <a href="#" panel-name="suite-Suite" title="testcases.TestRegister" class="method navigator-link" hash-for-method="testWithInvalidCredential(tefabax, laymro, tefabax442@laymro.com, 01923320029, 123456, Bd@12345678, Bd@12345678, By.xpath: //s...)">testWithInvalidCredential(tefabax, laymro, tefabax442@laymro.com, 01923320029, 123456, Bd@12345678, Bd@12345678, By.xpath: //s...)</a> <!-- method navigator-link -->
                      </span>
                      <br/>
                      <span>
                        <img src="failed.png" width="3%"/>
                        <a href="#" panel-name="suite-Suite" title="testcases.TestRegister" class="method navigator-link" hash-for-method="testWithInvalidCredential(@@@##$, laymro, tefabax442@laymro.com, 01923320029, Dhanmondi, Bd@12345678, Bd@12345678, By.xpath: /...)">testWithInvalidCredential(@@@##$, laymro, tefabax442@laymro.com, 01923320029, Dhanmondi, Bd@12345678, Bd@12345678, By.xpath: /...)</a> <!-- method navigator-link -->
                      </span>
                      <br/>
                      <span>
                        <img src="failed.png" width="3%"/>
                        <a href="#" panel-name="suite-Suite" title="testcases.TestRegister" class="method navigator-link" hash-for-method="testWithInvalidCredential(tefa,,bax, laymro, tefabax442@laymro.com, 01923320029, Dhanmondi, Bd@12345678, Bd@12345678, By.xpath...)">testWithInvalidCredential(tefa,,bax, laymro, tefabax442@laymro.com, 01923320029, Dhanmondi, Bd@12345678, Bd@12345678, By.xpath...)</a> <!-- method navigator-link -->
                      </span>
                      <br/>
                      <span>
                        <img src="failed.png" width="3%"/>
                        <a href="#" panel-name="suite-Suite" title="testcases.TestRegister" class="method navigator-link" hash-for-method="testWithInvalidCredential(tefabax, lay,,mro, tefabax442@laymro.com, 01923320029, Dhanmondi, Bd@12345678, Bd@12345678, By.xpath...)">testWithInvalidCredential(tefabax, lay,,mro, tefabax442@laymro.com, 01923320029, Dhanmondi, Bd@12345678, Bd@12345678, By.xpath...)</a> <!-- method navigator-link -->
                      </span>
                      <br/>
                      <span>
                        <img src="failed.png" width="3%"/>
                        <a href="#" panel-name="suite-Suite" title="testcases.TestRegister" class="method navigator-link" hash-for-method="testWithInvalidCredential(tefabax, laymro, tefabax442@laymro.com, 01923320029, @@@@##, Bd@12345678, Bd@12345678, By.xpath: //s...)">testWithInvalidCredential(tefabax, laymro, tefabax442@laymro.com, 01923320029, @@@@##, Bd@12345678, Bd@12345678, By.xpath: //s...)</a> <!-- method navigator-link -->
                      </span>
                      <br/>
                      <span>
                        <img src="failed.png" width="3%"/>
                        <a href="#" panel-name="suite-Suite" title="testcases.TestRegister" class="method navigator-link" hash-for-method="testWithInvalidCredential(tefabax, @@@##$, tefabax442@laymro.com, 01923320029, Dhanmondi, Bd@12345678, Bd@12345678, By.xpath: ...)">testWithInvalidCredential(tefabax, @@@##$, tefabax442@laymro.com, 01923320029, Dhanmondi, Bd@12345678, Bd@12345678, By.xpath: ...)</a> <!-- method navigator-link -->
                      </span>
                      <br/>
                      <span>
                        <img src="failed.png" width="3%"/>
                        <a href="#" panel-name="suite-Suite" title="testcases.TestRegister" class="method navigator-link" hash-for-method="testWithInvalidCredential(tefabax, laymro, tefabax442@laymro.com, 01000000000, Dhanmondi, Bd@12345678, Bd@12345678, By.xpath: ...)">testWithInvalidCredential(tefabax, laymro, tefabax442@laymro.com, 01000000000, Dhanmondi, Bd@12345678, Bd@12345678, By.xpath: ...)</a> <!-- method navigator-link -->
                      </span>
                      <br/>
                    </div> <!-- method-list-content failed suite-Suite -->
                  </li>
                  <li>
                    <span class="method-list-title passed">Passed methods</span>
                    <span class="show-or-hide-methods passed">
                      <a href="#" panel-name="suite-Suite" class="hide-methods passed suite-Suite"> (hide)</a> <!-- hide-methods passed suite-Suite -->
                      <a href="#" panel-name="suite-Suite" class="show-methods passed suite-Suite"> (show)</a> <!-- show-methods passed suite-Suite -->
                    </span>
                    <div class="method-list-content passed suite-Suite">
                      <span>
                        <img src="passed.png" width="3%"/>
                        <a href="#" panel-name="suite-Suite" title="testcases.TestProductAdd" class="method navigator-link" hash-for-method="testAddToCart">testAddToCart</a> <!-- method navigator-link -->
                      </span>
                      <br/>
                      <span>
                        <img src="passed.png" width="3%"/>
                        <a href="#" panel-name="suite-Suite" title="testcases.TestCheckout" class="method navigator-link" hash-for-method="testCheckout">testCheckout</a> <!-- method navigator-link -->
                      </span>
                      <br/>
                      <span>
                        <img src="passed.png" width="3%"/>
                        <a href="#" panel-name="suite-Suite" title="testcases.TestLogin" class="method navigator-link" hash-for-method="testLoginWithInvalidCredentials(favevi6671@konican.com, , ×
Warning: No match for E-Mail Address and/or Password.)">testLoginWithInvalidCredentials(favevi6671@konican.com, , ×
Warning: No match for E-Mail Address and/or Password.)</a> <!-- method navigator-link -->
                      </span>
                      <br/>
                      <span>
                        <img src="passed.png" width="3%"/>
                        <a href="#" panel-name="suite-Suite" title="testcases.TestLogin" class="method navigator-link" hash-for-method="testLoginWithInvalidCredentials(y587@58h5, ergwe4776, ×
Warning: No match for E-Mail Address and/or Password.)">testLoginWithInvalidCredentials(y587@58h5, ergwe4776, ×
Warning: No match for E-Mail Address and/or Password.)</a> <!-- method navigator-link -->
                      </span>
                      <br/>
                      <span>
                        <img src="passed.png" width="3%"/>
                        <a href="#" panel-name="suite-Suite" title="testcases.TestLogin" class="method navigator-link" hash-for-method="testLoginWithInvalidCredentials(dfdr@dhr, Bd@12345678, ×
Warning: No match for E-Mail Address and/or Password.)">testLoginWithInvalidCredentials(dfdr@dhr, Bd@12345678, ×
Warning: No match for E-Mail Address and/or Password.)</a> <!-- method navigator-link -->
                      </span>
                      <br/>
                      <span>
                        <img src="passed.png" width="3%"/>
                        <a href="#" panel-name="suite-Suite" title="testcases.TestLogin" class="method navigator-link" hash-for-method="testLoginWithInvalidCredentials(favevi6671@konican.com, ergwe4776, ×
Warning: No match for E-Mail Address and/or Password.)">testLoginWithInvalidCredentials(favevi6671@konican.com, ergwe4776, ×
Warning: No match for E-Mail Address and/or Password.)</a> <!-- method navigator-link -->
                      </span>
                      <br/>
                      <span>
                        <img src="passed.png" width="3%"/>
                        <a href="#" panel-name="suite-Suite" title="testcases.TestLogin" class="method navigator-link" hash-for-method="testLoginWithInvalidCredentials(, Bd@12345678, ×
Warning: No match for E-Mail Address and/or Password.)">testLoginWithInvalidCredentials(, Bd@12345678, ×
Warning: No match for E-Mail Address and/or Password.)</a> <!-- method navigator-link -->
                      </span>
                      <br/>
                      <span>
                        <img src="passed.png" width="3%"/>
                        <a href="#" panel-name="suite-Suite" title="testcases.TestLogin" class="method navigator-link" hash-for-method="testLoginWithInvalidCredentials(, , ×
Warning: No match for E-Mail Address and/or Password.)">testLoginWithInvalidCredentials(, , ×
Warning: No match for E-Mail Address and/or Password.)</a> <!-- method navigator-link -->
                      </span>
                      <br/>
                      <span>
                        <img src="passed.png" width="3%"/>
                        <a href="#" panel-name="suite-Suite" title="testcases.TestLogin" class="method navigator-link" hash-for-method="testLoginWithValidCredentials">testLoginWithValidCredentials</a> <!-- method navigator-link -->
                      </span>
                      <br/>
                      <span>
                        <img src="passed.png" width="3%"/>
                        <a href="#" panel-name="suite-Suite" title="testcases.TestCheckout" class="method navigator-link" hash-for-method="testOpenCheckout">testOpenCheckout</a> <!-- method navigator-link -->
                      </span>
                      <br/>
                      <span>
                        <img src="passed.png" width="3%"/>
                        <a href="#" panel-name="suite-Suite" title="testcases.TestShoppingCart" class="method navigator-link" hash-for-method="testOpenShoppingCart">testOpenShoppingCart</a> <!-- method navigator-link -->
                      </span>
                      <br/>
                      <span>
                        <img src="passed.png" width="3%"/>
                        <a href="#" panel-name="suite-Suite" title="testcases.TestShoppingCart" class="method navigator-link" hash-for-method="testRemoveProductFromCart">testRemoveProductFromCart</a> <!-- method navigator-link -->
                      </span>
                      <br/>
                      <span>
                        <img src="passed.png" width="3%"/>
                        <a href="#" panel-name="suite-Suite" title="testcases.TestRegister" class="method navigator-link" hash-for-method="testWithInvalidCredential(tefabax, laymro, tefabax442@laymro.com, , Dhanmondi, Bd@12345678, Bd@12345678, By.xpath: //div[@clas...)">testWithInvalidCredential(tefabax, laymro, tefabax442@laymro.com, , Dhanmondi, Bd@12345678, Bd@12345678, By.xpath: //div[@clas...)</a> <!-- method navigator-link -->
                      </span>
                      <br/>
                      <span>
                        <img src="passed.png" width="3%"/>
                        <a href="#" panel-name="suite-Suite" title="testcases.TestRegister" class="method navigator-link" hash-for-method="testWithInvalidCredential(tefabax, laymro, tefabax442@laymro.com, 01923320029, Dhanmondi, Bd, Bd, By.xpath: //span[normalize-s...)">testWithInvalidCredential(tefabax, laymro, tefabax442@laymro.com, 01923320029, Dhanmondi, Bd, Bd, By.xpath: //span[normalize-s...)</a> <!-- method navigator-link -->
                      </span>
                      <br/>
                      <span>
                        <img src="passed.png" width="3%"/>
                        <a href="#" panel-name="suite-Suite" title="testcases.TestRegister" class="method navigator-link" hash-for-method="testWithInvalidCredential(tefabax, laymro, tefabax442@laymro.com, 01923320029, Dhanmondi, Bd12345678, Bd12345678, By.xpath: //...)">testWithInvalidCredential(tefabax, laymro, tefabax442@laymro.com, 01923320029, Dhanmondi, Bd12345678, Bd12345678, By.xpath: //...)</a> <!-- method navigator-link -->
                      </span>
                      <br/>
                      <span>
                        <img src="passed.png" width="3%"/>
                        <a href="#" panel-name="suite-Suite" title="testcases.TestRegister" class="method navigator-link" hash-for-method="testWithInvalidCredential(tefabax, laymro, tefabax442@laymro.com, 01923320029, Dhanmondi, Bd@, Bd@, By.xpath: //span[normalize...)">testWithInvalidCredential(tefabax, laymro, tefabax442@laymro.com, 01923320029, Dhanmondi, Bd@, Bd@, By.xpath: //span[normalize...)</a> <!-- method navigator-link -->
                      </span>
                      <br/>
                      <span>
                        <img src="passed.png" width="3%"/>
                        <a href="#" panel-name="suite-Suite" title="testcases.TestRegister" class="method navigator-link" hash-for-method="testWithInvalidCredential(tefabax, , tefabax442@laymro.com, 01923320029, Dhanmondi, Bd@12345678, Bd@12345678, By.xpath: //span...)">testWithInvalidCredential(tefabax, , tefabax442@laymro.com, 01923320029, Dhanmondi, Bd@12345678, Bd@12345678, By.xpath: //span...)</a> <!-- method navigator-link -->
                      </span>
                      <br/>
                      <span>
                        <img src="passed.png" width="3%"/>
                        <a href="#" panel-name="suite-Suite" title="testcases.TestRegister" class="method navigator-link" hash-for-method="testWithInvalidCredential(tefabax, laymro, tefabax442@laymro.com, 01923320029, Dhanmondi, d@12345678, d@12345678, By.xpath: //...)">testWithInvalidCredential(tefabax, laymro, tefabax442@laymro.com, 01923320029, Dhanmondi, d@12345678, d@12345678, By.xpath: //...)</a> <!-- method navigator-link -->
                      </span>
                      <br/>
                      <span>
                        <img src="passed.png" width="3%"/>
                        <a href="#" panel-name="suite-Suite" title="testcases.TestRegister" class="method navigator-link" hash-for-method="testWithInvalidCredential(tefabax, laymro, tefabax442@laymro.com, 01934578, Dhanmondi, Bd@12345678, Bd@12345678, By.xpath: //d...)">testWithInvalidCredential(tefabax, laymro, tefabax442@laymro.com, 01934578, Dhanmondi, Bd@12345678, Bd@12345678, By.xpath: //d...)</a> <!-- method navigator-link -->
                      </span>
                      <br/>
                      <span>
                        <img src="passed.png" width="3%"/>
                        <a href="#" panel-name="suite-Suite" title="testcases.TestRegister" class="method navigator-link" hash-for-method="testWithInvalidCredential(tefabax, laymro, tefabax442@laymro.com, 01923320029, Dhanmondi, B@12345678, B@12345678, By.xpath: //...)">testWithInvalidCredential(tefabax, laymro, tefabax442@laymro.com, 01923320029, Dhanmondi, B@12345678, B@12345678, By.xpath: //...)</a> <!-- method navigator-link -->
                      </span>
                      <br/>
                      <span>
                        <img src="passed.png" width="3%"/>
                        <a href="#" panel-name="suite-Suite" title="testcases.TestRegister" class="method navigator-link" hash-for-method="testWithInvalidCredential(tefabax, laymro, tefabax442@laymro.com, 01923320029, Dhanmondi, Bd@12345678, Bd@1, By.xpath: //span[...)">testWithInvalidCredential(tefabax, laymro, tefabax442@laymro.com, 01923320029, Dhanmondi, Bd@12345678, Bd@1, By.xpath: //span[...)</a> <!-- method navigator-link -->
                      </span>
                      <br/>
                      <span>
                        <img src="passed.png" width="3%"/>
                        <a href="#" panel-name="suite-Suite" title="testcases.TestRegister" class="method navigator-link" hash-for-method="testWithInvalidCredential(tefabax, laymro, tefabax442@l, 01923320029, Dhanmondi, Bd@12345678, Bd@12345678, By.xpath: //span[no...)">testWithInvalidCredential(tefabax, laymro, tefabax442@l, 01923320029, Dhanmondi, Bd@12345678, Bd@12345678, By.xpath: //span[no...)</a> <!-- method navigator-link -->
                      </span>
                      <br/>
                      <span>
                        <img src="passed.png" width="3%"/>
                        <a href="#" panel-name="suite-Suite" title="testcases.TestRegister" class="method navigator-link" hash-for-method="testWithInvalidCredential(tefabax, laymro, , 01923320029, Dhanmondi, Bd@12345678, Bd@12345678, By.xpath: //span[normalize-spac...)">testWithInvalidCredential(tefabax, laymro, , 01923320029, Dhanmondi, Bd@12345678, Bd@12345678, By.xpath: //span[normalize-spac...)</a> <!-- method navigator-link -->
                      </span>
                      <br/>
                      <span>
                        <img src="passed.png" width="3%"/>
                        <a href="#" panel-name="suite-Suite" title="testcases.TestRegister" class="method navigator-link" hash-for-method="testWithInvalidCredential(, laymro, tefabax442@laymro.com, 01923320029, Dhanmondi, Bd@12345678, Bd@12345678, By.xpath: //span[...)">testWithInvalidCredential(, laymro, tefabax442@laymro.com, 01923320029, Dhanmondi, Bd@12345678, Bd@12345678, By.xpath: //span[...)</a> <!-- method navigator-link -->
                      </span>
                      <br/>
                    </div> <!-- method-list-content passed suite-Suite -->
                  </li>
                </ul>
              </div> <!-- suite-section-content -->
            </div> <!-- result-section -->
          </div> <!-- navigator-suite-content -->
        </div> <!-- rounded-window -->
      </div> <!-- suite -->
    </div> <!-- navigator-root -->
    <div class="wrapper">
      <div class="main-panel-root">
        <div panel-name="suite-Suite" class="panel Suite">
          <div class="suite-Suite-class-failed">
            <div class="main-panel-header rounded-window-top">
              <img src="failed.png"/>
              <span class="class-name">testcases.TestShoppingCart</span>
            </div> <!-- main-panel-header rounded-window-top -->
            <div class="main-panel-content rounded-window-bottom">
              <div class="method">
                <div class="method-content">
                  <a name="testUpdateCart">
                  </a> <!-- testUpdateCart -->
                  <span class="method-name">testUpdateCart</span>
                  <div class="stack-trace">java.lang.AssertionError: expected [true] but found [false]
	at testcases.TestShoppingCart.testUpdateCart(TestShoppingCart.java:43)
	at java.base/java.util.concurrent.ThreadPoolExecutor.runWorker(ThreadPoolExecutor.java:1144)
	at java.base/java.util.concurrent.ThreadPoolExecutor$Worker.run(ThreadPoolExecutor.java:642)
	at java.base/java.lang.Thread.run(Thread.java:1623)
... Removed 14 stack frames
</div> <!-- stack-trace -->
                  <em>
(Verify that user can update the cart)                  </em>
                </div> <!-- method-content -->
              </div> <!-- method -->
            </div> <!-- main-panel-content rounded-window-bottom -->
          </div> <!-- suite-Suite-class-failed -->
          <div class="suite-Suite-class-failed">
            <div class="main-panel-header rounded-window-top">
              <img src="failed.png"/>
              <span class="class-name">testcases.TestProductAdd</span>
            </div> <!-- main-panel-header rounded-window-top -->
            <div class="main-panel-content rounded-window-bottom">
              <div class="method">
                <div class="method-content">
                  <a name="testSelectProduct">
                  </a> <!-- testSelectProduct -->
                  <span class="method-name">testSelectProduct</span>
                  <div class="stack-trace">org.openqa.selenium.ElementNotInteractableException: element not interactable
  (Session info: chrome=121.0.6167.161)
Build info: version: &apos;4.16.1&apos;, revision: &apos;9b4c83354e&apos;
System info: os.name: &apos;Windows 11&apos;, os.arch: &apos;amd64&apos;, os.version: &apos;10.0&apos;, java.version: &apos;20.0.1&apos;
Driver info: org.openqa.selenium.chrome.ChromeDriver
Command: [9ad01d3697d60bcb0cb1e24c9a1c49bb, clickElement {id=25B8068936C58F439B82C37A65DFEE7C_element_1892}]
Capabilities {acceptInsecureCerts: false, browserName: chrome, browserVersion: 121.0.6167.161, chrome: {chromedriverVersion: 121.0.6167.85 (3f98d690ad7e..., userDataDir: C:\Users\User\AppData\Local...}, fedcm:accounts: true, goog:chromeOptions: {debuggerAddress: localhost:11131}, networkConnectionEnabled: false, pageLoadStrategy: normal, platformName: windows, proxy: Proxy(), se:cdp: ws://localhost:11131/devtoo..., se:cdpVersion: 121.0.6167.161, setWindowRect: true, strictFileInteractability: false, timeouts: {implicit: 0, pageLoad: 300000, script: 30000}, unhandledPromptBehavior: dismiss and notify, webauthn:extension:credBlob: true, webauthn:extension:largeBlob: true, webauthn:extension:minPinLength: true, webauthn:extension:prf: true, webauthn:virtualAuthenticators: true}
Element: [[ChromeDriver: chrome on windows (9ad01d3697d60bcb0cb1e24c9a1c49bb)] -&gt; xpath: //a[normalize-space()=&apos;Non-Frost Refrigerator&apos;]]
Session ID: 9ad01d3697d60bcb0cb1e24c9a1c49bb
	at org.openqa.selenium.remote.codec.w3c.W3CHttpResponseCodec.createException(W3CHttpResponseCodec.java:200)
	at org.openqa.selenium.remote.codec.w3c.W3CHttpResponseCodec.decode(W3CHttpResponseCodec.java:133)
	at org.openqa.selenium.remote.codec.w3c.W3CHttpResponseCodec.decode(W3CHttpResponseCodec.java:52)
	at org.openqa.selenium.remote.HttpCommandExecutor.execute(HttpCommandExecutor.java:191)
	at org.openqa.selenium.remote.service.DriverCommandExecutor.invokeExecute(DriverCommandExecutor.java:200)
	at org.openqa.selenium.remote.service.DriverCommandExecutor.execute(DriverCommandExecutor.java:175)
	at org.openqa.selenium.remote.RemoteWebDriver.execute(RemoteWebDriver.java:523)
	at org.openqa.selenium.remote.RemoteWebElement.execute(RemoteWebElement.java:224)
	at org.openqa.selenium.remote.RemoteWebElement.click(RemoteWebElement.java:77)
	at pages.BasePage.clickOnElement(BasePage.java:28)
	at testcases.TestProductAdd.testSelectProduct(TestProductAdd.java:24)
	at java.base/java.util.concurrent.ThreadPoolExecutor.runWorker(ThreadPoolExecutor.java:1144)
	at java.base/java.util.concurrent.ThreadPoolExecutor$Worker.run(ThreadPoolExecutor.java:642)
	at java.base/java.lang.Thread.run(Thread.java:1623)
... Removed 13 stack frames
</div> <!-- stack-trace -->
                  <em>
(Verify that user can select a product)                  </em>
                </div> <!-- method-content -->
              </div> <!-- method -->
            </div> <!-- main-panel-content rounded-window-bottom -->
          </div> <!-- suite-Suite-class-failed -->
          <div class="suite-Suite-class-failed">
            <div class="main-panel-header rounded-window-top">
              <img src="failed.png"/>
              <span class="class-name">testcases.TestRegister</span>
            </div> <!-- main-panel-header rounded-window-top -->
            <div class="main-panel-content rounded-window-bottom">
              <div class="method">
                <div class="method-content">
                  <a name="testWithInvalidCredential(tefabax, laymro, tefabax442@laymro.com, 01923320029, 123456, Bd@12345678, Bd@12345678, By.xpath: //s...)">
                  </a> <!-- testWithInvalidCredential(tefabax, laymro, tefabax442@laymro.com, 01923320029, 123456, Bd@12345678, Bd@12345678, By.xpath: //s...) -->
                  <span class="method-name">testWithInvalidCredential</span>
                  <span class="parameters">(tefabax,laymro,tefabax442@laymro.com,01923320029,123456,Bd@12345678,Bd@12345678,By.xpath: //span[normalize-space()='Address must be between 3 and 128 characters!'],Address must be between 3 and 128 characters!)</span>
                  <div class="stack-trace">org.openqa.selenium.NoSuchElementException: no such element: Unable to locate element: {&quot;method&quot;:&quot;xpath&quot;,&quot;selector&quot;:&quot;//span[normalize-space()=&apos;Address must be between 3 and 128 characters!&apos;]&quot;}
  (Session info: chrome=121.0.6167.161)
For documentation on this error, please visit: https://www.selenium.dev/documentation/webdriver/troubleshooting/errors#no-such-element-exception
Build info: version: &apos;4.16.1&apos;, revision: &apos;9b4c83354e&apos;
System info: os.name: &apos;Windows 11&apos;, os.arch: &apos;amd64&apos;, os.version: &apos;10.0&apos;, java.version: &apos;20.0.1&apos;
Driver info: org.openqa.selenium.chrome.ChromeDriver
Command: [67d63f70a20185f2364db0fae41a104c, findElement {using=xpath, value=//span[normalize-space()=&apos;Address must be between 3 and 128 characters!&apos;]}]
Capabilities {acceptInsecureCerts: false, browserName: chrome, browserVersion: 121.0.6167.161, chrome: {chromedriverVersion: 121.0.6167.85 (3f98d690ad7e..., userDataDir: C:\Users\User\AppData\Local...}, fedcm:accounts: true, goog:chromeOptions: {debuggerAddress: localhost:12229}, networkConnectionEnabled: false, pageLoadStrategy: normal, platformName: windows, proxy: Proxy(), se:cdp: ws://localhost:12229/devtoo..., se:cdpVersion: 121.0.6167.161, setWindowRect: true, strictFileInteractability: false, timeouts: {implicit: 0, pageLoad: 300000, script: 30000}, unhandledPromptBehavior: dismiss and notify, webauthn:extension:credBlob: true, webauthn:extension:largeBlob: true, webauthn:extension:minPinLength: true, webauthn:extension:prf: true, webauthn:virtualAuthenticators: true}
Session ID: 67d63f70a20185f2364db0fae41a104c
	at org.openqa.selenium.remote.codec.w3c.W3CHttpResponseCodec.createException(W3CHttpResponseCodec.java:200)
	at org.openqa.selenium.remote.codec.w3c.W3CHttpResponseCodec.decode(W3CHttpResponseCodec.java:133)
	at org.openqa.selenium.remote.codec.w3c.W3CHttpResponseCodec.decode(W3CHttpResponseCodec.java:52)
	at org.openqa.selenium.remote.HttpCommandExecutor.execute(HttpCommandExecutor.java:191)
	at org.openqa.selenium.remote.service.DriverCommandExecutor.invokeExecute(DriverCommandExecutor.java:200)
	at org.openqa.selenium.remote.service.DriverCommandExecutor.execute(DriverCommandExecutor.java:175)
	at org.openqa.selenium.remote.RemoteWebDriver.execute(RemoteWebDriver.java:523)
	at org.openqa.selenium.remote.ElementLocation$ElementFinder$2.findElement(ElementLocation.java:165)
	at org.openqa.selenium.remote.ElementLocation.findElement(ElementLocation.java:59)
	at org.openqa.selenium.remote.RemoteWebDriver.findElement(RemoteWebDriver.java:360)
	at org.openqa.selenium.remote.RemoteWebDriver.findElement(RemoteWebDriver.java:354)
	at pages.BasePage.getElement(BasePage.java:23)
	at testcases.TestRegister.testWithInvalidCredential(TestRegister.java:35)
	at java.base/java.util.concurrent.ThreadPoolExecutor.runWorker(ThreadPoolExecutor.java:1144)
	at java.base/java.util.concurrent.ThreadPoolExecutor$Worker.run(ThreadPoolExecutor.java:642)
	at java.base/java.lang.Thread.run(Thread.java:1623)
... Removed 13 stack frames
</div> <!-- stack-trace -->
                  <em>
(Verify Register functionality with invalid credentials)                  </em>
                </div> <!-- method-content -->
              </div> <!-- method -->
              <div class="method">
                <div class="method-content">
                  <a name="testWithInvalidCredential(@@@##$, laymro, tefabax442@laymro.com, 01923320029, Dhanmondi, Bd@12345678, Bd@12345678, By.xpath: /...)">
                  </a> <!-- testWithInvalidCredential(@@@##$, laymro, tefabax442@laymro.com, 01923320029, Dhanmondi, Bd@12345678, Bd@12345678, By.xpath: /...) -->
                  <span class="method-name">testWithInvalidCredential</span>
                  <span class="parameters">(@@@##$,laymro,tefabax442@laymro.com,01923320029,Dhanmondi,Bd@12345678,Bd@12345678,By.xpath: //span[normalize-space()='First Name must be between 2 and 32 characters!'],First Name must be between 2 and 32 characters!)</span>
                  <div class="stack-trace">org.openqa.selenium.NoSuchElementException: no such element: Unable to locate element: {&quot;method&quot;:&quot;xpath&quot;,&quot;selector&quot;:&quot;//span[normalize-space()=&apos;First Name must be between 2 and 32 characters!&apos;]&quot;}
  (Session info: chrome=121.0.6167.161)
For documentation on this error, please visit: https://www.selenium.dev/documentation/webdriver/troubleshooting/errors#no-such-element-exception
Build info: version: &apos;4.16.1&apos;, revision: &apos;9b4c83354e&apos;
System info: os.name: &apos;Windows 11&apos;, os.arch: &apos;amd64&apos;, os.version: &apos;10.0&apos;, java.version: &apos;20.0.1&apos;
Driver info: org.openqa.selenium.chrome.ChromeDriver
Command: [ee07b336cd2816db3bfac5e8e117aa0b, findElement {using=xpath, value=//span[normalize-space()=&apos;First Name must be between 2 and 32 characters!&apos;]}]
Capabilities {acceptInsecureCerts: false, browserName: chrome, browserVersion: 121.0.6167.161, chrome: {chromedriverVersion: 121.0.6167.85 (3f98d690ad7e..., userDataDir: C:\Users\User\AppData\Local...}, fedcm:accounts: true, goog:chromeOptions: {debuggerAddress: localhost:11733}, networkConnectionEnabled: false, pageLoadStrategy: normal, platformName: windows, proxy: Proxy(), se:cdp: ws://localhost:11733/devtoo..., se:cdpVersion: 121.0.6167.161, setWindowRect: true, strictFileInteractability: false, timeouts: {implicit: 0, pageLoad: 300000, script: 30000}, unhandledPromptBehavior: dismiss and notify, webauthn:extension:credBlob: true, webauthn:extension:largeBlob: true, webauthn:extension:minPinLength: true, webauthn:extension:prf: true, webauthn:virtualAuthenticators: true}
Session ID: ee07b336cd2816db3bfac5e8e117aa0b
	at org.openqa.selenium.remote.codec.w3c.W3CHttpResponseCodec.createException(W3CHttpResponseCodec.java:200)
	at org.openqa.selenium.remote.codec.w3c.W3CHttpResponseCodec.decode(W3CHttpResponseCodec.java:133)
	at org.openqa.selenium.remote.codec.w3c.W3CHttpResponseCodec.decode(W3CHttpResponseCodec.java:52)
	at org.openqa.selenium.remote.HttpCommandExecutor.execute(HttpCommandExecutor.java:191)
	at org.openqa.selenium.remote.service.DriverCommandExecutor.invokeExecute(DriverCommandExecutor.java:200)
	at org.openqa.selenium.remote.service.DriverCommandExecutor.execute(DriverCommandExecutor.java:175)
	at org.openqa.selenium.remote.RemoteWebDriver.execute(RemoteWebDriver.java:523)
	at org.openqa.selenium.remote.ElementLocation$ElementFinder$2.findElement(ElementLocation.java:165)
	at org.openqa.selenium.remote.ElementLocation.findElement(ElementLocation.java:59)
	at org.openqa.selenium.remote.RemoteWebDriver.findElement(RemoteWebDriver.java:360)
	at org.openqa.selenium.remote.RemoteWebDriver.findElement(RemoteWebDriver.java:354)
	at pages.BasePage.getElement(BasePage.java:23)
	at testcases.TestRegister.testWithInvalidCredential(TestRegister.java:35)
	at java.base/java.util.concurrent.ThreadPoolExecutor.runWorker(ThreadPoolExecutor.java:1144)
	at java.base/java.util.concurrent.ThreadPoolExecutor$Worker.run(ThreadPoolExecutor.java:642)
	at java.base/java.lang.Thread.run(Thread.java:1623)
... Removed 13 stack frames
</div> <!-- stack-trace -->
                  <em>
(Verify Register functionality with invalid credentials)                  </em>
                </div> <!-- method-content -->
              </div> <!-- method -->
              <div class="method">
                <div class="method-content">
                  <a name="testWithInvalidCredential(tefa,,bax, laymro, tefabax442@laymro.com, 01923320029, Dhanmondi, Bd@12345678, Bd@12345678, By.xpath...)">
                  </a> <!-- testWithInvalidCredential(tefa,,bax, laymro, tefabax442@laymro.com, 01923320029, Dhanmondi, Bd@12345678, Bd@12345678, By.xpath...) -->
                  <span class="method-name">testWithInvalidCredential</span>
                  <span class="parameters">(tefa,,bax,laymro,tefabax442@laymro.com,01923320029,Dhanmondi,Bd@12345678,Bd@12345678,By.xpath: //span[normalize-space()='First Name must be between 2 and 32 characters!'],First Name must be between 2 and 32 characters!)</span>
                  <div class="stack-trace">org.openqa.selenium.NoSuchElementException: no such element: Unable to locate element: {&quot;method&quot;:&quot;xpath&quot;,&quot;selector&quot;:&quot;//span[normalize-space()=&apos;First Name must be between 2 and 32 characters!&apos;]&quot;}
  (Session info: chrome=121.0.6167.161)
For documentation on this error, please visit: https://www.selenium.dev/documentation/webdriver/troubleshooting/errors#no-such-element-exception
Build info: version: &apos;4.16.1&apos;, revision: &apos;9b4c83354e&apos;
System info: os.name: &apos;Windows 11&apos;, os.arch: &apos;amd64&apos;, os.version: &apos;10.0&apos;, java.version: &apos;20.0.1&apos;
Driver info: org.openqa.selenium.chrome.ChromeDriver
Command: [b4b2f93fe0472e443967d8877cb01869, findElement {using=xpath, value=//span[normalize-space()=&apos;First Name must be between 2 and 32 characters!&apos;]}]
Capabilities {acceptInsecureCerts: false, browserName: chrome, browserVersion: 121.0.6167.161, chrome: {chromedriverVersion: 121.0.6167.85 (3f98d690ad7e..., userDataDir: C:\Users\User\AppData\Local...}, fedcm:accounts: true, goog:chromeOptions: {debuggerAddress: localhost:11846}, networkConnectionEnabled: false, pageLoadStrategy: normal, platformName: windows, proxy: Proxy(), se:cdp: ws://localhost:11846/devtoo..., se:cdpVersion: 121.0.6167.161, setWindowRect: true, strictFileInteractability: false, timeouts: {implicit: 0, pageLoad: 300000, script: 30000}, unhandledPromptBehavior: dismiss and notify, webauthn:extension:credBlob: true, webauthn:extension:largeBlob: true, webauthn:extension:minPinLength: true, webauthn:extension:prf: true, webauthn:virtualAuthenticators: true}
Session ID: b4b2f93fe0472e443967d8877cb01869
	at org.openqa.selenium.remote.codec.w3c.W3CHttpResponseCodec.createException(W3CHttpResponseCodec.java:200)
	at org.openqa.selenium.remote.codec.w3c.W3CHttpResponseCodec.decode(W3CHttpResponseCodec.java:133)
	at org.openqa.selenium.remote.codec.w3c.W3CHttpResponseCodec.decode(W3CHttpResponseCodec.java:52)
	at org.openqa.selenium.remote.HttpCommandExecutor.execute(HttpCommandExecutor.java:191)
	at org.openqa.selenium.remote.service.DriverCommandExecutor.invokeExecute(DriverCommandExecutor.java:200)
	at org.openqa.selenium.remote.service.DriverCommandExecutor.execute(DriverCommandExecutor.java:175)
	at org.openqa.selenium.remote.RemoteWebDriver.execute(RemoteWebDriver.java:523)
	at org.openqa.selenium.remote.ElementLocation$ElementFinder$2.findElement(ElementLocation.java:165)
	at org.openqa.selenium.remote.ElementLocation.findElement(ElementLocation.java:59)
	at org.openqa.selenium.remote.RemoteWebDriver.findElement(RemoteWebDriver.java:360)
	at org.openqa.selenium.remote.RemoteWebDriver.findElement(RemoteWebDriver.java:354)
	at pages.BasePage.getElement(BasePage.java:23)
	at testcases.TestRegister.testWithInvalidCredential(TestRegister.java:35)
	at java.base/java.util.concurrent.ThreadPoolExecutor.runWorker(ThreadPoolExecutor.java:1144)
	at java.base/java.util.concurrent.ThreadPoolExecutor$Worker.run(ThreadPoolExecutor.java:642)
	at java.base/java.lang.Thread.run(Thread.java:1623)
... Removed 13 stack frames
</div> <!-- stack-trace -->
                  <em>
(Verify Register functionality with invalid credentials)                  </em>
                </div> <!-- method-content -->
              </div> <!-- method -->
              <div class="method">
                <div class="method-content">
                  <a name="testWithInvalidCredential(tefabax, lay,,mro, tefabax442@laymro.com, 01923320029, Dhanmondi, Bd@12345678, Bd@12345678, By.xpath...)">
                  </a> <!-- testWithInvalidCredential(tefabax, lay,,mro, tefabax442@laymro.com, 01923320029, Dhanmondi, Bd@12345678, Bd@12345678, By.xpath...) -->
                  <span class="method-name">testWithInvalidCredential</span>
                  <span class="parameters">(tefabax,lay,,mro,tefabax442@laymro.com,01923320029,Dhanmondi,Bd@12345678,Bd@12345678,By.xpath: //span[normalize-space()='Last Name must be between 2 and 32 characters!'],Last Name must be between 2 and 32 characters!)</span>
                  <div class="stack-trace">org.openqa.selenium.NoSuchElementException: no such element: Unable to locate element: {&quot;method&quot;:&quot;xpath&quot;,&quot;selector&quot;:&quot;//span[normalize-space()=&apos;Last Name must be between 2 and 32 characters!&apos;]&quot;}
  (Session info: chrome=121.0.6167.161)
For documentation on this error, please visit: https://www.selenium.dev/documentation/webdriver/troubleshooting/errors#no-such-element-exception
Build info: version: &apos;4.16.1&apos;, revision: &apos;9b4c83354e&apos;
System info: os.name: &apos;Windows 11&apos;, os.arch: &apos;amd64&apos;, os.version: &apos;10.0&apos;, java.version: &apos;20.0.1&apos;
Driver info: org.openqa.selenium.chrome.ChromeDriver
Command: [ce94d3b5e46887dbb7a992be95706bf4, findElement {using=xpath, value=//span[normalize-space()=&apos;Last Name must be between 2 and 32 characters!&apos;]}]
Capabilities {acceptInsecureCerts: false, browserName: chrome, browserVersion: 121.0.6167.161, chrome: {chromedriverVersion: 121.0.6167.85 (3f98d690ad7e..., userDataDir: C:\Users\User\AppData\Local...}, fedcm:accounts: true, goog:chromeOptions: {debuggerAddress: localhost:11968}, networkConnectionEnabled: false, pageLoadStrategy: normal, platformName: windows, proxy: Proxy(), se:cdp: ws://localhost:11968/devtoo..., se:cdpVersion: 121.0.6167.161, setWindowRect: true, strictFileInteractability: false, timeouts: {implicit: 0, pageLoad: 300000, script: 30000}, unhandledPromptBehavior: dismiss and notify, webauthn:extension:credBlob: true, webauthn:extension:largeBlob: true, webauthn:extension:minPinLength: true, webauthn:extension:prf: true, webauthn:virtualAuthenticators: true}
Session ID: ce94d3b5e46887dbb7a992be95706bf4
	at org.openqa.selenium.remote.codec.w3c.W3CHttpResponseCodec.createException(W3CHttpResponseCodec.java:200)
	at org.openqa.selenium.remote.codec.w3c.W3CHttpResponseCodec.decode(W3CHttpResponseCodec.java:133)
	at org.openqa.selenium.remote.codec.w3c.W3CHttpResponseCodec.decode(W3CHttpResponseCodec.java:52)
	at org.openqa.selenium.remote.HttpCommandExecutor.execute(HttpCommandExecutor.java:191)
	at org.openqa.selenium.remote.service.DriverCommandExecutor.invokeExecute(DriverCommandExecutor.java:200)
	at org.openqa.selenium.remote.service.DriverCommandExecutor.execute(DriverCommandExecutor.java:175)
	at org.openqa.selenium.remote.RemoteWebDriver.execute(RemoteWebDriver.java:523)
	at org.openqa.selenium.remote.ElementLocation$ElementFinder$2.findElement(ElementLocation.java:165)
	at org.openqa.selenium.remote.ElementLocation.findElement(ElementLocation.java:59)
	at org.openqa.selenium.remote.RemoteWebDriver.findElement(RemoteWebDriver.java:360)
	at org.openqa.selenium.remote.RemoteWebDriver.findElement(RemoteWebDriver.java:354)
	at pages.BasePage.getElement(BasePage.java:23)
	at testcases.TestRegister.testWithInvalidCredential(TestRegister.java:35)
	at java.base/java.util.concurrent.ThreadPoolExecutor.runWorker(ThreadPoolExecutor.java:1144)
	at java.base/java.util.concurrent.ThreadPoolExecutor$Worker.run(ThreadPoolExecutor.java:642)
	at java.base/java.lang.Thread.run(Thread.java:1623)
... Removed 13 stack frames
</div> <!-- stack-trace -->
                  <em>
(Verify Register functionality with invalid credentials)                  </em>
                </div> <!-- method-content -->
              </div> <!-- method -->
              <div class="method">
                <div class="method-content">
                  <a name="testWithInvalidCredential(tefabax, laymro, tefabax442@laymro.com, 01923320029, @@@@##, Bd@12345678, Bd@12345678, By.xpath: //s...)">
                  </a> <!-- testWithInvalidCredential(tefabax, laymro, tefabax442@laymro.com, 01923320029, @@@@##, Bd@12345678, Bd@12345678, By.xpath: //s...) -->
                  <span class="method-name">testWithInvalidCredential</span>
                  <span class="parameters">(tefabax,laymro,tefabax442@laymro.com,01923320029,@@@@##,Bd@12345678,Bd@12345678,By.xpath: //span[normalize-space()='Address must be between 3 and 128 characters!'],Address must be between 3 and 128 characters!)</span>
                  <div class="stack-trace">org.openqa.selenium.NoSuchElementException: no such element: Unable to locate element: {&quot;method&quot;:&quot;xpath&quot;,&quot;selector&quot;:&quot;//span[normalize-space()=&apos;Address must be between 3 and 128 characters!&apos;]&quot;}
  (Session info: chrome=121.0.6167.161)
For documentation on this error, please visit: https://www.selenium.dev/documentation/webdriver/troubleshooting/errors#no-such-element-exception
Build info: version: &apos;4.16.1&apos;, revision: &apos;9b4c83354e&apos;
System info: os.name: &apos;Windows 11&apos;, os.arch: &apos;amd64&apos;, os.version: &apos;10.0&apos;, java.version: &apos;20.0.1&apos;
Driver info: org.openqa.selenium.chrome.ChromeDriver
Command: [4ad9135a208b9b0ec0a3c483a15234ff, findElement {using=xpath, value=//span[normalize-space()=&apos;Address must be between 3 and 128 characters!&apos;]}]
Capabilities {acceptInsecureCerts: false, browserName: chrome, browserVersion: 121.0.6167.161, chrome: {chromedriverVersion: 121.0.6167.85 (3f98d690ad7e..., userDataDir: C:\Users\User\AppData\Local...}, fedcm:accounts: true, goog:chromeOptions: {debuggerAddress: localhost:12187}, networkConnectionEnabled: false, pageLoadStrategy: normal, platformName: windows, proxy: Proxy(), se:cdp: ws://localhost:12187/devtoo..., se:cdpVersion: 121.0.6167.161, setWindowRect: true, strictFileInteractability: false, timeouts: {implicit: 0, pageLoad: 300000, script: 30000}, unhandledPromptBehavior: dismiss and notify, webauthn:extension:credBlob: true, webauthn:extension:largeBlob: true, webauthn:extension:minPinLength: true, webauthn:extension:prf: true, webauthn:virtualAuthenticators: true}
Session ID: 4ad9135a208b9b0ec0a3c483a15234ff
	at org.openqa.selenium.remote.codec.w3c.W3CHttpResponseCodec.createException(W3CHttpResponseCodec.java:200)
	at org.openqa.selenium.remote.codec.w3c.W3CHttpResponseCodec.decode(W3CHttpResponseCodec.java:133)
	at org.openqa.selenium.remote.codec.w3c.W3CHttpResponseCodec.decode(W3CHttpResponseCodec.java:52)
	at org.openqa.selenium.remote.HttpCommandExecutor.execute(HttpCommandExecutor.java:191)
	at org.openqa.selenium.remote.service.DriverCommandExecutor.invokeExecute(DriverCommandExecutor.java:200)
	at org.openqa.selenium.remote.service.DriverCommandExecutor.execute(DriverCommandExecutor.java:175)
	at org.openqa.selenium.remote.RemoteWebDriver.execute(RemoteWebDriver.java:523)
	at org.openqa.selenium.remote.ElementLocation$ElementFinder$2.findElement(ElementLocation.java:165)
	at org.openqa.selenium.remote.ElementLocation.findElement(ElementLocation.java:59)
	at org.openqa.selenium.remote.RemoteWebDriver.findElement(RemoteWebDriver.java:360)
	at org.openqa.selenium.remote.RemoteWebDriver.findElement(RemoteWebDriver.java:354)
	at pages.BasePage.getElement(BasePage.java:23)
	at testcases.TestRegister.testWithInvalidCredential(TestRegister.java:35)
	at java.base/java.util.concurrent.ThreadPoolExecutor.runWorker(ThreadPoolExecutor.java:1144)
	at java.base/java.util.concurrent.ThreadPoolExecutor$Worker.run(ThreadPoolExecutor.java:642)
	at java.base/java.lang.Thread.run(Thread.java:1623)
... Removed 13 stack frames
</div> <!-- stack-trace -->
                  <em>
(Verify Register functionality with invalid credentials)                  </em>
                </div> <!-- method-content -->
              </div> <!-- method -->
              <div class="method">
                <div class="method-content">
                  <a name="testWithInvalidCredential(tefabax, @@@##$, tefabax442@laymro.com, 01923320029, Dhanmondi, Bd@12345678, Bd@12345678, By.xpath: ...)">
                  </a> <!-- testWithInvalidCredential(tefabax, @@@##$, tefabax442@laymro.com, 01923320029, Dhanmondi, Bd@12345678, Bd@12345678, By.xpath: ...) -->
                  <span class="method-name">testWithInvalidCredential</span>
                  <span class="parameters">(tefabax,@@@##$,tefabax442@laymro.com,01923320029,Dhanmondi,Bd@12345678,Bd@12345678,By.xpath: //span[normalize-space()='Last Name must be between 2 and 32 characters!'],Last Name must be between 2 and 32 characters!)</span>
                  <div class="stack-trace">org.openqa.selenium.NoSuchElementException: no such element: Unable to locate element: {&quot;method&quot;:&quot;xpath&quot;,&quot;selector&quot;:&quot;//span[normalize-space()=&apos;Last Name must be between 2 and 32 characters!&apos;]&quot;}
  (Session info: chrome=121.0.6167.161)
For documentation on this error, please visit: https://www.selenium.dev/documentation/webdriver/troubleshooting/errors#no-such-element-exception
Build info: version: &apos;4.16.1&apos;, revision: &apos;9b4c83354e&apos;
System info: os.name: &apos;Windows 11&apos;, os.arch: &apos;amd64&apos;, os.version: &apos;10.0&apos;, java.version: &apos;20.0.1&apos;
Driver info: org.openqa.selenium.chrome.ChromeDriver
Command: [29792317dd76bded5716625b523055c9, findElement {using=xpath, value=//span[normalize-space()=&apos;Last Name must be between 2 and 32 characters!&apos;]}]
Capabilities {acceptInsecureCerts: false, browserName: chrome, browserVersion: 121.0.6167.161, chrome: {chromedriverVersion: 121.0.6167.85 (3f98d690ad7e..., userDataDir: C:\Users\User\AppData\Local...}, fedcm:accounts: true, goog:chromeOptions: {debuggerAddress: localhost:11926}, networkConnectionEnabled: false, pageLoadStrategy: normal, platformName: windows, proxy: Proxy(), se:cdp: ws://localhost:11926/devtoo..., se:cdpVersion: 121.0.6167.161, setWindowRect: true, strictFileInteractability: false, timeouts: {implicit: 0, pageLoad: 300000, script: 30000}, unhandledPromptBehavior: dismiss and notify, webauthn:extension:credBlob: true, webauthn:extension:largeBlob: true, webauthn:extension:minPinLength: true, webauthn:extension:prf: true, webauthn:virtualAuthenticators: true}
Session ID: 29792317dd76bded5716625b523055c9
	at org.openqa.selenium.remote.codec.w3c.W3CHttpResponseCodec.createException(W3CHttpResponseCodec.java:200)
	at org.openqa.selenium.remote.codec.w3c.W3CHttpResponseCodec.decode(W3CHttpResponseCodec.java:133)
	at org.openqa.selenium.remote.codec.w3c.W3CHttpResponseCodec.decode(W3CHttpResponseCodec.java:52)
	at org.openqa.selenium.remote.HttpCommandExecutor.execute(HttpCommandExecutor.java:191)
	at org.openqa.selenium.remote.service.DriverCommandExecutor.invokeExecute(DriverCommandExecutor.java:200)
	at org.openqa.selenium.remote.service.DriverCommandExecutor.execute(DriverCommandExecutor.java:175)
	at org.openqa.selenium.remote.RemoteWebDriver.execute(RemoteWebDriver.java:523)
	at org.openqa.selenium.remote.ElementLocation$ElementFinder$2.findElement(ElementLocation.java:165)
	at org.openqa.selenium.remote.ElementLocation.findElement(ElementLocation.java:59)
	at org.openqa.selenium.remote.RemoteWebDriver.findElement(RemoteWebDriver.java:360)
	at org.openqa.selenium.remote.RemoteWebDriver.findElement(RemoteWebDriver.java:354)
	at pages.BasePage.getElement(BasePage.java:23)
	at testcases.TestRegister.testWithInvalidCredential(TestRegister.java:35)
	at java.base/java.util.concurrent.ThreadPoolExecutor.runWorker(ThreadPoolExecutor.java:1144)
	at java.base/java.util.concurrent.ThreadPoolExecutor$Worker.run(ThreadPoolExecutor.java:642)
	at java.base/java.lang.Thread.run(Thread.java:1623)
... Removed 13 stack frames
</div> <!-- stack-trace -->
                  <em>
(Verify Register functionality with invalid credentials)                  </em>
                </div> <!-- method-content -->
              </div> <!-- method -->
              <div class="method">
                <div class="method-content">
                  <a name="testWithInvalidCredential(tefabax, laymro, tefabax442@laymro.com, 01000000000, Dhanmondi, Bd@12345678, Bd@12345678, By.xpath: ...)">
                  </a> <!-- testWithInvalidCredential(tefabax, laymro, tefabax442@laymro.com, 01000000000, Dhanmondi, Bd@12345678, Bd@12345678, By.xpath: ...) -->
                  <span class="method-name">testWithInvalidCredential</span>
                  <span class="parameters">(tefabax,laymro,tefabax442@laymro.com,01000000000,Dhanmondi,Bd@12345678,Bd@12345678,By.xpath: //div[@class='panel-body']//div[2]//div[1]//div[2]//span[1],Please enter 11 digits valid mobile number!
(01XXXXXXXXX))</span>
                  <div class="stack-trace">org.openqa.selenium.NoSuchElementException: no such element: Unable to locate element: {&quot;method&quot;:&quot;xpath&quot;,&quot;selector&quot;:&quot;//div[@class=&apos;panel-body&apos;]//div[2]//div[1]//div[2]//span[1]&quot;}
  (Session info: chrome=121.0.6167.161)
For documentation on this error, please visit: https://www.selenium.dev/documentation/webdriver/troubleshooting/errors#no-such-element-exception
Build info: version: &apos;4.16.1&apos;, revision: &apos;9b4c83354e&apos;
System info: os.name: &apos;Windows 11&apos;, os.arch: &apos;amd64&apos;, os.version: &apos;10.0&apos;, java.version: &apos;20.0.1&apos;
Driver info: org.openqa.selenium.chrome.ChromeDriver
Command: [25c95e32acec08538d5bd781f0b47c2c, findElement {using=xpath, value=//div[@class=&apos;panel-body&apos;]//div[2]//div[1]//div[2]//span[1]}]
Capabilities {acceptInsecureCerts: false, browserName: chrome, browserVersion: 121.0.6167.161, chrome: {chromedriverVersion: 121.0.6167.85 (3f98d690ad7e..., userDataDir: C:\Users\User\AppData\Local...}, fedcm:accounts: true, goog:chromeOptions: {debuggerAddress: localhost:12110}, networkConnectionEnabled: false, pageLoadStrategy: normal, platformName: windows, proxy: Proxy(), se:cdp: ws://localhost:12110/devtoo..., se:cdpVersion: 121.0.6167.161, setWindowRect: true, strictFileInteractability: false, timeouts: {implicit: 0, pageLoad: 300000, script: 30000}, unhandledPromptBehavior: dismiss and notify, webauthn:extension:credBlob: true, webauthn:extension:largeBlob: true, webauthn:extension:minPinLength: true, webauthn:extension:prf: true, webauthn:virtualAuthenticators: true}
Session ID: 25c95e32acec08538d5bd781f0b47c2c
	at org.openqa.selenium.remote.codec.w3c.W3CHttpResponseCodec.createException(W3CHttpResponseCodec.java:200)
	at org.openqa.selenium.remote.codec.w3c.W3CHttpResponseCodec.decode(W3CHttpResponseCodec.java:133)
	at org.openqa.selenium.remote.codec.w3c.W3CHttpResponseCodec.decode(W3CHttpResponseCodec.java:52)
	at org.openqa.selenium.remote.HttpCommandExecutor.execute(HttpCommandExecutor.java:191)
	at org.openqa.selenium.remote.service.DriverCommandExecutor.invokeExecute(DriverCommandExecutor.java:200)
	at org.openqa.selenium.remote.service.DriverCommandExecutor.execute(DriverCommandExecutor.java:175)
	at org.openqa.selenium.remote.RemoteWebDriver.execute(RemoteWebDriver.java:523)
	at org.openqa.selenium.remote.ElementLocation$ElementFinder$2.findElement(ElementLocation.java:165)
	at org.openqa.selenium.remote.ElementLocation.findElement(ElementLocation.java:59)
	at org.openqa.selenium.remote.RemoteWebDriver.findElement(RemoteWebDriver.java:360)
	at org.openqa.selenium.remote.RemoteWebDriver.findElement(RemoteWebDriver.java:354)
	at pages.BasePage.getElement(BasePage.java:23)
	at testcases.TestRegister.testWithInvalidCredential(TestRegister.java:35)
	at java.base/java.util.concurrent.ThreadPoolExecutor.runWorker(ThreadPoolExecutor.java:1144)
	at java.base/java.util.concurrent.ThreadPoolExecutor$Worker.run(ThreadPoolExecutor.java:642)
	at java.base/java.lang.Thread.run(Thread.java:1623)
... Removed 13 stack frames
</div> <!-- stack-trace -->
                  <em>
(Verify Register functionality with invalid credentials)                  </em>
                </div> <!-- method-content -->
              </div> <!-- method -->
            </div> <!-- main-panel-content rounded-window-bottom -->
          </div> <!-- suite-Suite-class-failed -->
          <div class="suite-Suite-class-passed">
            <div class="main-panel-header rounded-window-top">
              <img src="passed.png"/>
              <span class="class-name">testcases.TestShoppingCart</span>
            </div> <!-- main-panel-header rounded-window-top -->
            <div class="main-panel-content rounded-window-bottom">
              <div class="method">
                <div class="method-content">
                  <a name="testOpenShoppingCart">
                  </a> <!-- testOpenShoppingCart -->
                  <span class="method-name">testOpenShoppingCart</span>
                  <em>
(Verify that shopping cart should open)                  </em>
                </div> <!-- method-content -->
              </div> <!-- method -->
              <div class="method">
                <div class="method-content">
                  <a name="testRemoveProductFromCart">
                  </a> <!-- testRemoveProductFromCart -->
                  <span class="method-name">testRemoveProductFromCart</span>
                  <em>
(Verify that product should be remove from the cart)                  </em>
                </div> <!-- method-content -->
              </div> <!-- method -->
            </div> <!-- main-panel-content rounded-window-bottom -->
          </div> <!-- suite-Suite-class-passed -->
          <div class="suite-Suite-class-passed">
            <div class="main-panel-header rounded-window-top">
              <img src="passed.png"/>
              <span class="class-name">testcases.TestCheckout</span>
            </div> <!-- main-panel-header rounded-window-top -->
            <div class="main-panel-content rounded-window-bottom">
              <div class="method">
                <div class="method-content">
                  <a name="testCheckout">
                  </a> <!-- testCheckout -->
                  <span class="method-name">testCheckout</span>
                  <em>
(Verify that user can perform checkout process)                  </em>
                </div> <!-- method-content -->
              </div> <!-- method -->
              <div class="method">
                <div class="method-content">
                  <a name="testOpenCheckout">
                  </a> <!-- testOpenCheckout -->
                  <span class="method-name">testOpenCheckout</span>
                  <em>
(Verify that user should open checkout option)                  </em>
                </div> <!-- method-content -->
              </div> <!-- method -->
            </div> <!-- main-panel-content rounded-window-bottom -->
          </div> <!-- suite-Suite-class-passed -->
          <div class="suite-Suite-class-passed">
            <div class="main-panel-header rounded-window-top">
              <img src="passed.png"/>
              <span class="class-name">testcases.TestProductAdd</span>
            </div> <!-- main-panel-header rounded-window-top -->
            <div class="main-panel-content rounded-window-bottom">
              <div class="method">
                <div class="method-content">
                  <a name="testAddToCart">
                  </a> <!-- testAddToCart -->
                  <span class="method-name">testAddToCart</span>
                  <em>
(Verify that user can add product to cart)                  </em>
                </div> <!-- method-content -->
              </div> <!-- method -->
            </div> <!-- main-panel-content rounded-window-bottom -->
          </div> <!-- suite-Suite-class-passed -->
          <div class="suite-Suite-class-passed">
            <div class="main-panel-header rounded-window-top">
              <img src="passed.png"/>
              <span class="class-name">testcases.TestRegister</span>
            </div> <!-- main-panel-header rounded-window-top -->
            <div class="main-panel-content rounded-window-bottom">
              <div class="method">
                <div class="method-content">
                  <a name="testWithInvalidCredential(tefabax, laymro, tefabax442@laymro.com, , Dhanmondi, Bd@12345678, Bd@12345678, By.xpath: //div[@clas...)">
                  </a> <!-- testWithInvalidCredential(tefabax, laymro, tefabax442@laymro.com, , Dhanmondi, Bd@12345678, Bd@12345678, By.xpath: //div[@clas...) -->
                  <span class="method-name">testWithInvalidCredential</span>
                  <span class="parameters">(tefabax,laymro,tefabax442@laymro.com,,Dhanmondi,Bd@12345678,Bd@12345678,By.xpath: //div[@class='panel-body']//div[2]//div[1]//div[2]//span[1],Please enter 11 digits valid mobile number!
(01XXXXXXXXX))</span>
                  <em>
(Verify Register functionality with invalid credentials)                  </em>
                </div> <!-- method-content -->
              </div> <!-- method -->
              <div class="method">
                <div class="method-content">
                  <a name="testWithInvalidCredential(tefabax, laymro, tefabax442@laymro.com, 01923320029, Dhanmondi, Bd, Bd, By.xpath: //span[normalize-s...)">
                  </a> <!-- testWithInvalidCredential(tefabax, laymro, tefabax442@laymro.com, 01923320029, Dhanmondi, Bd, Bd, By.xpath: //span[normalize-s...) -->
                  <span class="method-name">testWithInvalidCredential</span>
                  <span class="parameters">(tefabax,laymro,tefabax442@laymro.com,01923320029,Dhanmondi,Bd,Bd,By.xpath: //span[normalize-space()='Password too short.'],Password too short.)</span>
                  <em>
(Verify Register functionality with invalid credentials)                  </em>
                </div> <!-- method-content -->
              </div> <!-- method -->
              <div class="method">
                <div class="method-content">
                  <a name="testWithInvalidCredential(tefabax, laymro, tefabax442@laymro.com, 01923320029, Dhanmondi, Bd12345678, Bd12345678, By.xpath: //...)">
                  </a> <!-- testWithInvalidCredential(tefabax, laymro, tefabax442@laymro.com, 01923320029, Dhanmondi, Bd12345678, Bd12345678, By.xpath: //...) -->
                  <span class="method-name">testWithInvalidCredential</span>
                  <span class="parameters">(tefabax,laymro,tefabax442@laymro.com,01923320029,Dhanmondi,Bd12345678,Bd12345678,By.xpath: //span[contains(text(),'Password must include at least one special charact')],Password must include at least one special character.)</span>
                  <em>
(Verify Register functionality with invalid credentials)                  </em>
                </div> <!-- method-content -->
              </div> <!-- method -->
              <div class="method">
                <div class="method-content">
                  <a name="testWithInvalidCredential(tefabax, laymro, tefabax442@laymro.com, 01923320029, Dhanmondi, Bd@, Bd@, By.xpath: //span[normalize...)">
                  </a> <!-- testWithInvalidCredential(tefabax, laymro, tefabax442@laymro.com, 01923320029, Dhanmondi, Bd@, Bd@, By.xpath: //span[normalize...) -->
                  <span class="method-name">testWithInvalidCredential</span>
                  <span class="parameters">(tefabax,laymro,tefabax442@laymro.com,01923320029,Dhanmondi,Bd@,Bd@,By.xpath: //span[normalize-space()='Password must include at least one number.'],Password must include at least one number.)</span>
                  <em>
(Verify Register functionality with invalid credentials)                  </em>
                </div> <!-- method-content -->
              </div> <!-- method -->
              <div class="method">
                <div class="method-content">
                  <a name="testWithInvalidCredential(tefabax, , tefabax442@laymro.com, 01923320029, Dhanmondi, Bd@12345678, Bd@12345678, By.xpath: //span...)">
                  </a> <!-- testWithInvalidCredential(tefabax, , tefabax442@laymro.com, 01923320029, Dhanmondi, Bd@12345678, Bd@12345678, By.xpath: //span...) -->
                  <span class="method-name">testWithInvalidCredential</span>
                  <span class="parameters">(tefabax,,tefabax442@laymro.com,01923320029,Dhanmondi,Bd@12345678,Bd@12345678,By.xpath: //span[normalize-space()='Last Name must be between 2 and 32 characters!'],Last Name must be between 2 and 32 characters!)</span>
                  <em>
(Verify Register functionality with invalid credentials)                  </em>
                </div> <!-- method-content -->
              </div> <!-- method -->
              <div class="method">
                <div class="method-content">
                  <a name="testWithInvalidCredential(tefabax, laymro, tefabax442@laymro.com, 01923320029, Dhanmondi, d@12345678, d@12345678, By.xpath: //...)">
                  </a> <!-- testWithInvalidCredential(tefabax, laymro, tefabax442@laymro.com, 01923320029, Dhanmondi, d@12345678, d@12345678, By.xpath: //...) -->
                  <span class="method-name">testWithInvalidCredential</span>
                  <span class="parameters">(tefabax,laymro,tefabax442@laymro.com,01923320029,Dhanmondi,d@12345678,d@12345678,By.xpath: //span[contains(text(),'Password must include at least one uppercase lette')],Password must include at least one uppercase letter.)</span>
                  <em>
(Verify Register functionality with invalid credentials)                  </em>
                </div> <!-- method-content -->
              </div> <!-- method -->
              <div class="method">
                <div class="method-content">
                  <a name="testWithInvalidCredential(tefabax, laymro, tefabax442@laymro.com, 01934578, Dhanmondi, Bd@12345678, Bd@12345678, By.xpath: //d...)">
                  </a> <!-- testWithInvalidCredential(tefabax, laymro, tefabax442@laymro.com, 01934578, Dhanmondi, Bd@12345678, Bd@12345678, By.xpath: //d...) -->
                  <span class="method-name">testWithInvalidCredential</span>
                  <span class="parameters">(tefabax,laymro,tefabax442@laymro.com,01934578,Dhanmondi,Bd@12345678,Bd@12345678,By.xpath: //div[@class='panel-body']//div[2]//div[1]//div[2]//span[1],Please enter 11 digits valid mobile number!
(01XXXXXXXXX))</span>
                  <em>
(Verify Register functionality with invalid credentials)                  </em>
                </div> <!-- method-content -->
              </div> <!-- method -->
              <div class="method">
                <div class="method-content">
                  <a name="testWithInvalidCredential(tefabax, laymro, tefabax442@laymro.com, 01923320029, Dhanmondi, B@12345678, B@12345678, By.xpath: //...)">
                  </a> <!-- testWithInvalidCredential(tefabax, laymro, tefabax442@laymro.com, 01923320029, Dhanmondi, B@12345678, B@12345678, By.xpath: //...) -->
                  <span class="method-name">testWithInvalidCredential</span>
                  <span class="parameters">(tefabax,laymro,tefabax442@laymro.com,01923320029,Dhanmondi,B@12345678,B@12345678,By.xpath: //span[contains(text(),'Password must include at least one lowercase lette')],Password must include at least one lowercase letter.)</span>
                  <em>
(Verify Register functionality with invalid credentials)                  </em>
                </div> <!-- method-content -->
              </div> <!-- method -->
              <div class="method">
                <div class="method-content">
                  <a name="testWithInvalidCredential(tefabax, laymro, tefabax442@laymro.com, 01923320029, Dhanmondi, Bd@12345678, Bd@1, By.xpath: //span[...)">
                  </a> <!-- testWithInvalidCredential(tefabax, laymro, tefabax442@laymro.com, 01923320029, Dhanmondi, Bd@12345678, Bd@1, By.xpath: //span[...) -->
                  <span class="method-name">testWithInvalidCredential</span>
                  <span class="parameters">(tefabax,laymro,tefabax442@laymro.com,01923320029,Dhanmondi,Bd@12345678,Bd@1,By.xpath: //span[normalize-space()='Password confirmation does not match password!'],Password confirmation does not match password!)</span>
                  <em>
(Verify Register functionality with invalid credentials)                  </em>
                </div> <!-- method-content -->
              </div> <!-- method -->
              <div class="method">
                <div class="method-content">
                  <a name="testWithInvalidCredential(tefabax, laymro, tefabax442@l, 01923320029, Dhanmondi, Bd@12345678, Bd@12345678, By.xpath: //span[no...)">
                  </a> <!-- testWithInvalidCredential(tefabax, laymro, tefabax442@l, 01923320029, Dhanmondi, Bd@12345678, Bd@12345678, By.xpath: //span[no...) -->
                  <span class="method-name">testWithInvalidCredential</span>
                  <span class="parameters">(tefabax,laymro,tefabax442@l,01923320029,Dhanmondi,Bd@12345678,Bd@12345678,By.xpath: //span[normalize-space()='E-Mail Address does not appear to be valid!'],E-Mail Address does not appear to be valid!)</span>
                  <em>
(Verify Register functionality with invalid credentials)                  </em>
                </div> <!-- method-content -->
              </div> <!-- method -->
              <div class="method">
                <div class="method-content">
                  <a name="testWithInvalidCredential(tefabax, laymro, , 01923320029, Dhanmondi, Bd@12345678, Bd@12345678, By.xpath: //span[normalize-spac...)">
                  </a> <!-- testWithInvalidCredential(tefabax, laymro, , 01923320029, Dhanmondi, Bd@12345678, Bd@12345678, By.xpath: //span[normalize-spac...) -->
                  <span class="method-name">testWithInvalidCredential</span>
                  <span class="parameters">(tefabax,laymro,,01923320029,Dhanmondi,Bd@12345678,Bd@12345678,By.xpath: //span[normalize-space()='E-Mail Address does not appear to be valid!'],E-Mail Address does not appear to be valid!)</span>
                  <em>
(Verify Register functionality with invalid credentials)                  </em>
                </div> <!-- method-content -->
              </div> <!-- method -->
              <div class="method">
                <div class="method-content">
                  <a name="testWithInvalidCredential(, laymro, tefabax442@laymro.com, 01923320029, Dhanmondi, Bd@12345678, Bd@12345678, By.xpath: //span[...)">
                  </a> <!-- testWithInvalidCredential(, laymro, tefabax442@laymro.com, 01923320029, Dhanmondi, Bd@12345678, Bd@12345678, By.xpath: //span[...) -->
                  <span class="method-name">testWithInvalidCredential</span>
                  <span class="parameters">(,laymro,tefabax442@laymro.com,01923320029,Dhanmondi,Bd@12345678,Bd@12345678,By.xpath: //span[normalize-space()='First Name must be between 2 and 32 characters!'],First Name must be between 2 and 32 characters!)</span>
                  <em>
(Verify Register functionality with invalid credentials)                  </em>
                </div> <!-- method-content -->
              </div> <!-- method -->
            </div> <!-- main-panel-content rounded-window-bottom -->
          </div> <!-- suite-Suite-class-passed -->
          <div class="suite-Suite-class-passed">
            <div class="main-panel-header rounded-window-top">
              <img src="passed.png"/>
              <span class="class-name">testcases.TestLogin</span>
            </div> <!-- main-panel-header rounded-window-top -->
            <div class="main-panel-content rounded-window-bottom">
              <div class="method">
                <div class="method-content">
                  <a name="testLoginWithInvalidCredentials(favevi6671@konican.com, , ×
Warning: No match for E-Mail Address and/or Password.)">
                  </a> <!-- testLoginWithInvalidCredentials(favevi6671@konican.com, , ×
Warning: No match for E-Mail Address and/or Password.) -->
                  <span class="method-name">testLoginWithInvalidCredentials</span>
                  <span class="parameters">(favevi6671@konican.com,,×
Warning: No match for E-Mail Address and/or Password.)</span>
                  <em>
(Verifying login functionality with invalid credentials)                  </em>
                </div> <!-- method-content -->
              </div> <!-- method -->
              <div class="method">
                <div class="method-content">
                  <a name="testLoginWithInvalidCredentials(y587@58h5, ergwe4776, ×
Warning: No match for E-Mail Address and/or Password.)">
                  </a> <!-- testLoginWithInvalidCredentials(y587@58h5, ergwe4776, ×
Warning: No match for E-Mail Address and/or Password.) -->
                  <span class="method-name">testLoginWithInvalidCredentials</span>
                  <span class="parameters">(y587@58h5,ergwe4776,×
Warning: No match for E-Mail Address and/or Password.)</span>
                  <em>
(Verifying login functionality with invalid credentials)                  </em>
                </div> <!-- method-content -->
              </div> <!-- method -->
              <div class="method">
                <div class="method-content">
                  <a name="testLoginWithInvalidCredentials(dfdr@dhr, Bd@12345678, ×
Warning: No match for E-Mail Address and/or Password.)">
                  </a> <!-- testLoginWithInvalidCredentials(dfdr@dhr, Bd@12345678, ×
Warning: No match for E-Mail Address and/or Password.) -->
                  <span class="method-name">testLoginWithInvalidCredentials</span>
                  <span class="parameters">(dfdr@dhr,Bd@12345678,×
Warning: No match for E-Mail Address and/or Password.)</span>
                  <em>
(Verifying login functionality with invalid credentials)                  </em>
                </div> <!-- method-content -->
              </div> <!-- method -->
              <div class="method">
                <div class="method-content">
                  <a name="testLoginWithInvalidCredentials(favevi6671@konican.com, ergwe4776, ×
Warning: No match for E-Mail Address and/or Password.)">
                  </a> <!-- testLoginWithInvalidCredentials(favevi6671@konican.com, ergwe4776, ×
Warning: No match for E-Mail Address and/or Password.) -->
                  <span class="method-name">testLoginWithInvalidCredentials</span>
                  <span class="parameters">(favevi6671@konican.com,ergwe4776,×
Warning: No match for E-Mail Address and/or Password.)</span>
                  <em>
(Verifying login functionality with invalid credentials)                  </em>
                </div> <!-- method-content -->
              </div> <!-- method -->
              <div class="method">
                <div class="method-content">
                  <a name="testLoginWithInvalidCredentials(, Bd@12345678, ×
Warning: No match for E-Mail Address and/or Password.)">
                  </a> <!-- testLoginWithInvalidCredentials(, Bd@12345678, ×
Warning: No match for E-Mail Address and/or Password.) -->
                  <span class="method-name">testLoginWithInvalidCredentials</span>
                  <span class="parameters">(,Bd@12345678,×
Warning: No match for E-Mail Address and/or Password.)</span>
                  <em>
(Verifying login functionality with invalid credentials)                  </em>
                </div> <!-- method-content -->
              </div> <!-- method -->
              <div class="method">
                <div class="method-content">
                  <a name="testLoginWithInvalidCredentials(, , ×
Warning: No match for E-Mail Address and/or Password.)">
                  </a> <!-- testLoginWithInvalidCredentials(, , ×
Warning: No match for E-Mail Address and/or Password.) -->
                  <span class="method-name">testLoginWithInvalidCredentials</span>
                  <span class="parameters">(,,×
Warning: No match for E-Mail Address and/or Password.)</span>
                  <em>
(Verifying login functionality with invalid credentials)                  </em>
                </div> <!-- method-content -->
              </div> <!-- method -->
              <div class="method">
                <div class="method-content">
                  <a name="testLoginWithValidCredentials">
                  </a> <!-- testLoginWithValidCredentials -->
                  <span class="method-name">testLoginWithValidCredentials</span>
                  <em>
(Verifying login functionality with valid credentials)                  </em>
                </div> <!-- method-content -->
              </div> <!-- method -->
            </div> <!-- main-panel-content rounded-window-bottom -->
          </div> <!-- suite-Suite-class-passed -->
        </div> <!-- panel Suite -->
        <div panel-name="test-xml-Suite" class="panel">
          <div class="main-panel-header rounded-window-top">
            <span class="header-content">D:\SQA\Practice\WebAutomationPracticeProject\WebAutomation_Walton\testng.xml</span>
          </div> <!-- main-panel-header rounded-window-top -->
          <div class="main-panel-content rounded-window-bottom">
            <pre>
&lt;?xml version=&quot;1.0&quot; encoding=&quot;UTF-8&quot;?&gt;
&lt;!DOCTYPE suite SYSTEM &quot;https://testng.org/testng-1.0.dtd&quot;&gt;
&lt;suite parallel=&quot;methods&quot; name=&quot;Suite&quot; guice-stage=&quot;DEVELOPMENT&quot; verbose=&quot;0&quot;&gt;
  &lt;test thread-count=&quot;5&quot; parallel=&quot;methods&quot; name=&quot;Test&quot; verbose=&quot;0&quot;&gt;
    &lt;classes&gt;
      &lt;class name=&quot;testcases.TestProductAdd&quot;/&gt;
      &lt;class name=&quot;testcases.TestLogin&quot;/&gt;
      &lt;class name=&quot;testcases.TestCheckout&quot;/&gt;
      &lt;class name=&quot;testcases.TestShoppingCart&quot;/&gt;
      &lt;class name=&quot;testcases.TestRegister&quot;/&gt;
    &lt;/classes&gt;
  &lt;/test&gt; &lt;!-- Test --&gt;
&lt;/suite&gt; &lt;!-- Suite --&gt;
            </pre>
          </div> <!-- main-panel-content rounded-window-bottom -->
        </div> <!-- panel -->
        <div panel-name="testlist-Suite" class="panel">
          <div class="main-panel-header rounded-window-top">
            <span class="header-content">Tests for Suite</span>
          </div> <!-- main-panel-header rounded-window-top -->
          <div class="main-panel-content rounded-window-bottom">
            <ul>
              <li>
                <span class="test-name">Test (5 classes)</span>
              </li>
            </ul>
          </div> <!-- main-panel-content rounded-window-bottom -->
        </div> <!-- panel -->
        <div panel-name="group-Suite" class="panel">
          <div class="main-panel-header rounded-window-top">
            <span class="header-content">Groups for Suite</span>
          </div> <!-- main-panel-header rounded-window-top -->
          <div class="main-panel-content rounded-window-bottom">
          </div> <!-- main-panel-content rounded-window-bottom -->
        </div> <!-- panel -->
        <div panel-name="times-Suite" class="panel">
          <div class="main-panel-header rounded-window-top">
            <span class="header-content">Times for Suite</span>
          </div> <!-- main-panel-header rounded-window-top -->
          <div class="main-panel-content rounded-window-bottom">
            <div class="times-div">
              <script type="text/javascript">
suiteTableInitFunctions.push('tableData_Suite');
function tableData_Suite() {
var data = new google.visualization.DataTable();
data.addColumn('number', 'Number');
data.addColumn('string', 'Method');
data.addColumn('string', 'Class');
data.addColumn('number', 'Time (ms)');
data.addRows(33);
data.setCell(0, 0, 0)
data.setCell(0, 1, 'testCheckout')
data.setCell(0, 2, 'testcases.TestCheckout')
data.setCell(0, 3, 59713);
data.setCell(1, 0, 1)
data.setCell(1, 1, 'testOpenCheckout')
data.setCell(1, 2, 'testcases.TestCheckout')
data.setCell(1, 3, 45693);
data.setCell(2, 0, 2)
data.setCell(2, 1, 'testWithInvalidCredential')
data.setCell(2, 2, 'testcases.TestRegister')
data.setCell(2, 3, 45510);
data.setCell(3, 0, 3)
data.setCell(3, 1, 'testSelectProduct')
data.setCell(3, 2, 'testcases.TestProductAdd')
data.setCell(3, 3, 44363);
data.setCell(4, 0, 4)
data.setCell(4, 1, 'testWithInvalidCredential')
data.setCell(4, 2, 'testcases.TestRegister')
data.setCell(4, 3, 42668);
data.setCell(5, 0, 5)
data.setCell(5, 1, 'testWithInvalidCredential')
data.setCell(5, 2, 'testcases.TestRegister')
data.setCell(5, 3, 42502);
data.setCell(6, 0, 6)
data.setCell(6, 1, 'testWithInvalidCredential')
data.setCell(6, 2, 'testcases.TestRegister')
data.setCell(6, 3, 42032);
data.setCell(7, 0, 7)
data.setCell(7, 1, 'testWithInvalidCredential')
data.setCell(7, 2, 'testcases.TestRegister')
data.setCell(7, 3, 41558);
data.setCell(8, 0, 8)
data.setCell(8, 1, 'testWithInvalidCredential')
data.setCell(8, 2, 'testcases.TestRegister')
data.setCell(8, 3, 40354);
data.setCell(9, 0, 9)
data.setCell(9, 1, 'testWithInvalidCredential')
data.setCell(9, 2, 'testcases.TestRegister')
data.setCell(9, 3, 40167);
data.setCell(10, 0, 10)
data.setCell(10, 1, 'testOpenShoppingCart')
data.setCell(10, 2, 'testcases.TestShoppingCart')
data.setCell(10, 3, 40025);
data.setCell(11, 0, 11)
data.setCell(11, 1, 'testAddToCart')
data.setCell(11, 2, 'testcases.TestProductAdd')
data.setCell(11, 3, 39240);
data.setCell(12, 0, 12)
data.setCell(12, 1, 'testLoginWithInvalidCredentials')
data.setCell(12, 2, 'testcases.TestLogin')
data.setCell(12, 3, 31659);
data.setCell(13, 0, 13)
data.setCell(13, 1, 'testRemoveProductFromCart')
data.setCell(13, 2, 'testcases.TestShoppingCart')
data.setCell(13, 3, 29215);
data.setCell(14, 0, 14)
data.setCell(14, 1, 'testLoginWithValidCredentials')
data.setCell(14, 2, 'testcases.TestLogin')
data.setCell(14, 3, 27463);
data.setCell(15, 0, 15)
data.setCell(15, 1, 'testLoginWithInvalidCredentials')
data.setCell(15, 2, 'testcases.TestLogin')
data.setCell(15, 3, 26822);
data.setCell(16, 0, 16)
data.setCell(16, 1, 'testUpdateCart')
data.setCell(16, 2, 'testcases.TestShoppingCart')
data.setCell(16, 3, 25506);
data.setCell(17, 0, 17)
data.setCell(17, 1, 'testLoginWithInvalidCredentials')
data.setCell(17, 2, 'testcases.TestLogin')
data.setCell(17, 3, 20128);
data.setCell(18, 0, 18)
data.setCell(18, 1, 'testWithInvalidCredential')
data.setCell(18, 2, 'testcases.TestRegister')
data.setCell(18, 3, 18231);
data.setCell(19, 0, 19)
data.setCell(19, 1, 'testLoginWithInvalidCredentials')
data.setCell(19, 2, 'testcases.TestLogin')
data.setCell(19, 3, 16428);
data.setCell(20, 0, 20)
data.setCell(20, 1, 'testWithInvalidCredential')
data.setCell(20, 2, 'testcases.TestRegister')
data.setCell(20, 3, 14770);
data.setCell(21, 0, 21)
data.setCell(21, 1, 'testWithInvalidCredential')
data.setCell(21, 2, 'testcases.TestRegister')
data.setCell(21, 3, 14490);
data.setCell(22, 0, 22)
data.setCell(22, 1, 'testWithInvalidCredential')
data.setCell(22, 2, 'testcases.TestRegister')
data.setCell(22, 3, 13573);
data.setCell(23, 0, 23)
data.setCell(23, 1, 'testLoginWithInvalidCredentials')
data.setCell(23, 2, 'testcases.TestLogin')
data.setCell(23, 3, 13190);
data.setCell(24, 0, 24)
data.setCell(24, 1, 'testWithInvalidCredential')
data.setCell(24, 2, 'testcases.TestRegister')
data.setCell(24, 3, 12968);
data.setCell(25, 0, 25)
data.setCell(25, 1, 'testLoginWithInvalidCredentials')
data.setCell(25, 2, 'testcases.TestLogin')
data.setCell(25, 3, 12950);
data.setCell(26, 0, 26)
data.setCell(26, 1, 'testWithInvalidCredential')
data.setCell(26, 2, 'testcases.TestRegister')
data.setCell(26, 3, 12515);
data.setCell(27, 0, 27)
data.setCell(27, 1, 'testWithInvalidCredential')
data.setCell(27, 2, 'testcases.TestRegister')
data.setCell(27, 3, 11289);
data.setCell(28, 0, 28)
data.setCell(28, 1, 'testWithInvalidCredential')
data.setCell(28, 2, 'testcases.TestRegister')
data.setCell(28, 3, 11252);
data.setCell(29, 0, 29)
data.setCell(29, 1, 'testWithInvalidCredential')
data.setCell(29, 2, 'testcases.TestRegister')
data.setCell(29, 3, 11037);
data.setCell(30, 0, 30)
data.setCell(30, 1, 'testWithInvalidCredential')
data.setCell(30, 2, 'testcases.TestRegister')
data.setCell(30, 3, 11027);
data.setCell(31, 0, 31)
data.setCell(31, 1, 'testWithInvalidCredential')
data.setCell(31, 2, 'testcases.TestRegister')
data.setCell(31, 3, 10968);
data.setCell(32, 0, 32)
data.setCell(32, 1, 'testWithInvalidCredential')
data.setCell(32, 2, 'testcases.TestRegister')
data.setCell(32, 3, 10697);
window.suiteTableData['Suite']= { tableData: data, tableDiv: 'times-div-Suite'}
return data;
}
              </script>
              <span class="suite-total-time">Total running time: 14 minutes</span>
              <div id="times-div-Suite">
              </div> <!-- times-div-Suite -->
            </div> <!-- times-div -->
          </div> <!-- main-panel-content rounded-window-bottom -->
        </div> <!-- panel -->
        <div panel-name="reporter-Suite" class="panel">
          <div class="main-panel-header rounded-window-top">
            <span class="header-content">Reporter output for Suite</span>
          </div> <!-- main-panel-header rounded-window-top -->
          <div class="main-panel-content rounded-window-bottom">
          </div> <!-- main-panel-content rounded-window-bottom -->
        </div> <!-- panel -->
        <div panel-name="ignored-methods-Suite" class="panel">
          <div class="main-panel-header rounded-window-top">
            <span class="header-content">0 ignored methods</span>
          </div> <!-- main-panel-header rounded-window-top -->
          <div class="main-panel-content rounded-window-bottom">
          </div> <!-- main-panel-content rounded-window-bottom -->
        </div> <!-- panel -->
        <div panel-name="chronological-Suite" class="panel">
          <div class="main-panel-header rounded-window-top">
            <span class="header-content">Methods in chronological order</span>
          </div> <!-- main-panel-header rounded-window-top -->
          <div class="main-panel-content rounded-window-bottom">
            <div class="chronological-class">
              <div class="chronological-class-name">testcases.TestLogin</div> <!-- chronological-class-name -->
              <div class="configuration-method before">
                <span class="method-name">openABrowser</span>
                <span class="method-start">0 ms</span>
              </div> <!-- configuration-method before -->
            </div> <!-- chronological-class -->
            <div class="chronological-class">
              <div class="chronological-class-name">testcases.TestProductAdd</div> <!-- chronological-class-name -->
              <div class="configuration-method before">
                <span class="method-name">openABrowser</span>
                <span class="method-start">0 ms</span>
              </div> <!-- configuration-method before -->
              <div class="configuration-method before">
                <span class="method-name">openABrowser</span>
                <span class="method-start">0 ms</span>
              </div> <!-- configuration-method before -->
            </div> <!-- chronological-class -->
            <div class="chronological-class">
              <div class="chronological-class-name">testcases.TestCheckout</div> <!-- chronological-class-name -->
              <div class="configuration-method before">
                <span class="method-name">openABrowser</span>
                <span class="method-start">0 ms</span>
              </div> <!-- configuration-method before -->
            </div> <!-- chronological-class -->
            <div class="chronological-class">
              <div class="chronological-class-name">testcases.TestLogin</div> <!-- chronological-class-name -->
              <div class="configuration-method before">
                <span class="method-name">openABrowser</span>
                <span class="method-start">0 ms</span>
              </div> <!-- configuration-method before -->
            </div> <!-- chronological-class -->
            <div class="chronological-class">
              <div class="chronological-class-name">testcases.TestCheckout</div> <!-- chronological-class-name -->
              <div class="test-method">
                <span class="method-name">testCheckout</span>
                <span class="method-start">6724 ms</span>
              </div> <!-- test-method -->
            </div> <!-- chronological-class -->
            <div class="chronological-class">
              <div class="chronological-class-name">testcases.TestLogin</div> <!-- chronological-class-name -->
              <div class="test-method">
                <span class="method-name">testLoginWithInvalidCredentials(favevi6671@konican.com, ergwe4776, ×
Warning: No match for E-Mail Address and/or Password.)</span>
                <span class="method-start">6724 ms</span>
              </div> <!-- test-method -->
              <div class="test-method">
                <span class="method-name">testLoginWithValidCredentials</span>
                <span class="method-start">6741 ms</span>
              </div> <!-- test-method -->
            </div> <!-- chronological-class -->
            <div class="chronological-class">
              <div class="chronological-class-name">testcases.TestProductAdd</div> <!-- chronological-class-name -->
              <div class="test-method">
                <span class="method-name">testAddToCart</span>
                <span class="method-start">6972 ms</span>
              </div> <!-- test-method -->
              <div class="test-method">
                <img src="failed.png">
                </img>
                <span class="method-name">testSelectProduct</span>
                <span class="method-start">7930 ms</span>
              </div> <!-- test-method -->
            </div> <!-- chronological-class -->
            <div class="chronological-class">
              <div class="chronological-class-name">testcases.TestLogin</div> <!-- chronological-class-name -->
              <div class="configuration-method after">
                <span class="method-name">quiteBrowser</span>
                <span class="method-start">33558 ms</span>
              </div> <!-- configuration-method after -->
              <div class="configuration-method after">
                <span class="method-name">quiteBrowser</span>
                <span class="method-start">34251 ms</span>
              </div> <!-- configuration-method after -->
              <div class="configuration-method before">
                <span class="method-name">openABrowser</span>
                <span class="method-start">35466 ms</span>
              </div> <!-- configuration-method before -->
            </div> <!-- chronological-class -->
            <div class="chronological-class">
              <div class="chronological-class-name">testcases.TestCheckout</div> <!-- chronological-class-name -->
              <div class="configuration-method before">
                <span class="method-name">openABrowser</span>
                <span class="method-start">35611 ms</span>
              </div> <!-- configuration-method before -->
              <div class="test-method">
                <span class="method-name">testOpenCheckout</span>
                <span class="method-start">39510 ms</span>
              </div> <!-- test-method -->
            </div> <!-- chronological-class -->
            <div class="chronological-class">
              <div class="chronological-class-name">testcases.TestLogin</div> <!-- chronological-class-name -->
              <div class="test-method">
                <span class="method-name">testLoginWithInvalidCredentials(dfdr@dhr, Bd@12345678, ×
Warning: No match for E-Mail Address and/or Password.)</span>
                <span class="method-start">39981 ms</span>
              </div> <!-- test-method -->
            </div> <!-- chronological-class -->
            <div class="chronological-class">
              <div class="chronological-class-name">testcases.TestProductAdd</div> <!-- chronological-class-name -->
              <div class="configuration-method after">
                <span class="method-name">quiteBrowser</span>
                <span class="method-start">46222 ms</span>
              </div> <!-- configuration-method after -->
            </div> <!-- chronological-class -->
            <div class="chronological-class">
              <div class="chronological-class-name">testcases.TestShoppingCart</div> <!-- chronological-class-name -->
              <div class="configuration-method before">
                <span class="method-name">openABrowser</span>
                <span class="method-start">47630 ms</span>
              </div> <!-- configuration-method before -->
              <div class="test-method">
                <span class="method-name">testOpenShoppingCart</span>
                <span class="method-start">50655 ms</span>
              </div> <!-- test-method -->
            </div> <!-- chronological-class -->
            <div class="chronological-class">
              <div class="chronological-class-name">testcases.TestProductAdd</div> <!-- chronological-class-name -->
              <div class="configuration-method after">
                <span class="method-name">quiteBrowser</span>
                <span class="method-start">52308 ms</span>
              </div> <!-- configuration-method after -->
            </div> <!-- chronological-class -->
            <div class="chronological-class">
              <div class="chronological-class-name">testcases.TestShoppingCart</div> <!-- chronological-class-name -->
              <div class="configuration-method before">
                <span class="method-name">openABrowser</span>
                <span class="method-start">52922 ms</span>
              </div> <!-- configuration-method before -->
              <div class="test-method">
                <span class="method-name">testRemoveProductFromCart</span>
                <span class="method-start">58092 ms</span>
              </div> <!-- test-method -->
            </div> <!-- chronological-class -->
            <div class="chronological-class">
              <div class="chronological-class-name">testcases.TestCheckout</div> <!-- chronological-class-name -->
              <div class="configuration-method after">
                <span class="method-name">quiteBrowser</span>
                <span class="method-start">66438 ms</span>
              </div> <!-- configuration-method after -->
            </div> <!-- chronological-class -->
            <div class="chronological-class">
              <div class="chronological-class-name">testcases.TestShoppingCart</div> <!-- chronological-class-name -->
              <div class="configuration-method before">
                <span class="method-name">openABrowser</span>
                <span class="method-start">70705 ms</span>
              </div> <!-- configuration-method before -->
            </div> <!-- chronological-class -->
            <div class="chronological-class">
              <div class="chronological-class-name">testcases.TestLogin</div> <!-- chronological-class-name -->
              <div class="configuration-method after">
                <span class="method-name">quiteBrowser</span>
                <span class="method-start">71720 ms</span>
              </div> <!-- configuration-method after -->
            </div> <!-- chronological-class -->
            <div class="chronological-class">
              <div class="chronological-class-name">testcases.TestShoppingCart</div> <!-- chronological-class-name -->
              <div class="test-method">
                <img src="failed.png">
                </img>
                <span class="method-name">testUpdateCart</span>
                <span class="method-start">74048 ms</span>
              </div> <!-- test-method -->
            </div> <!-- chronological-class -->
            <div class="chronological-class">
              <div class="chronological-class-name">testcases.TestLogin</div> <!-- chronological-class-name -->
              <div class="configuration-method before">
                <span class="method-name">openABrowser</span>
                <span class="method-start">75319 ms</span>
              </div> <!-- configuration-method before -->
              <div class="test-method">
                <span class="method-name">testLoginWithInvalidCredentials(y587@58h5, ergwe4776, ×
Warning: No match for E-Mail Address and/or Password.)</span>
                <span class="method-start">78650 ms</span>
              </div> <!-- test-method -->
            </div> <!-- chronological-class -->
            <div class="chronological-class">
              <div class="chronological-class-name">testcases.TestCheckout</div> <!-- chronological-class-name -->
              <div class="configuration-method after">
                <span class="method-name">quiteBrowser</span>
                <span class="method-start">85457 ms</span>
              </div> <!-- configuration-method after -->
            </div> <!-- chronological-class -->
            <div class="chronological-class">
              <div class="chronological-class-name">testcases.TestRegister</div> <!-- chronological-class-name -->
              <div class="configuration-method before">
                <span class="method-name">openABrowser</span>
                <span class="method-start">86388 ms</span>
              </div> <!-- configuration-method before -->
            </div> <!-- chronological-class -->
            <div class="chronological-class">
              <div class="chronological-class-name">testcases.TestShoppingCart</div> <!-- chronological-class-name -->
              <div class="configuration-method after">
                <span class="method-name">quiteBrowser</span>
                <span class="method-start">87360 ms</span>
              </div> <!-- configuration-method after -->
            </div> <!-- chronological-class -->
            <div class="chronological-class">
              <div class="chronological-class-name">testcases.TestRegister</div> <!-- chronological-class-name -->
              <div class="test-method">
                <span class="method-name">testWithInvalidCredential(, laymro, tefabax442@laymro.com, 01923320029, Dhanmondi, Bd@12345678, Bd@12345678, By.xpath: //span[...)</span>
                <span class="method-start">90162 ms</span>
              </div> <!-- test-method -->
            </div> <!-- chronological-class -->
            <div class="chronological-class">
              <div class="chronological-class-name">testcases.TestShoppingCart</div> <!-- chronological-class-name -->
              <div class="configuration-method after">
                <span class="method-name">quiteBrowser</span>
                <span class="method-start">90704 ms</span>
              </div> <!-- configuration-method after -->
            </div> <!-- chronological-class -->
            <div class="chronological-class">
              <div class="chronological-class-name">testcases.TestLogin</div> <!-- chronological-class-name -->
              <div class="configuration-method after">
                <span class="method-name">quiteBrowser</span>
                <span class="method-start">95105 ms</span>
              </div> <!-- configuration-method after -->
              <div class="configuration-method before">
                <span class="method-name">openABrowser</span>
                <span class="method-start">95352 ms</span>
              </div> <!-- configuration-method before -->
              <div class="test-method">
                <span class="method-name">testLoginWithInvalidCredentials(, Bd@12345678, ×
Warning: No match for E-Mail Address and/or Password.)</span>
                <span class="method-start">98158 ms</span>
              </div> <!-- test-method -->
            </div> <!-- chronological-class -->
            <div class="chronological-class">
              <div class="chronological-class-name">testcases.TestShoppingCart</div> <!-- chronological-class-name -->
              <div class="configuration-method after">
                <span class="method-name">quiteBrowser</span>
                <span class="method-start">99574 ms</span>
              </div> <!-- configuration-method after -->
            </div> <!-- chronological-class -->
            <div class="chronological-class">
              <div class="chronological-class-name">testcases.TestRegister</div> <!-- chronological-class-name -->
              <div class="configuration-method after">
                <span class="method-name">quiteBrowser</span>
                <span class="method-start">108432 ms</span>
              </div> <!-- configuration-method after -->
              <div class="configuration-method before">
                <span class="method-name">openABrowser</span>
                <span class="method-start">108600 ms</span>
              </div> <!-- configuration-method before -->
              <div class="test-method">
                <img src="failed.png">
                </img>
                <span class="method-name">testWithInvalidCredential(@@@##$, laymro, tefabax442@laymro.com, 01923320029, Dhanmondi, Bd@12345678, Bd@12345678, By.xpath: /...)</span>
                <span class="method-start">110463 ms</span>
              </div> <!-- test-method -->
            </div> <!-- chronological-class -->
            <div class="chronological-class">
              <div class="chronological-class-name">testcases.TestLogin</div> <!-- chronological-class-name -->
              <div class="configuration-method after">
                <span class="method-name">quiteBrowser</span>
                <span class="method-start">118308 ms</span>
              </div> <!-- configuration-method after -->
              <div class="configuration-method before">
                <span class="method-name">openABrowser</span>
                <span class="method-start">118517 ms</span>
              </div> <!-- configuration-method before -->
              <div class="test-method">
                <span class="method-name">testLoginWithInvalidCredentials(favevi6671@konican.com, , ×
Warning: No match for E-Mail Address and/or Password.)</span>
                <span class="method-start">120210 ms</span>
              </div> <!-- test-method -->
              <div class="configuration-method after">
                <span class="method-name">quiteBrowser</span>
                <span class="method-start">133316 ms</span>
              </div> <!-- configuration-method after -->
              <div class="configuration-method before">
                <span class="method-name">openABrowser</span>
                <span class="method-start">133617 ms</span>
              </div> <!-- configuration-method before -->
              <div class="test-method">
                <span class="method-name">testLoginWithInvalidCredentials(, , ×
Warning: No match for E-Mail Address and/or Password.)</span>
                <span class="method-start">135015 ms</span>
              </div> <!-- test-method -->
              <div class="configuration-method after">
                <span class="method-name">quiteBrowser</span>
                <span class="method-start">148230 ms</span>
              </div> <!-- configuration-method after -->
            </div> <!-- chronological-class -->
            <div class="chronological-class">
              <div class="chronological-class-name">testcases.TestRegister</div> <!-- chronological-class-name -->
              <div class="configuration-method after">
                <span class="method-name">quiteBrowser</span>
                <span class="method-start">155991 ms</span>
              </div> <!-- configuration-method after -->
              <div class="configuration-method before">
                <span class="method-name">openABrowser</span>
                <span class="method-start">156219 ms</span>
              </div> <!-- configuration-method before -->
              <div class="test-method">
                <img src="failed.png">
                </img>
                <span class="method-name">testWithInvalidCredential(tefa,,bax, laymro, tefabax442@laymro.com, 01923320029, Dhanmondi, Bd@12345678, Bd@12345678, By.xpath...)</span>
                <span class="method-start">157382 ms</span>
              </div> <!-- test-method -->
              <div class="configuration-method after">
                <span class="method-name">quiteBrowser</span>
                <span class="method-start">197568 ms</span>
              </div> <!-- configuration-method after -->
              <div class="configuration-method before">
                <span class="method-name">openABrowser</span>
                <span class="method-start">197850 ms</span>
              </div> <!-- configuration-method before -->
              <div class="test-method">
                <span class="method-name">testWithInvalidCredential(tefabax, , tefabax442@laymro.com, 01923320029, Dhanmondi, Bd@12345678, Bd@12345678, By.xpath: //span...)</span>
                <span class="method-start">199035 ms</span>
              </div> <!-- test-method -->
              <div class="configuration-method after">
                <span class="method-name">quiteBrowser</span>
                <span class="method-start">212005 ms</span>
              </div> <!-- configuration-method after -->
              <div class="configuration-method before">
                <span class="method-name">openABrowser</span>
                <span class="method-start">212288 ms</span>
              </div> <!-- configuration-method before -->
              <div class="test-method">
                <img src="failed.png">
                </img>
                <span class="method-name">testWithInvalidCredential(tefabax, @@@##$, tefabax442@laymro.com, 01923320029, Dhanmondi, Bd@12345678, Bd@12345678, By.xpath: ...)</span>
                <span class="method-start">213551 ms</span>
              </div> <!-- test-method -->
              <div class="configuration-method after">
                <span class="method-name">quiteBrowser</span>
                <span class="method-start">255599 ms</span>
              </div> <!-- configuration-method after -->
              <div class="configuration-method before">
                <span class="method-name">openABrowser</span>
                <span class="method-start">255838 ms</span>
              </div> <!-- configuration-method before -->
              <div class="test-method">
                <img src="failed.png">
                </img>
                <span class="method-name">testWithInvalidCredential(tefabax, lay,,mro, tefabax442@laymro.com, 01923320029, Dhanmondi, Bd@12345678, Bd@12345678, By.xpath...)</span>
                <span class="method-start">257053 ms</span>
              </div> <!-- test-method -->
              <div class="configuration-method after">
                <span class="method-name">quiteBrowser</span>
                <span class="method-start">299735 ms</span>
              </div> <!-- configuration-method after -->
              <div class="configuration-method before">
                <span class="method-name">openABrowser</span>
                <span class="method-start">299993 ms</span>
              </div> <!-- configuration-method before -->
              <div class="test-method">
                <span class="method-name">testWithInvalidCredential(tefabax, laymro, , 01923320029, Dhanmondi, Bd@12345678, Bd@12345678, By.xpath: //span[normalize-spac...)</span>
                <span class="method-start">301657 ms</span>
              </div> <!-- test-method -->
              <div class="configuration-method after">
                <span class="method-name">quiteBrowser</span>
                <span class="method-start">312711 ms</span>
              </div> <!-- configuration-method after -->
              <div class="configuration-method before">
                <span class="method-name">openABrowser</span>
                <span class="method-start">312940 ms</span>
              </div> <!-- configuration-method before -->
              <div class="test-method">
                <span class="method-name">testWithInvalidCredential(tefabax, laymro, tefabax442@l, 01923320029, Dhanmondi, Bd@12345678, Bd@12345678, By.xpath: //span[no...)</span>
                <span class="method-start">314122 ms</span>
              </div> <!-- test-method -->
              <div class="configuration-method after">
                <span class="method-name">quiteBrowser</span>
                <span class="method-start">325383 ms</span>
              </div> <!-- configuration-method after -->
              <div class="configuration-method before">
                <span class="method-name">openABrowser</span>
                <span class="method-start">325740 ms</span>
              </div> <!-- configuration-method before -->
              <div class="test-method">
                <span class="method-name">testWithInvalidCredential(tefabax, laymro, tefabax442@laymro.com, , Dhanmondi, Bd@12345678, Bd@12345678, By.xpath: //div[@clas...)</span>
                <span class="method-start">326934 ms</span>
              </div> <!-- test-method -->
              <div class="configuration-method after">
                <span class="method-name">quiteBrowser</span>
                <span class="method-start">337642 ms</span>
              </div> <!-- configuration-method after -->
              <div class="configuration-method before">
                <span class="method-name">openABrowser</span>
                <span class="method-start">337874 ms</span>
              </div> <!-- configuration-method before -->
              <div class="test-method">
                <img src="failed.png">
                </img>
                <span class="method-name">testWithInvalidCredential(tefabax, laymro, tefabax442@laymro.com, 01000000000, Dhanmondi, Bd@12345678, Bd@12345678, By.xpath: ...)</span>
                <span class="method-start">339363 ms</span>
              </div> <!-- test-method -->
              <div class="configuration-method after">
                <span class="method-name">quiteBrowser</span>
                <span class="method-start">379732 ms</span>
              </div> <!-- configuration-method after -->
              <div class="configuration-method before">
                <span class="method-name">openABrowser</span>
                <span class="method-start">379976 ms</span>
              </div> <!-- configuration-method before -->
              <div class="test-method">
                <span class="method-name">testWithInvalidCredential(tefabax, laymro, tefabax442@laymro.com, 01934578, Dhanmondi, Bd@12345678, Bd@12345678, By.xpath: //d...)</span>
                <span class="method-start">381122 ms</span>
              </div> <!-- test-method -->
              <div class="configuration-method after">
                <span class="method-name">quiteBrowser</span>
                <span class="method-start">392419 ms</span>
              </div> <!-- configuration-method after -->
              <div class="configuration-method before">
                <span class="method-name">openABrowser</span>
                <span class="method-start">392662 ms</span>
              </div> <!-- configuration-method before -->
              <div class="test-method">
                <img src="failed.png">
                </img>
                <span class="method-name">testWithInvalidCredential(tefabax, laymro, tefabax442@laymro.com, 01923320029, @@@@##, Bd@12345678, Bd@12345678, By.xpath: //s...)</span>
                <span class="method-start">394054 ms</span>
              </div> <!-- test-method -->
              <div class="configuration-method after">
                <span class="method-name">quiteBrowser</span>
                <span class="method-start">435625 ms</span>
              </div> <!-- configuration-method after -->
              <div class="configuration-method before">
                <span class="method-name">openABrowser</span>
                <span class="method-start">435866 ms</span>
              </div> <!-- configuration-method before -->
              <div class="test-method">
                <img src="failed.png">
                </img>
                <span class="method-name">testWithInvalidCredential(tefabax, laymro, tefabax442@laymro.com, 01923320029, 123456, Bd@12345678, Bd@12345678, By.xpath: //s...)</span>
                <span class="method-start">437018 ms</span>
              </div> <!-- test-method -->
              <div class="configuration-method after">
                <span class="method-name">quiteBrowser</span>
                <span class="method-start">479557 ms</span>
              </div> <!-- configuration-method after -->
              <div class="configuration-method before">
                <span class="method-name">openABrowser</span>
                <span class="method-start">479795 ms</span>
              </div> <!-- configuration-method before -->
              <div class="test-method">
                <span class="method-name">testWithInvalidCredential(tefabax, laymro, tefabax442@laymro.com, 01923320029, Dhanmondi, Bd, Bd, By.xpath: //span[normalize-s...)</span>
                <span class="method-start">480988 ms</span>
              </div> <!-- test-method -->
              <div class="configuration-method after">
                <span class="method-name">quiteBrowser</span>
                <span class="method-start">494562 ms</span>
              </div> <!-- configuration-method after -->
              <div class="configuration-method before">
                <span class="method-name">openABrowser</span>
                <span class="method-start">494780 ms</span>
              </div> <!-- configuration-method before -->
              <div class="test-method">
                <span class="method-name">testWithInvalidCredential(tefabax, laymro, tefabax442@laymro.com, 01923320029, Dhanmondi, d@12345678, d@12345678, By.xpath: //...)</span>
                <span class="method-start">495964 ms</span>
              </div> <!-- test-method -->
              <div class="configuration-method after">
                <span class="method-name">quiteBrowser</span>
                <span class="method-start">510748 ms</span>
              </div> <!-- configuration-method after -->
              <div class="configuration-method before">
                <span class="method-name">openABrowser</span>
                <span class="method-start">510973 ms</span>
              </div> <!-- configuration-method before -->
              <div class="test-method">
                <span class="method-name">testWithInvalidCredential(tefabax, laymro, tefabax442@laymro.com, 01923320029, Dhanmondi, B@12345678, B@12345678, By.xpath: //...)</span>
                <span class="method-start">512133 ms</span>
              </div> <!-- test-method -->
              <div class="configuration-method after">
                <span class="method-name">quiteBrowser</span>
                <span class="method-start">524666 ms</span>
              </div> <!-- configuration-method after -->
              <div class="configuration-method before">
                <span class="method-name">openABrowser</span>
                <span class="method-start">524919 ms</span>
              </div> <!-- configuration-method before -->
              <div class="test-method">
                <span class="method-name">testWithInvalidCredential(tefabax, laymro, tefabax442@laymro.com, 01923320029, Dhanmondi, Bd@, Bd@, By.xpath: //span[normalize...)</span>
                <span class="method-start">526079 ms</span>
              </div> <!-- test-method -->
              <div class="configuration-method after">
                <span class="method-name">quiteBrowser</span>
                <span class="method-start">540570 ms</span>
              </div> <!-- configuration-method after -->
              <div class="configuration-method before">
                <span class="method-name">openABrowser</span>
                <span class="method-start">540792 ms</span>
              </div> <!-- configuration-method before -->
              <div class="test-method">
                <span class="method-name">testWithInvalidCredential(tefabax, laymro, tefabax442@laymro.com, 01923320029, Dhanmondi, Bd12345678, Bd12345678, By.xpath: //...)</span>
                <span class="method-start">541982 ms</span>
              </div> <!-- test-method -->
              <div class="configuration-method after">
                <span class="method-name">quiteBrowser</span>
                <span class="method-start">552951 ms</span>
              </div> <!-- configuration-method after -->
              <div class="configuration-method before">
                <span class="method-name">openABrowser</span>
                <span class="method-start">553172 ms</span>
              </div> <!-- configuration-method before -->
              <div class="test-method">
                <span class="method-name">testWithInvalidCredential(tefabax, laymro, tefabax442@laymro.com, 01923320029, Dhanmondi, Bd@12345678, Bd@1, By.xpath: //span[...)</span>
                <span class="method-start">554668 ms</span>
              </div> <!-- test-method -->
              <div class="configuration-method after">
                <span class="method-name">quiteBrowser</span>
                <span class="method-start">565698 ms</span>
              </div> <!-- configuration-method after -->
          </div> <!-- main-panel-content rounded-window-bottom -->
        </div> <!-- panel -->
      </div> <!-- main-panel-root -->
    </div> <!-- wrapper -->
  </body>
<script type="text/javascript" src="testng-reports2.js"></script>
</html>
