<?xml version="1.0" encoding="UTF-8"?>
<testng-results ignored="0" total="33" passed="25" failed="8" skipped="0">
  <reporter-output>
  </reporter-output>
  <suite started-at="2024-02-14T01:55:20 BDT" name="Surefire suite" finished-at="2024-02-14T02:06:32 BDT" duration-ms="671474">
    <groups>
    </groups>
    <test started-at="2024-02-14T01:55:20 BDT" name="Surefire test" finished-at="2024-02-14T02:06:32 BDT" duration-ms="671474">
      <class name="testcases.TestLogin">
        <test-method is-config="true" signature="openABrowser()[pri:0, instance:testcases.TestLogin@26e356f0]" started-at="2024-02-14T01:55:55 BDT" name="openABrowser" finished-at="2024-02-14T01:55:56 BDT" duration-ms="1255" status="PASS">
          <reporter-output>
          </reporter-output>
        </test-method> <!-- openABrowser -->
        <test-method signature="testLoginWithInvalidCredentials(java.lang.String,java.lang.String,java.lang.String)[pri:0, instance:testcases.TestLogin@26e356f0]" started-at="2024-02-14T01:55:56 BDT" name="testLoginWithInvalidCredentials" description="Verifying login functionality with invalid credentials" data-provider="invalidUserDataForLogin" finished-at="2024-02-14T01:56:06 BDT" duration-ms="10367" status="PASS">
          <params>
            <param index="0">
              <value>
                <![CDATA[favevi6671@konican.com]]>
              </value>
            </param>
            <param index="1">
              <value>
                <![CDATA[ergwe4776]]>
              </value>
            </param>
            <param index="2">
              <value>
                <![CDATA[×
Warning: No match for E-Mail Address and/or Password.]]>
              </value>
            </param>
          </params>
          <reporter-output>
          </reporter-output>
        </test-method> <!-- testLoginWithInvalidCredentials -->
        <test-method is-config="true" signature="quiteBrowser()[pri:0, instance:testcases.TestLogin@26e356f0]" started-at="2024-02-14T01:56:06 BDT" name="quiteBrowser" finished-at="2024-02-14T01:56:06 BDT" duration-ms="176" status="PASS">
          <reporter-output>
          </reporter-output>
        </test-method> <!-- quiteBrowser -->
        <test-method is-config="true" signature="openABrowser()[pri:0, instance:testcases.TestLogin@26e356f0]" started-at="2024-02-14T01:56:06 BDT" name="openABrowser" finished-at="2024-02-14T01:56:08 BDT" duration-ms="1163" status="PASS">
          <reporter-output>
          </reporter-output>
        </test-method> <!-- openABrowser -->
        <test-method signature="testLoginWithInvalidCredentials(java.lang.String,java.lang.String,java.lang.String)[pri:0, instance:testcases.TestLogin@26e356f0]" started-at="2024-02-14T01:56:08 BDT" name="testLoginWithInvalidCredentials" description="Verifying login functionality with invalid credentials" data-provider="invalidUserDataForLogin" finished-at="2024-02-14T01:56:21 BDT" duration-ms="13338" status="PASS">
          <params>
            <param index="0">
              <value>
                <![CDATA[dfdr@dhr]]>
              </value>
            </param>
            <param index="1">
              <value>
                <![CDATA[Bd@12345678]]>
              </value>
            </param>
            <param index="2">
              <value>
                <![CDATA[×
Warning: No match for E-Mail Address and/or Password.]]>
              </value>
            </param>
          </params>
          <reporter-output>
          </reporter-output>
        </test-method> <!-- testLoginWithInvalidCredentials -->
        <test-method is-config="true" signature="quiteBrowser()[pri:0, instance:testcases.TestLogin@26e356f0]" started-at="2024-02-14T01:56:21 BDT" name="quiteBrowser" finished-at="2024-02-14T01:56:21 BDT" duration-ms="206" status="PASS">
          <reporter-output>
          </reporter-output>
        </test-method> <!-- quiteBrowser -->
        <test-method is-config="true" signature="openABrowser()[pri:0, instance:testcases.TestLogin@26e356f0]" started-at="2024-02-14T01:56:21 BDT" name="openABrowser" finished-at="2024-02-14T01:56:22 BDT" duration-ms="1170" status="PASS">
          <reporter-output>
          </reporter-output>
        </test-method> <!-- openABrowser -->
        <test-method signature="testLoginWithInvalidCredentials(java.lang.String,java.lang.String,java.lang.String)[pri:0, instance:testcases.TestLogin@26e356f0]" started-at="2024-02-14T01:56:22 BDT" name="testLoginWithInvalidCredentials" description="Verifying login functionality with invalid credentials" data-provider="invalidUserDataForLogin" finished-at="2024-02-14T01:56:34 BDT" duration-ms="11475" status="PASS">
          <params>
            <param index="0">
              <value>
                <![CDATA[y587@58h5]]>
              </value>
            </param>
            <param index="1">
              <value>
                <![CDATA[ergwe4776]]>
              </value>
            </param>
            <param index="2">
              <value>
                <![CDATA[×
Warning: No match for E-Mail Address and/or Password.]]>
              </value>
            </param>
          </params>
          <reporter-output>
          </reporter-output>
        </test-method> <!-- testLoginWithInvalidCredentials -->
        <test-method is-config="true" signature="quiteBrowser()[pri:0, instance:testcases.TestLogin@26e356f0]" started-at="2024-02-14T01:56:34 BDT" name="quiteBrowser" finished-at="2024-02-14T01:56:34 BDT" duration-ms="205" status="PASS">
          <reporter-output>
          </reporter-output>
        </test-method> <!-- quiteBrowser -->
        <test-method is-config="true" signature="openABrowser()[pri:0, instance:testcases.TestLogin@26e356f0]" started-at="2024-02-14T01:56:34 BDT" name="openABrowser" finished-at="2024-02-14T01:56:35 BDT" duration-ms="1222" status="PASS">
          <reporter-output>
          </reporter-output>
        </test-method> <!-- openABrowser -->
        <test-method signature="testLoginWithInvalidCredentials(java.lang.String,java.lang.String,java.lang.String)[pri:0, instance:testcases.TestLogin@26e356f0]" started-at="2024-02-14T01:56:35 BDT" name="testLoginWithInvalidCredentials" description="Verifying login functionality with invalid credentials" data-provider="invalidUserDataForLogin" finished-at="2024-02-14T01:56:47 BDT" duration-ms="11658" status="PASS">
          <params>
            <param index="0">
              <value>
                <![CDATA[]]>
              </value>
            </param>
            <param index="1">
              <value>
                <![CDATA[Bd@12345678]]>
              </value>
            </param>
            <param index="2">
              <value>
                <![CDATA[×
Warning: No match for E-Mail Address and/or Password.]]>
              </value>
            </param>
          </params>
          <reporter-output>
          </reporter-output>
        </test-method> <!-- testLoginWithInvalidCredentials -->
        <test-method is-config="true" signature="quiteBrowser()[pri:0, instance:testcases.TestLogin@26e356f0]" started-at="2024-02-14T01:56:47 BDT" name="quiteBrowser" finished-at="2024-02-14T01:56:47 BDT" duration-ms="221" status="PASS">
          <reporter-output>
          </reporter-output>
        </test-method> <!-- quiteBrowser -->
        <test-method is-config="true" signature="openABrowser()[pri:0, instance:testcases.TestLogin@26e356f0]" started-at="2024-02-14T01:56:47 BDT" name="openABrowser" finished-at="2024-02-14T01:56:48 BDT" duration-ms="1266" status="PASS">
          <reporter-output>
          </reporter-output>
        </test-method> <!-- openABrowser -->
        <test-method signature="testLoginWithInvalidCredentials(java.lang.String,java.lang.String,java.lang.String)[pri:0, instance:testcases.TestLogin@26e356f0]" started-at="2024-02-14T01:56:48 BDT" name="testLoginWithInvalidCredentials" description="Verifying login functionality with invalid credentials" data-provider="invalidUserDataForLogin" finished-at="2024-02-14T01:57:01 BDT" duration-ms="12334" status="PASS">
          <params>
            <param index="0">
              <value>
                <![CDATA[favevi6671@konican.com]]>
              </value>
            </param>
            <param index="1">
              <value>
                <![CDATA[]]>
              </value>
            </param>
            <param index="2">
              <value>
                <![CDATA[×
Warning: No match for E-Mail Address and/or Password.]]>
              </value>
            </param>
          </params>
          <reporter-output>
          </reporter-output>
        </test-method> <!-- testLoginWithInvalidCredentials -->
        <test-method is-config="true" signature="quiteBrowser()[pri:0, instance:testcases.TestLogin@26e356f0]" started-at="2024-02-14T01:57:01 BDT" name="quiteBrowser" finished-at="2024-02-14T01:57:01 BDT" duration-ms="278" status="PASS">
          <reporter-output>
          </reporter-output>
        </test-method> <!-- quiteBrowser -->
        <test-method is-config="true" signature="openABrowser()[pri:0, instance:testcases.TestLogin@26e356f0]" started-at="2024-02-14T01:57:01 BDT" name="openABrowser" finished-at="2024-02-14T01:57:02 BDT" duration-ms="1186" status="PASS">
          <reporter-output>
          </reporter-output>
        </test-method> <!-- openABrowser -->
        <test-method signature="testLoginWithInvalidCredentials(java.lang.String,java.lang.String,java.lang.String)[pri:0, instance:testcases.TestLogin@26e356f0]" started-at="2024-02-14T01:57:02 BDT" name="testLoginWithInvalidCredentials" description="Verifying login functionality with invalid credentials" data-provider="invalidUserDataForLogin" finished-at="2024-02-14T01:57:16 BDT" duration-ms="14148" status="PASS">
          <params>
            <param index="0">
              <value>
                <![CDATA[]]>
              </value>
            </param>
            <param index="1">
              <value>
                <![CDATA[]]>
              </value>
            </param>
            <param index="2">
              <value>
                <![CDATA[×
Warning: No match for E-Mail Address and/or Password.]]>
              </value>
            </param>
          </params>
          <reporter-output>
          </reporter-output>
        </test-method> <!-- testLoginWithInvalidCredentials -->
        <test-method is-config="true" signature="quiteBrowser()[pri:0, instance:testcases.TestLogin@26e356f0]" started-at="2024-02-14T01:57:16 BDT" name="quiteBrowser" finished-at="2024-02-14T01:57:17 BDT" duration-ms="197" status="PASS">
          <reporter-output>
          </reporter-output>
        </test-method> <!-- quiteBrowser -->
        <test-method is-config="true" signature="openABrowser()[pri:0, instance:testcases.TestLogin@26e356f0]" started-at="2024-02-14T01:57:17 BDT" name="openABrowser" finished-at="2024-02-14T01:57:18 BDT" duration-ms="1142" status="PASS">
          <reporter-output>
          </reporter-output>
        </test-method> <!-- openABrowser -->
        <test-method signature="testLoginWithValidCredentials()[pri:0, instance:testcases.TestLogin@26e356f0]" started-at="2024-02-14T01:57:18 BDT" name="testLoginWithValidCredentials" description="Verifying login functionality with valid credentials" finished-at="2024-02-14T01:57:28 BDT" duration-ms="9913" status="PASS">
          <reporter-output>
          </reporter-output>
        </test-method> <!-- testLoginWithValidCredentials -->
        <test-method is-config="true" signature="quiteBrowser()[pri:0, instance:testcases.TestLogin@26e356f0]" started-at="2024-02-14T01:57:28 BDT" name="quiteBrowser" finished-at="2024-02-14T01:57:28 BDT" duration-ms="221" status="PASS">
          <reporter-output>
          </reporter-output>
        </test-method> <!-- quiteBrowser -->
      </class> <!-- testcases.TestLogin -->
      <class name="testcases.TestShoppingCart">
        <test-method is-config="true" signature="openABrowser()[pri:0, instance:testcases.TestShoppingCart@1b11171f]" started-at="2024-02-14T02:05:46 BDT" name="openABrowser" finished-at="2024-02-14T02:05:47 BDT" duration-ms="1111" status="PASS">
          <reporter-output>
          </reporter-output>
        </test-method> <!-- openABrowser -->
        <test-method signature="testOpenShoppingCart()[pri:0, instance:testcases.TestShoppingCart@1b11171f]" started-at="2024-02-14T02:05:47 BDT" name="testOpenShoppingCart" description="Verify that shopping cart should open" finished-at="2024-02-14T02:06:00 BDT" duration-ms="12930" status="PASS">
          <reporter-output>
          </reporter-output>
        </test-method> <!-- testOpenShoppingCart -->
        <test-method is-config="true" signature="quiteBrowser()[pri:0, instance:testcases.TestShoppingCart@1b11171f]" started-at="2024-02-14T02:06:00 BDT" name="quiteBrowser" finished-at="2024-02-14T02:06:00 BDT" duration-ms="230" status="PASS">
          <reporter-output>
          </reporter-output>
        </test-method> <!-- quiteBrowser -->
        <test-method is-config="true" signature="openABrowser()[pri:0, instance:testcases.TestShoppingCart@1b11171f]" started-at="2024-02-14T02:06:00 BDT" name="openABrowser" finished-at="2024-02-14T02:06:01 BDT" duration-ms="1130" status="PASS">
          <reporter-output>
          </reporter-output>
        </test-method> <!-- openABrowser -->
        <test-method signature="testRemoveProductFromCart()[pri:0, instance:testcases.TestShoppingCart@1b11171f]" started-at="2024-02-14T02:06:01 BDT" name="testRemoveProductFromCart" description="Verify that product should be remove from the cart" finished-at="2024-02-14T02:06:17 BDT" duration-ms="15840" status="PASS">
          <reporter-output>
          </reporter-output>
        </test-method> <!-- testRemoveProductFromCart -->
        <test-method is-config="true" signature="quiteBrowser()[pri:0, instance:testcases.TestShoppingCart@1b11171f]" started-at="2024-02-14T02:06:17 BDT" name="quiteBrowser" finished-at="2024-02-14T02:06:17 BDT" duration-ms="210" status="PASS">
          <reporter-output>
          </reporter-output>
        </test-method> <!-- quiteBrowser -->
        <test-method is-config="true" signature="openABrowser()[pri:0, instance:testcases.TestShoppingCart@1b11171f]" started-at="2024-02-14T02:06:17 BDT" name="openABrowser" finished-at="2024-02-14T02:06:19 BDT" duration-ms="1489" status="PASS">
          <reporter-output>
          </reporter-output>
        </test-method> <!-- openABrowser -->
        <test-method signature="testUpdateCart()[pri:0, instance:testcases.TestShoppingCart@1b11171f]" started-at="2024-02-14T02:06:19 BDT" name="testUpdateCart" description="Verify that user can update the cart" finished-at="2024-02-14T02:06:31 BDT" duration-ms="12705" status="FAIL">
          <exception class="java.lang.AssertionError">
            <message>
              <![CDATA[expected [true] but found [false]]]>
            </message>
            <full-stacktrace>
              <![CDATA[java.lang.AssertionError: expected [true] but found [false]
at org.testng.Assert.fail(Assert.java:111)
at org.testng.Assert.failNotEquals(Assert.java:1578)
at org.testng.Assert.assertTrue(Assert.java:57)
at org.testng.Assert.assertTrue(Assert.java:67)
at testcases.TestShoppingCart.testUpdateCart(TestShoppingCart.java:43)
at java.base/jdk.internal.reflect.DirectMethodHandleAccessor.invoke(DirectMethodHandleAccessor.java:104)
at java.base/java.lang.reflect.Method.invoke(Method.java:578)
at org.testng.internal.invokers.MethodInvocationHelper.invokeMethod(MethodInvocationHelper.java:139)
at org.testng.internal.invokers.TestInvoker.invokeMethod(TestInvoker.java:664)
at org.testng.internal.invokers.TestInvoker.invokeTestMethod(TestInvoker.java:227)
at org.testng.internal.invokers.MethodRunner.runInSequence(MethodRunner.java:50)
at org.testng.internal.invokers.TestInvoker$MethodInvocationAgent.invoke(TestInvoker.java:957)
at org.testng.internal.invokers.TestInvoker.invokeTestMethods(TestInvoker.java:200)
at org.testng.internal.invokers.TestMethodWorker.invokeTestMethods(TestMethodWorker.java:148)
at org.testng.internal.invokers.TestMethodWorker.run(TestMethodWorker.java:128)
at java.base/java.util.ArrayList.forEach(ArrayList.java:1511)
at org.testng.TestRunner.privateRun(TestRunner.java:848)
at org.testng.TestRunner.run(TestRunner.java:621)
at org.testng.SuiteRunner.runTest(SuiteRunner.java:443)
at org.testng.SuiteRunner.runSequentially(SuiteRunner.java:437)
at org.testng.SuiteRunner.privateRun(SuiteRunner.java:397)
at org.testng.SuiteRunner.run(SuiteRunner.java:336)
at org.testng.SuiteRunnerWorker.runSuite(SuiteRunnerWorker.java:52)
at org.testng.SuiteRunnerWorker.run(SuiteRunnerWorker.java:95)
at org.testng.TestNG.runSuitesSequentially(TestNG.java:1280)
at org.testng.TestNG.runSuitesLocally(TestNG.java:1200)
at org.testng.TestNG.runSuites(TestNG.java:1114)
at org.testng.TestNG.run(TestNG.java:1082)
at org.apache.maven.surefire.testng.TestNGExecutor.run(TestNGExecutor.java:155)
at org.apache.maven.surefire.testng.TestNGDirectoryTestSuite.executeMulti(TestNGDirectoryTestSuite.java:169)
at org.apache.maven.surefire.testng.TestNGDirectoryTestSuite.execute(TestNGDirectoryTestSuite.java:88)
at org.apache.maven.surefire.testng.TestNGProvider.invoke(TestNGProvider.java:137)
at org.apache.maven.surefire.booter.ForkedBooter.runSuitesInProcess(ForkedBooter.java:385)
at org.apache.maven.surefire.booter.ForkedBooter.execute(ForkedBooter.java:162)
at org.apache.maven.surefire.booter.ForkedBooter.run(ForkedBooter.java:507)
at org.apache.maven.surefire.booter.ForkedBooter.main(ForkedBooter.java:495)
]]>
            </full-stacktrace>
          </exception> <!-- java.lang.AssertionError -->
          <reporter-output>
          </reporter-output>
        </test-method> <!-- testUpdateCart -->
        <test-method is-config="true" signature="quiteBrowser()[pri:0, instance:testcases.TestShoppingCart@1b11171f]" started-at="2024-02-14T02:06:32 BDT" name="quiteBrowser" finished-at="2024-02-14T02:06:32 BDT" duration-ms="215" status="PASS">
          <reporter-output>
          </reporter-output>
        </test-method> <!-- quiteBrowser -->
      </class> <!-- testcases.TestShoppingCart -->
      <class name="testcases.TestRegister">
        <test-method is-config="true" signature="openABrowser()[pri:0, instance:testcases.TestRegister@27f981c6]" started-at="2024-02-14T01:57:51 BDT" name="openABrowser" finished-at="2024-02-14T01:57:52 BDT" duration-ms="1167" status="PASS">
          <reporter-output>
          </reporter-output>
        </test-method> <!-- openABrowser -->
        <test-method signature="testWithInvalidCredential(java.lang.String,java.lang.String,java.lang.String,java.lang.String,java.lang.String,java.lang.String,java.lang.String,org.openqa.selenium.By,java.lang.String)[pri:0, instance:testcases.TestRegister@27f981c6]" started-at="2024-02-14T01:57:52 BDT" name="testWithInvalidCredential" description="Verify Register functionality with invalid credentials" data-provider="invalidUserDataForRegister" finished-at="2024-02-14T01:58:03 BDT" duration-ms="10975" status="PASS">
          <params>
            <param index="0">
              <value>
                <![CDATA[]]>
              </value>
            </param>
            <param index="1">
              <value>
                <![CDATA[laymro]]>
              </value>
            </param>
            <param index="2">
              <value>
                <![CDATA[tefabax442@laymro.com]]>
              </value>
            </param>
            <param index="3">
              <value>
                <![CDATA[01923320029]]>
              </value>
            </param>
            <param index="4">
              <value>
                <![CDATA[Dhanmondi]]>
              </value>
            </param>
            <param index="5">
              <value>
                <![CDATA[Bd@12345678]]>
              </value>
            </param>
            <param index="6">
              <value>
                <![CDATA[Bd@12345678]]>
              </value>
            </param>
            <param index="7">
              <value>
                <![CDATA[By.xpath: //span[normalize-space()='First Name must be between 2 and 32 characters!']]]>
              </value>
            </param>
            <param index="8">
              <value>
                <![CDATA[First Name must be between 2 and 32 characters!]]>
              </value>
            </param>
          </params>
          <reporter-output>
          </reporter-output>
        </test-method> <!-- testWithInvalidCredential -->
        <test-method is-config="true" signature="quiteBrowser()[pri:0, instance:testcases.TestRegister@27f981c6]" started-at="2024-02-14T01:58:03 BDT" name="quiteBrowser" finished-at="2024-02-14T01:58:03 BDT" duration-ms="182" status="PASS">
          <reporter-output>
          </reporter-output>
        </test-method> <!-- quiteBrowser -->
        <test-method is-config="true" signature="openABrowser()[pri:0, instance:testcases.TestRegister@27f981c6]" started-at="2024-02-14T01:58:03 BDT" name="openABrowser" finished-at="2024-02-14T01:58:04 BDT" duration-ms="1137" status="PASS">
          <reporter-output>
          </reporter-output>
        </test-method> <!-- openABrowser -->
        <test-method signature="testWithInvalidCredential(java.lang.String,java.lang.String,java.lang.String,java.lang.String,java.lang.String,java.lang.String,java.lang.String,org.openqa.selenium.By,java.lang.String)[pri:0, instance:testcases.TestRegister@27f981c6]" started-at="2024-02-14T01:58:04 BDT" name="testWithInvalidCredential" description="Verify Register functionality with invalid credentials" data-provider="invalidUserDataForRegister" finished-at="2024-02-14T01:58:49 BDT" duration-ms="45039" status="FAIL">
          <params>
            <param index="0">
              <value>
                <![CDATA[@@@##$]]>
              </value>
            </param>
            <param index="1">
              <value>
                <![CDATA[laymro]]>
              </value>
            </param>
            <param index="2">
              <value>
                <![CDATA[tefabax442@laymro.com]]>
              </value>
            </param>
            <param index="3">
              <value>
                <![CDATA[01923320029]]>
              </value>
            </param>
            <param index="4">
              <value>
                <![CDATA[Dhanmondi]]>
              </value>
            </param>
            <param index="5">
              <value>
                <![CDATA[Bd@12345678]]>
              </value>
            </param>
            <param index="6">
              <value>
                <![CDATA[Bd@12345678]]>
              </value>
            </param>
            <param index="7">
              <value>
                <![CDATA[By.xpath: //span[normalize-space()='First Name must be between 2 and 32 characters!']]]>
              </value>
            </param>
            <param index="8">
              <value>
                <![CDATA[First Name must be between 2 and 32 characters!]]>
              </value>
            </param>
          </params>
          <exception class="org.openqa.selenium.NoSuchElementException">
            <message>
              <![CDATA[no such element: Unable to locate element: {"method":"xpath","selector":"//span[normalize-space()='First Name must be between 2 and 32 characters!']"}
  (Session info: chrome=121.0.6167.161)
For documentation on this error, please visit: https://www.selenium.dev/documentation/webdriver/troubleshooting/errors#no-such-element-exception
Build info: version: '4.16.1', revision: '9b4c83354e'
System info: os.name: 'Windows 11', os.arch: 'amd64', os.version: '10.0', java.version: '20.0.1'
Driver info: org.openqa.selenium.chrome.ChromeDriver
Command: [680b610893aa03db72c611dcf22661ca, findElement {using=xpath, value=//span[normalize-space()='First Name must be between 2 and 32 characters!']}]
Capabilities {acceptInsecureCerts: false, browserName: chrome, browserVersion: 121.0.6167.161, chrome: {chromedriverVersion: 121.0.6167.85 (3f98d690ad7e..., userDataDir: C:\Users\User\AppData\Local...}, fedcm:accounts: true, goog:chromeOptions: {debuggerAddress: localhost:10054}, networkConnectionEnabled: false, pageLoadStrategy: normal, platformName: windows, proxy: Proxy(), se:cdp: ws://localhost:10054/devtoo..., se:cdpVersion: 121.0.6167.161, setWindowRect: true, strictFileInteractability: false, timeouts: {implicit: 0, pageLoad: 300000, script: 30000}, unhandledPromptBehavior: dismiss and notify, webauthn:extension:credBlob: true, webauthn:extension:largeBlob: true, webauthn:extension:minPinLength: true, webauthn:extension:prf: true, webauthn:virtualAuthenticators: true}
Session ID: 680b610893aa03db72c611dcf22661ca]]>
            </message>
            <full-stacktrace>
              <![CDATA[org.openqa.selenium.NoSuchElementException: no such element: Unable to locate element: {"method":"xpath","selector":"//span[normalize-space()='First Name must be between 2 and 32 characters!']"}
  (Session info: chrome=121.0.6167.161)
For documentation on this error, please visit: https://www.selenium.dev/documentation/webdriver/troubleshooting/errors#no-such-element-exception
Build info: version: '4.16.1', revision: '9b4c83354e'
System info: os.name: 'Windows 11', os.arch: 'amd64', os.version: '10.0', java.version: '20.0.1'
Driver info: org.openqa.selenium.chrome.ChromeDriver
Command: [680b610893aa03db72c611dcf22661ca, findElement {using=xpath, value=//span[normalize-space()='First Name must be between 2 and 32 characters!']}]
Capabilities {acceptInsecureCerts: false, browserName: chrome, browserVersion: 121.0.6167.161, chrome: {chromedriverVersion: 121.0.6167.85 (3f98d690ad7e..., userDataDir: C:\Users\User\AppData\Local...}, fedcm:accounts: true, goog:chromeOptions: {debuggerAddress: localhost:10054}, networkConnectionEnabled: false, pageLoadStrategy: normal, platformName: windows, proxy: Proxy(), se:cdp: ws://localhost:10054/devtoo..., se:cdpVersion: 121.0.6167.161, setWindowRect: true, strictFileInteractability: false, timeouts: {implicit: 0, pageLoad: 300000, script: 30000}, unhandledPromptBehavior: dismiss and notify, webauthn:extension:credBlob: true, webauthn:extension:largeBlob: true, webauthn:extension:minPinLength: true, webauthn:extension:prf: true, webauthn:virtualAuthenticators: true}
Session ID: 680b610893aa03db72c611dcf22661ca
at java.base/jdk.internal.reflect.DirectConstructorHandleAccessor.newInstance(DirectConstructorHandleAccessor.java:67)
at java.base/java.lang.reflect.Constructor.newInstanceWithCaller(Constructor.java:500)
at java.base/java.lang.reflect.Constructor.newInstance(Constructor.java:484)
at org.openqa.selenium.remote.codec.w3c.W3CHttpResponseCodec.createException(W3CHttpResponseCodec.java:200)
at org.openqa.selenium.remote.codec.w3c.W3CHttpResponseCodec.decode(W3CHttpResponseCodec.java:133)
at org.openqa.selenium.remote.codec.w3c.W3CHttpResponseCodec.decode(W3CHttpResponseCodec.java:52)
at org.openqa.selenium.remote.HttpCommandExecutor.execute(HttpCommandExecutor.java:191)
at org.openqa.selenium.remote.service.DriverCommandExecutor.invokeExecute(DriverCommandExecutor.java:200)
at org.openqa.selenium.remote.service.DriverCommandExecutor.execute(DriverCommandExecutor.java:175)
at org.openqa.selenium.remote.RemoteWebDriver.execute(RemoteWebDriver.java:523)
at org.openqa.selenium.remote.ElementLocation$ElementFinder$2.findElement(ElementLocation.java:165)
at org.openqa.selenium.remote.ElementLocation.findElement(ElementLocation.java:59)
at org.openqa.selenium.remote.RemoteWebDriver.findElement(RemoteWebDriver.java:360)
at org.openqa.selenium.remote.RemoteWebDriver.findElement(RemoteWebDriver.java:354)
at pages.BasePage.getElement(BasePage.java:23)
at testcases.TestRegister.testWithInvalidCredential(TestRegister.java:35)
at java.base/jdk.internal.reflect.DirectMethodHandleAccessor.invoke(DirectMethodHandleAccessor.java:104)
at java.base/java.lang.reflect.Method.invoke(Method.java:578)
at org.testng.internal.invokers.MethodInvocationHelper.invokeMethod(MethodInvocationHelper.java:139)
at org.testng.internal.invokers.TestInvoker.invokeMethod(TestInvoker.java:664)
at org.testng.internal.invokers.TestInvoker.invokeTestMethod(TestInvoker.java:227)
at org.testng.internal.invokers.MethodRunner.runInSequence(MethodRunner.java:50)
at org.testng.internal.invokers.TestInvoker$MethodInvocationAgent.invoke(TestInvoker.java:957)
at org.testng.internal.invokers.TestInvoker.invokeTestMethods(TestInvoker.java:200)
at org.testng.internal.invokers.TestMethodWorker.invokeTestMethods(TestMethodWorker.java:148)
at org.testng.internal.invokers.TestMethodWorker.run(TestMethodWorker.java:128)
at java.base/java.util.ArrayList.forEach(ArrayList.java:1511)
at org.testng.TestRunner.privateRun(TestRunner.java:848)
at org.testng.TestRunner.run(TestRunner.java:621)
at org.testng.SuiteRunner.runTest(SuiteRunner.java:443)
at org.testng.SuiteRunner.runSequentially(SuiteRunner.java:437)
at org.testng.SuiteRunner.privateRun(SuiteRunner.java:397)
at org.testng.SuiteRunner.run(SuiteRunner.java:336)
at org.testng.SuiteRunnerWorker.runSuite(SuiteRunnerWorker.java:52)
at org.testng.SuiteRunnerWorker.run(SuiteRunnerWorker.java:95)
at org.testng.TestNG.runSuitesSequentially(TestNG.java:1280)
at org.testng.TestNG.runSuitesLocally(TestNG.java:1200)
at org.testng.TestNG.runSuites(TestNG.java:1114)
at org.testng.TestNG.run(TestNG.java:1082)
at org.apache.maven.surefire.testng.TestNGExecutor.run(TestNGExecutor.java:155)
at org.apache.maven.surefire.testng.TestNGDirectoryTestSuite.executeMulti(TestNGDirectoryTestSuite.java:169)
at org.apache.maven.surefire.testng.TestNGDirectoryTestSuite.execute(TestNGDirectoryTestSuite.java:88)
at org.apache.maven.surefire.testng.TestNGProvider.invoke(TestNGProvider.java:137)
at org.apache.maven.surefire.booter.ForkedBooter.runSuitesInProcess(ForkedBooter.java:385)
at org.apache.maven.surefire.booter.ForkedBooter.execute(ForkedBooter.java:162)
at org.apache.maven.surefire.booter.ForkedBooter.run(ForkedBooter.java:507)
at org.apache.maven.surefire.booter.ForkedBooter.main(ForkedBooter.java:495)
]]>
            </full-stacktrace>
          </exception> <!-- org.openqa.selenium.NoSuchElementException -->
          <reporter-output>
          </reporter-output>
        </test-method> <!-- testWithInvalidCredential -->
        <test-method is-config="true" signature="quiteBrowser()[pri:0, instance:testcases.TestRegister@27f981c6]" started-at="2024-02-14T01:58:49 BDT" name="quiteBrowser" finished-at="2024-02-14T01:58:49 BDT" duration-ms="174" status="PASS">
          <reporter-output>
          </reporter-output>
        </test-method> <!-- quiteBrowser -->
        <test-method is-config="true" signature="openABrowser()[pri:0, instance:testcases.TestRegister@27f981c6]" started-at="2024-02-14T01:58:49 BDT" name="openABrowser" finished-at="2024-02-14T01:58:51 BDT" duration-ms="1400" status="PASS">
          <reporter-output>
          </reporter-output>
        </test-method> <!-- openABrowser -->
        <test-method signature="testWithInvalidCredential(java.lang.String,java.lang.String,java.lang.String,java.lang.String,java.lang.String,java.lang.String,java.lang.String,org.openqa.selenium.By,java.lang.String)[pri:0, instance:testcases.TestRegister@27f981c6]" started-at="2024-02-14T01:58:51 BDT" name="testWithInvalidCredential" description="Verify Register functionality with invalid credentials" data-provider="invalidUserDataForRegister" finished-at="2024-02-14T01:59:32 BDT" duration-ms="41703" status="FAIL">
          <params>
            <param index="0">
              <value>
                <![CDATA[tefa,,bax]]>
              </value>
            </param>
            <param index="1">
              <value>
                <![CDATA[laymro]]>
              </value>
            </param>
            <param index="2">
              <value>
                <![CDATA[tefabax442@laymro.com]]>
              </value>
            </param>
            <param index="3">
              <value>
                <![CDATA[01923320029]]>
              </value>
            </param>
            <param index="4">
              <value>
                <![CDATA[Dhanmondi]]>
              </value>
            </param>
            <param index="5">
              <value>
                <![CDATA[Bd@12345678]]>
              </value>
            </param>
            <param index="6">
              <value>
                <![CDATA[Bd@12345678]]>
              </value>
            </param>
            <param index="7">
              <value>
                <![CDATA[By.xpath: //span[normalize-space()='First Name must be between 2 and 32 characters!']]]>
              </value>
            </param>
            <param index="8">
              <value>
                <![CDATA[First Name must be between 2 and 32 characters!]]>
              </value>
            </param>
          </params>
          <exception class="org.openqa.selenium.NoSuchElementException">
            <message>
              <![CDATA[no such element: Unable to locate element: {"method":"xpath","selector":"//span[normalize-space()='First Name must be between 2 and 32 characters!']"}
  (Session info: chrome=121.0.6167.161)
For documentation on this error, please visit: https://www.selenium.dev/documentation/webdriver/troubleshooting/errors#no-such-element-exception
Build info: version: '4.16.1', revision: '9b4c83354e'
System info: os.name: 'Windows 11', os.arch: 'amd64', os.version: '10.0', java.version: '20.0.1'
Driver info: org.openqa.selenium.chrome.ChromeDriver
Command: [513f9d80f7730ed3033c6806cc83e965, findElement {using=xpath, value=//span[normalize-space()='First Name must be between 2 and 32 characters!']}]
Capabilities {acceptInsecureCerts: false, browserName: chrome, browserVersion: 121.0.6167.161, chrome: {chromedriverVersion: 121.0.6167.85 (3f98d690ad7e..., userDataDir: C:\Users\User\AppData\Local...}, fedcm:accounts: true, goog:chromeOptions: {debuggerAddress: localhost:10089}, networkConnectionEnabled: false, pageLoadStrategy: normal, platformName: windows, proxy: Proxy(), se:cdp: ws://localhost:10089/devtoo..., se:cdpVersion: 121.0.6167.161, setWindowRect: true, strictFileInteractability: false, timeouts: {implicit: 0, pageLoad: 300000, script: 30000}, unhandledPromptBehavior: dismiss and notify, webauthn:extension:credBlob: true, webauthn:extension:largeBlob: true, webauthn:extension:minPinLength: true, webauthn:extension:prf: true, webauthn:virtualAuthenticators: true}
Session ID: 513f9d80f7730ed3033c6806cc83e965]]>
            </message>
            <full-stacktrace>
              <![CDATA[org.openqa.selenium.NoSuchElementException: no such element: Unable to locate element: {"method":"xpath","selector":"//span[normalize-space()='First Name must be between 2 and 32 characters!']"}
  (Session info: chrome=121.0.6167.161)
For documentation on this error, please visit: https://www.selenium.dev/documentation/webdriver/troubleshooting/errors#no-such-element-exception
Build info: version: '4.16.1', revision: '9b4c83354e'
System info: os.name: 'Windows 11', os.arch: 'amd64', os.version: '10.0', java.version: '20.0.1'
Driver info: org.openqa.selenium.chrome.ChromeDriver
Command: [513f9d80f7730ed3033c6806cc83e965, findElement {using=xpath, value=//span[normalize-space()='First Name must be between 2 and 32 characters!']}]
Capabilities {acceptInsecureCerts: false, browserName: chrome, browserVersion: 121.0.6167.161, chrome: {chromedriverVersion: 121.0.6167.85 (3f98d690ad7e..., userDataDir: C:\Users\User\AppData\Local...}, fedcm:accounts: true, goog:chromeOptions: {debuggerAddress: localhost:10089}, networkConnectionEnabled: false, pageLoadStrategy: normal, platformName: windows, proxy: Proxy(), se:cdp: ws://localhost:10089/devtoo..., se:cdpVersion: 121.0.6167.161, setWindowRect: true, strictFileInteractability: false, timeouts: {implicit: 0, pageLoad: 300000, script: 30000}, unhandledPromptBehavior: dismiss and notify, webauthn:extension:credBlob: true, webauthn:extension:largeBlob: true, webauthn:extension:minPinLength: true, webauthn:extension:prf: true, webauthn:virtualAuthenticators: true}
Session ID: 513f9d80f7730ed3033c6806cc83e965
at java.base/jdk.internal.reflect.DirectConstructorHandleAccessor.newInstance(DirectConstructorHandleAccessor.java:67)
at java.base/java.lang.reflect.Constructor.newInstanceWithCaller(Constructor.java:500)
at java.base/java.lang.reflect.Constructor.newInstance(Constructor.java:484)
at org.openqa.selenium.remote.codec.w3c.W3CHttpResponseCodec.createException(W3CHttpResponseCodec.java:200)
at org.openqa.selenium.remote.codec.w3c.W3CHttpResponseCodec.decode(W3CHttpResponseCodec.java:133)
at org.openqa.selenium.remote.codec.w3c.W3CHttpResponseCodec.decode(W3CHttpResponseCodec.java:52)
at org.openqa.selenium.remote.HttpCommandExecutor.execute(HttpCommandExecutor.java:191)
at org.openqa.selenium.remote.service.DriverCommandExecutor.invokeExecute(DriverCommandExecutor.java:200)
at org.openqa.selenium.remote.service.DriverCommandExecutor.execute(DriverCommandExecutor.java:175)
at org.openqa.selenium.remote.RemoteWebDriver.execute(RemoteWebDriver.java:523)
at org.openqa.selenium.remote.ElementLocation$ElementFinder$2.findElement(ElementLocation.java:165)
at org.openqa.selenium.remote.ElementLocation.findElement(ElementLocation.java:59)
at org.openqa.selenium.remote.RemoteWebDriver.findElement(RemoteWebDriver.java:360)
at org.openqa.selenium.remote.RemoteWebDriver.findElement(RemoteWebDriver.java:354)
at pages.BasePage.getElement(BasePage.java:23)
at testcases.TestRegister.testWithInvalidCredential(TestRegister.java:35)
at java.base/jdk.internal.reflect.DirectMethodHandleAccessor.invoke(DirectMethodHandleAccessor.java:104)
at java.base/java.lang.reflect.Method.invoke(Method.java:578)
at org.testng.internal.invokers.MethodInvocationHelper.invokeMethod(MethodInvocationHelper.java:139)
at org.testng.internal.invokers.TestInvoker.invokeMethod(TestInvoker.java:664)
at org.testng.internal.invokers.TestInvoker.invokeTestMethod(TestInvoker.java:227)
at org.testng.internal.invokers.MethodRunner.runInSequence(MethodRunner.java:50)
at org.testng.internal.invokers.TestInvoker$MethodInvocationAgent.invoke(TestInvoker.java:957)
at org.testng.internal.invokers.TestInvoker.invokeTestMethods(TestInvoker.java:200)
at org.testng.internal.invokers.TestMethodWorker.invokeTestMethods(TestMethodWorker.java:148)
at org.testng.internal.invokers.TestMethodWorker.run(TestMethodWorker.java:128)
at java.base/java.util.ArrayList.forEach(ArrayList.java:1511)
at org.testng.TestRunner.privateRun(TestRunner.java:848)
at org.testng.TestRunner.run(TestRunner.java:621)
at org.testng.SuiteRunner.runTest(SuiteRunner.java:443)
at org.testng.SuiteRunner.runSequentially(SuiteRunner.java:437)
at org.testng.SuiteRunner.privateRun(SuiteRunner.java:397)
at org.testng.SuiteRunner.run(SuiteRunner.java:336)
at org.testng.SuiteRunnerWorker.runSuite(SuiteRunnerWorker.java:52)
at org.testng.SuiteRunnerWorker.run(SuiteRunnerWorker.java:95)
at org.testng.TestNG.runSuitesSequentially(TestNG.java:1280)
at org.testng.TestNG.runSuitesLocally(TestNG.java:1200)
at org.testng.TestNG.runSuites(TestNG.java:1114)
at org.testng.TestNG.run(TestNG.java:1082)
at org.apache.maven.surefire.testng.TestNGExecutor.run(TestNGExecutor.java:155)
at org.apache.maven.surefire.testng.TestNGDirectoryTestSuite.executeMulti(TestNGDirectoryTestSuite.java:169)
at org.apache.maven.surefire.testng.TestNGDirectoryTestSuite.execute(TestNGDirectoryTestSuite.java:88)
at org.apache.maven.surefire.testng.TestNGProvider.invoke(TestNGProvider.java:137)
at org.apache.maven.surefire.booter.ForkedBooter.runSuitesInProcess(ForkedBooter.java:385)
at org.apache.maven.surefire.booter.ForkedBooter.execute(ForkedBooter.java:162)
at org.apache.maven.surefire.booter.ForkedBooter.run(ForkedBooter.java:507)
at org.apache.maven.surefire.booter.ForkedBooter.main(ForkedBooter.java:495)
]]>
            </full-stacktrace>
          </exception> <!-- org.openqa.selenium.NoSuchElementException -->
          <reporter-output>
          </reporter-output>
        </test-method> <!-- testWithInvalidCredential -->
        <test-method is-config="true" signature="quiteBrowser()[pri:0, instance:testcases.TestRegister@27f981c6]" started-at="2024-02-14T01:59:32 BDT" name="quiteBrowser" finished-at="2024-02-14T01:59:33 BDT" duration-ms="215" status="PASS">
          <reporter-output>
          </reporter-output>
        </test-method> <!-- quiteBrowser -->
        <test-method is-config="true" signature="openABrowser()[pri:0, instance:testcases.TestRegister@27f981c6]" started-at="2024-02-14T01:59:33 BDT" name="openABrowser" finished-at="2024-02-14T01:59:34 BDT" duration-ms="1198" status="PASS">
          <reporter-output>
          </reporter-output>
        </test-method> <!-- openABrowser -->
        <test-method signature="testWithInvalidCredential(java.lang.String,java.lang.String,java.lang.String,java.lang.String,java.lang.String,java.lang.String,java.lang.String,org.openqa.selenium.By,java.lang.String)[pri:0, instance:testcases.TestRegister@27f981c6]" started-at="2024-02-14T01:59:34 BDT" name="testWithInvalidCredential" description="Verify Register functionality with invalid credentials" data-provider="invalidUserDataForRegister" finished-at="2024-02-14T01:59:44 BDT" duration-ms="10650" status="PASS">
          <params>
            <param index="0">
              <value>
                <![CDATA[tefabax]]>
              </value>
            </param>
            <param index="1">
              <value>
                <![CDATA[]]>
              </value>
            </param>
            <param index="2">
              <value>
                <![CDATA[tefabax442@laymro.com]]>
              </value>
            </param>
            <param index="3">
              <value>
                <![CDATA[01923320029]]>
              </value>
            </param>
            <param index="4">
              <value>
                <![CDATA[Dhanmondi]]>
              </value>
            </param>
            <param index="5">
              <value>
                <![CDATA[Bd@12345678]]>
              </value>
            </param>
            <param index="6">
              <value>
                <![CDATA[Bd@12345678]]>
              </value>
            </param>
            <param index="7">
              <value>
                <![CDATA[By.xpath: //span[normalize-space()='Last Name must be between 2 and 32 characters!']]]>
              </value>
            </param>
            <param index="8">
              <value>
                <![CDATA[Last Name must be between 2 and 32 characters!]]>
              </value>
            </param>
          </params>
          <reporter-output>
          </reporter-output>
        </test-method> <!-- testWithInvalidCredential -->
        <test-method is-config="true" signature="quiteBrowser()[pri:0, instance:testcases.TestRegister@27f981c6]" started-at="2024-02-14T01:59:44 BDT" name="quiteBrowser" finished-at="2024-02-14T01:59:45 BDT" duration-ms="296" status="PASS">
          <reporter-output>
          </reporter-output>
        </test-method> <!-- quiteBrowser -->
        <test-method is-config="true" signature="openABrowser()[pri:0, instance:testcases.TestRegister@27f981c6]" started-at="2024-02-14T01:59:45 BDT" name="openABrowser" finished-at="2024-02-14T01:59:46 BDT" duration-ms="1203" status="PASS">
          <reporter-output>
          </reporter-output>
        </test-method> <!-- openABrowser -->
        <test-method signature="testWithInvalidCredential(java.lang.String,java.lang.String,java.lang.String,java.lang.String,java.lang.String,java.lang.String,java.lang.String,org.openqa.selenium.By,java.lang.String)[pri:0, instance:testcases.TestRegister@27f981c6]" started-at="2024-02-14T01:59:46 BDT" name="testWithInvalidCredential" description="Verify Register functionality with invalid credentials" data-provider="invalidUserDataForRegister" finished-at="2024-02-14T02:00:30 BDT" duration-ms="44069" status="FAIL">
          <params>
            <param index="0">
              <value>
                <![CDATA[tefabax]]>
              </value>
            </param>
            <param index="1">
              <value>
                <![CDATA[@@@##$]]>
              </value>
            </param>
            <param index="2">
              <value>
                <![CDATA[tefabax442@laymro.com]]>
              </value>
            </param>
            <param index="3">
              <value>
                <![CDATA[01923320029]]>
              </value>
            </param>
            <param index="4">
              <value>
                <![CDATA[Dhanmondi]]>
              </value>
            </param>
            <param index="5">
              <value>
                <![CDATA[Bd@12345678]]>
              </value>
            </param>
            <param index="6">
              <value>
                <![CDATA[Bd@12345678]]>
              </value>
            </param>
            <param index="7">
              <value>
                <![CDATA[By.xpath: //span[normalize-space()='Last Name must be between 2 and 32 characters!']]]>
              </value>
            </param>
            <param index="8">
              <value>
                <![CDATA[Last Name must be between 2 and 32 characters!]]>
              </value>
            </param>
          </params>
          <exception class="org.openqa.selenium.NoSuchElementException">
            <message>
              <![CDATA[no such element: Unable to locate element: {"method":"xpath","selector":"//span[normalize-space()='Last Name must be between 2 and 32 characters!']"}
  (Session info: chrome=121.0.6167.161)
For documentation on this error, please visit: https://www.selenium.dev/documentation/webdriver/troubleshooting/errors#no-such-element-exception
Build info: version: '4.16.1', revision: '9b4c83354e'
System info: os.name: 'Windows 11', os.arch: 'amd64', os.version: '10.0', java.version: '20.0.1'
Driver info: org.openqa.selenium.chrome.ChromeDriver
Command: [24b0c45662d205f5d70b0d0ff9aee910, findElement {using=xpath, value=//span[normalize-space()='Last Name must be between 2 and 32 characters!']}]
Capabilities {acceptInsecureCerts: false, browserName: chrome, browserVersion: 121.0.6167.161, chrome: {chromedriverVersion: 121.0.6167.85 (3f98d690ad7e..., userDataDir: C:\Users\User\AppData\Local...}, fedcm:accounts: true, goog:chromeOptions: {debuggerAddress: localhost:10165}, networkConnectionEnabled: false, pageLoadStrategy: normal, platformName: windows, proxy: Proxy(), se:cdp: ws://localhost:10165/devtoo..., se:cdpVersion: 121.0.6167.161, setWindowRect: true, strictFileInteractability: false, timeouts: {implicit: 0, pageLoad: 300000, script: 30000}, unhandledPromptBehavior: dismiss and notify, webauthn:extension:credBlob: true, webauthn:extension:largeBlob: true, webauthn:extension:minPinLength: true, webauthn:extension:prf: true, webauthn:virtualAuthenticators: true}
Session ID: 24b0c45662d205f5d70b0d0ff9aee910]]>
            </message>
            <full-stacktrace>
              <![CDATA[org.openqa.selenium.NoSuchElementException: no such element: Unable to locate element: {"method":"xpath","selector":"//span[normalize-space()='Last Name must be between 2 and 32 characters!']"}
  (Session info: chrome=121.0.6167.161)
For documentation on this error, please visit: https://www.selenium.dev/documentation/webdriver/troubleshooting/errors#no-such-element-exception
Build info: version: '4.16.1', revision: '9b4c83354e'
System info: os.name: 'Windows 11', os.arch: 'amd64', os.version: '10.0', java.version: '20.0.1'
Driver info: org.openqa.selenium.chrome.ChromeDriver
Command: [24b0c45662d205f5d70b0d0ff9aee910, findElement {using=xpath, value=//span[normalize-space()='Last Name must be between 2 and 32 characters!']}]
Capabilities {acceptInsecureCerts: false, browserName: chrome, browserVersion: 121.0.6167.161, chrome: {chromedriverVersion: 121.0.6167.85 (3f98d690ad7e..., userDataDir: C:\Users\User\AppData\Local...}, fedcm:accounts: true, goog:chromeOptions: {debuggerAddress: localhost:10165}, networkConnectionEnabled: false, pageLoadStrategy: normal, platformName: windows, proxy: Proxy(), se:cdp: ws://localhost:10165/devtoo..., se:cdpVersion: 121.0.6167.161, setWindowRect: true, strictFileInteractability: false, timeouts: {implicit: 0, pageLoad: 300000, script: 30000}, unhandledPromptBehavior: dismiss and notify, webauthn:extension:credBlob: true, webauthn:extension:largeBlob: true, webauthn:extension:minPinLength: true, webauthn:extension:prf: true, webauthn:virtualAuthenticators: true}
Session ID: 24b0c45662d205f5d70b0d0ff9aee910
at java.base/jdk.internal.reflect.DirectConstructorHandleAccessor.newInstance(DirectConstructorHandleAccessor.java:67)
at java.base/java.lang.reflect.Constructor.newInstanceWithCaller(Constructor.java:500)
at java.base/java.lang.reflect.Constructor.newInstance(Constructor.java:484)
at org.openqa.selenium.remote.codec.w3c.W3CHttpResponseCodec.createException(W3CHttpResponseCodec.java:200)
at org.openqa.selenium.remote.codec.w3c.W3CHttpResponseCodec.decode(W3CHttpResponseCodec.java:133)
at org.openqa.selenium.remote.codec.w3c.W3CHttpResponseCodec.decode(W3CHttpResponseCodec.java:52)
at org.openqa.selenium.remote.HttpCommandExecutor.execute(HttpCommandExecutor.java:191)
at org.openqa.selenium.remote.service.DriverCommandExecutor.invokeExecute(DriverCommandExecutor.java:200)
at org.openqa.selenium.remote.service.DriverCommandExecutor.execute(DriverCommandExecutor.java:175)
at org.openqa.selenium.remote.RemoteWebDriver.execute(RemoteWebDriver.java:523)
at org.openqa.selenium.remote.ElementLocation$ElementFinder$2.findElement(ElementLocation.java:165)
at org.openqa.selenium.remote.ElementLocation.findElement(ElementLocation.java:59)
at org.openqa.selenium.remote.RemoteWebDriver.findElement(RemoteWebDriver.java:360)
at org.openqa.selenium.remote.RemoteWebDriver.findElement(RemoteWebDriver.java:354)
at pages.BasePage.getElement(BasePage.java:23)
at testcases.TestRegister.testWithInvalidCredential(TestRegister.java:35)
at java.base/jdk.internal.reflect.DirectMethodHandleAccessor.invoke(DirectMethodHandleAccessor.java:104)
at java.base/java.lang.reflect.Method.invoke(Method.java:578)
at org.testng.internal.invokers.MethodInvocationHelper.invokeMethod(MethodInvocationHelper.java:139)
at org.testng.internal.invokers.TestInvoker.invokeMethod(TestInvoker.java:664)
at org.testng.internal.invokers.TestInvoker.invokeTestMethod(TestInvoker.java:227)
at org.testng.internal.invokers.MethodRunner.runInSequence(MethodRunner.java:50)
at org.testng.internal.invokers.TestInvoker$MethodInvocationAgent.invoke(TestInvoker.java:957)
at org.testng.internal.invokers.TestInvoker.invokeTestMethods(TestInvoker.java:200)
at org.testng.internal.invokers.TestMethodWorker.invokeTestMethods(TestMethodWorker.java:148)
at org.testng.internal.invokers.TestMethodWorker.run(TestMethodWorker.java:128)
at java.base/java.util.ArrayList.forEach(ArrayList.java:1511)
at org.testng.TestRunner.privateRun(TestRunner.java:848)
at org.testng.TestRunner.run(TestRunner.java:621)
at org.testng.SuiteRunner.runTest(SuiteRunner.java:443)
at org.testng.SuiteRunner.runSequentially(SuiteRunner.java:437)
at org.testng.SuiteRunner.privateRun(SuiteRunner.java:397)
at org.testng.SuiteRunner.run(SuiteRunner.java:336)
at org.testng.SuiteRunnerWorker.runSuite(SuiteRunnerWorker.java:52)
at org.testng.SuiteRunnerWorker.run(SuiteRunnerWorker.java:95)
at org.testng.TestNG.runSuitesSequentially(TestNG.java:1280)
at org.testng.TestNG.runSuitesLocally(TestNG.java:1200)
at org.testng.TestNG.runSuites(TestNG.java:1114)
at org.testng.TestNG.run(TestNG.java:1082)
at org.apache.maven.surefire.testng.TestNGExecutor.run(TestNGExecutor.java:155)
at org.apache.maven.surefire.testng.TestNGDirectoryTestSuite.executeMulti(TestNGDirectoryTestSuite.java:169)
at org.apache.maven.surefire.testng.TestNGDirectoryTestSuite.execute(TestNGDirectoryTestSuite.java:88)
at org.apache.maven.surefire.testng.TestNGProvider.invoke(TestNGProvider.java:137)
at org.apache.maven.surefire.booter.ForkedBooter.runSuitesInProcess(ForkedBooter.java:385)
at org.apache.maven.surefire.booter.ForkedBooter.execute(ForkedBooter.java:162)
at org.apache.maven.surefire.booter.ForkedBooter.run(ForkedBooter.java:507)
at org.apache.maven.surefire.booter.ForkedBooter.main(ForkedBooter.java:495)
]]>
            </full-stacktrace>
          </exception> <!-- org.openqa.selenium.NoSuchElementException -->
          <reporter-output>
          </reporter-output>
        </test-method> <!-- testWithInvalidCredential -->
        <test-method is-config="true" signature="quiteBrowser()[pri:0, instance:testcases.TestRegister@27f981c6]" started-at="2024-02-14T02:00:30 BDT" name="quiteBrowser" finished-at="2024-02-14T02:00:30 BDT" duration-ms="215" status="PASS">
          <reporter-output>
          </reporter-output>
        </test-method> <!-- quiteBrowser -->
        <test-method is-config="true" signature="openABrowser()[pri:0, instance:testcases.TestRegister@27f981c6]" started-at="2024-02-14T02:00:30 BDT" name="openABrowser" finished-at="2024-02-14T02:00:32 BDT" duration-ms="1579" status="PASS">
          <reporter-output>
          </reporter-output>
        </test-method> <!-- openABrowser -->
        <test-method signature="testWithInvalidCredential(java.lang.String,java.lang.String,java.lang.String,java.lang.String,java.lang.String,java.lang.String,java.lang.String,org.openqa.selenium.By,java.lang.String)[pri:0, instance:testcases.TestRegister@27f981c6]" started-at="2024-02-14T02:00:32 BDT" name="testWithInvalidCredential" description="Verify Register functionality with invalid credentials" data-provider="invalidUserDataForRegister" finished-at="2024-02-14T02:01:14 BDT" duration-ms="42084" status="FAIL">
          <params>
            <param index="0">
              <value>
                <![CDATA[tefabax]]>
              </value>
            </param>
            <param index="1">
              <value>
                <![CDATA[lay,,mro]]>
              </value>
            </param>
            <param index="2">
              <value>
                <![CDATA[tefabax442@laymro.com]]>
              </value>
            </param>
            <param index="3">
              <value>
                <![CDATA[01923320029]]>
              </value>
            </param>
            <param index="4">
              <value>
                <![CDATA[Dhanmondi]]>
              </value>
            </param>
            <param index="5">
              <value>
                <![CDATA[Bd@12345678]]>
              </value>
            </param>
            <param index="6">
              <value>
                <![CDATA[Bd@12345678]]>
              </value>
            </param>
            <param index="7">
              <value>
                <![CDATA[By.xpath: //span[normalize-space()='Last Name must be between 2 and 32 characters!']]]>
              </value>
            </param>
            <param index="8">
              <value>
                <![CDATA[Last Name must be between 2 and 32 characters!]]>
              </value>
            </param>
          </params>
          <exception class="org.openqa.selenium.NoSuchElementException">
            <message>
              <![CDATA[no such element: Unable to locate element: {"method":"xpath","selector":"//span[normalize-space()='Last Name must be between 2 and 32 characters!']"}
  (Session info: chrome=121.0.6167.161)
For documentation on this error, please visit: https://www.selenium.dev/documentation/webdriver/troubleshooting/errors#no-such-element-exception
Build info: version: '4.16.1', revision: '9b4c83354e'
System info: os.name: 'Windows 11', os.arch: 'amd64', os.version: '10.0', java.version: '20.0.1'
Driver info: org.openqa.selenium.chrome.ChromeDriver
Command: [9550eaae179f580d7658aed62b353274, findElement {using=xpath, value=//span[normalize-space()='Last Name must be between 2 and 32 characters!']}]
Capabilities {acceptInsecureCerts: false, browserName: chrome, browserVersion: 121.0.6167.161, chrome: {chromedriverVersion: 121.0.6167.85 (3f98d690ad7e..., userDataDir: C:\Users\User\AppData\Local...}, fedcm:accounts: true, goog:chromeOptions: {debuggerAddress: localhost:10205}, networkConnectionEnabled: false, pageLoadStrategy: normal, platformName: windows, proxy: Proxy(), se:cdp: ws://localhost:10205/devtoo..., se:cdpVersion: 121.0.6167.161, setWindowRect: true, strictFileInteractability: false, timeouts: {implicit: 0, pageLoad: 300000, script: 30000}, unhandledPromptBehavior: dismiss and notify, webauthn:extension:credBlob: true, webauthn:extension:largeBlob: true, webauthn:extension:minPinLength: true, webauthn:extension:prf: true, webauthn:virtualAuthenticators: true}
Session ID: 9550eaae179f580d7658aed62b353274]]>
            </message>
            <full-stacktrace>
              <![CDATA[org.openqa.selenium.NoSuchElementException: no such element: Unable to locate element: {"method":"xpath","selector":"//span[normalize-space()='Last Name must be between 2 and 32 characters!']"}
  (Session info: chrome=121.0.6167.161)
For documentation on this error, please visit: https://www.selenium.dev/documentation/webdriver/troubleshooting/errors#no-such-element-exception
Build info: version: '4.16.1', revision: '9b4c83354e'
System info: os.name: 'Windows 11', os.arch: 'amd64', os.version: '10.0', java.version: '20.0.1'
Driver info: org.openqa.selenium.chrome.ChromeDriver
Command: [9550eaae179f580d7658aed62b353274, findElement {using=xpath, value=//span[normalize-space()='Last Name must be between 2 and 32 characters!']}]
Capabilities {acceptInsecureCerts: false, browserName: chrome, browserVersion: 121.0.6167.161, chrome: {chromedriverVersion: 121.0.6167.85 (3f98d690ad7e..., userDataDir: C:\Users\User\AppData\Local...}, fedcm:accounts: true, goog:chromeOptions: {debuggerAddress: localhost:10205}, networkConnectionEnabled: false, pageLoadStrategy: normal, platformName: windows, proxy: Proxy(), se:cdp: ws://localhost:10205/devtoo..., se:cdpVersion: 121.0.6167.161, setWindowRect: true, strictFileInteractability: false, timeouts: {implicit: 0, pageLoad: 300000, script: 30000}, unhandledPromptBehavior: dismiss and notify, webauthn:extension:credBlob: true, webauthn:extension:largeBlob: true, webauthn:extension:minPinLength: true, webauthn:extension:prf: true, webauthn:virtualAuthenticators: true}
Session ID: 9550eaae179f580d7658aed62b353274
at java.base/jdk.internal.reflect.DirectConstructorHandleAccessor.newInstance(DirectConstructorHandleAccessor.java:67)
at java.base/java.lang.reflect.Constructor.newInstanceWithCaller(Constructor.java:500)
at java.base/java.lang.reflect.Constructor.newInstance(Constructor.java:484)
at org.openqa.selenium.remote.codec.w3c.W3CHttpResponseCodec.createException(W3CHttpResponseCodec.java:200)
at org.openqa.selenium.remote.codec.w3c.W3CHttpResponseCodec.decode(W3CHttpResponseCodec.java:133)
at org.openqa.selenium.remote.codec.w3c.W3CHttpResponseCodec.decode(W3CHttpResponseCodec.java:52)
at org.openqa.selenium.remote.HttpCommandExecutor.execute(HttpCommandExecutor.java:191)
at org.openqa.selenium.remote.service.DriverCommandExecutor.invokeExecute(DriverCommandExecutor.java:200)
at org.openqa.selenium.remote.service.DriverCommandExecutor.execute(DriverCommandExecutor.java:175)
at org.openqa.selenium.remote.RemoteWebDriver.execute(RemoteWebDriver.java:523)
at org.openqa.selenium.remote.ElementLocation$ElementFinder$2.findElement(ElementLocation.java:165)
at org.openqa.selenium.remote.ElementLocation.findElement(ElementLocation.java:59)
at org.openqa.selenium.remote.RemoteWebDriver.findElement(RemoteWebDriver.java:360)
at org.openqa.selenium.remote.RemoteWebDriver.findElement(RemoteWebDriver.java:354)
at pages.BasePage.getElement(BasePage.java:23)
at testcases.TestRegister.testWithInvalidCredential(TestRegister.java:35)
at java.base/jdk.internal.reflect.DirectMethodHandleAccessor.invoke(DirectMethodHandleAccessor.java:104)
at java.base/java.lang.reflect.Method.invoke(Method.java:578)
at org.testng.internal.invokers.MethodInvocationHelper.invokeMethod(MethodInvocationHelper.java:139)
at org.testng.internal.invokers.TestInvoker.invokeMethod(TestInvoker.java:664)
at org.testng.internal.invokers.TestInvoker.invokeTestMethod(TestInvoker.java:227)
at org.testng.internal.invokers.MethodRunner.runInSequence(MethodRunner.java:50)
at org.testng.internal.invokers.TestInvoker$MethodInvocationAgent.invoke(TestInvoker.java:957)
at org.testng.internal.invokers.TestInvoker.invokeTestMethods(TestInvoker.java:200)
at org.testng.internal.invokers.TestMethodWorker.invokeTestMethods(TestMethodWorker.java:148)
at org.testng.internal.invokers.TestMethodWorker.run(TestMethodWorker.java:128)
at java.base/java.util.ArrayList.forEach(ArrayList.java:1511)
at org.testng.TestRunner.privateRun(TestRunner.java:848)
at org.testng.TestRunner.run(TestRunner.java:621)
at org.testng.SuiteRunner.runTest(SuiteRunner.java:443)
at org.testng.SuiteRunner.runSequentially(SuiteRunner.java:437)
at org.testng.SuiteRunner.privateRun(SuiteRunner.java:397)
at org.testng.SuiteRunner.run(SuiteRunner.java:336)
at org.testng.SuiteRunnerWorker.runSuite(SuiteRunnerWorker.java:52)
at org.testng.SuiteRunnerWorker.run(SuiteRunnerWorker.java:95)
at org.testng.TestNG.runSuitesSequentially(TestNG.java:1280)
at org.testng.TestNG.runSuitesLocally(TestNG.java:1200)
at org.testng.TestNG.runSuites(TestNG.java:1114)
at org.testng.TestNG.run(TestNG.java:1082)
at org.apache.maven.surefire.testng.TestNGExecutor.run(TestNGExecutor.java:155)
at org.apache.maven.surefire.testng.TestNGDirectoryTestSuite.executeMulti(TestNGDirectoryTestSuite.java:169)
at org.apache.maven.surefire.testng.TestNGDirectoryTestSuite.execute(TestNGDirectoryTestSuite.java:88)
at org.apache.maven.surefire.testng.TestNGProvider.invoke(TestNGProvider.java:137)
at org.apache.maven.surefire.booter.ForkedBooter.runSuitesInProcess(ForkedBooter.java:385)
at org.apache.maven.surefire.booter.ForkedBooter.execute(ForkedBooter.java:162)
at org.apache.maven.surefire.booter.ForkedBooter.run(ForkedBooter.java:507)
at org.apache.maven.surefire.booter.ForkedBooter.main(ForkedBooter.java:495)
]]>
            </full-stacktrace>
          </exception> <!-- org.openqa.selenium.NoSuchElementException -->
          <reporter-output>
          </reporter-output>
        </test-method> <!-- testWithInvalidCredential -->
        <test-method is-config="true" signature="quiteBrowser()[pri:0, instance:testcases.TestRegister@27f981c6]" started-at="2024-02-14T02:01:14 BDT" name="quiteBrowser" finished-at="2024-02-14T02:01:14 BDT" duration-ms="210" status="PASS">
          <reporter-output>
          </reporter-output>
        </test-method> <!-- quiteBrowser -->
        <test-method is-config="true" signature="openABrowser()[pri:0, instance:testcases.TestRegister@27f981c6]" started-at="2024-02-14T02:01:14 BDT" name="openABrowser" finished-at="2024-02-14T02:01:15 BDT" duration-ms="1150" status="PASS">
          <reporter-output>
          </reporter-output>
        </test-method> <!-- openABrowser -->
        <test-method signature="testWithInvalidCredential(java.lang.String,java.lang.String,java.lang.String,java.lang.String,java.lang.String,java.lang.String,java.lang.String,org.openqa.selenium.By,java.lang.String)[pri:0, instance:testcases.TestRegister@27f981c6]" started-at="2024-02-14T02:01:15 BDT" name="testWithInvalidCredential" description="Verify Register functionality with invalid credentials" data-provider="invalidUserDataForRegister" finished-at="2024-02-14T02:01:28 BDT" duration-ms="12951" status="PASS">
          <params>
            <param index="0">
              <value>
                <![CDATA[tefabax]]>
              </value>
            </param>
            <param index="1">
              <value>
                <![CDATA[laymro]]>
              </value>
            </param>
            <param index="2">
              <value>
                <![CDATA[]]>
              </value>
            </param>
            <param index="3">
              <value>
                <![CDATA[01923320029]]>
              </value>
            </param>
            <param index="4">
              <value>
                <![CDATA[Dhanmondi]]>
              </value>
            </param>
            <param index="5">
              <value>
                <![CDATA[Bd@12345678]]>
              </value>
            </param>
            <param index="6">
              <value>
                <![CDATA[Bd@12345678]]>
              </value>
            </param>
            <param index="7">
              <value>
                <![CDATA[By.xpath: //span[normalize-space()='E-Mail Address does not appear to be valid!']]]>
              </value>
            </param>
            <param index="8">
              <value>
                <![CDATA[E-Mail Address does not appear to be valid!]]>
              </value>
            </param>
          </params>
          <reporter-output>
          </reporter-output>
        </test-method> <!-- testWithInvalidCredential -->
        <test-method is-config="true" signature="quiteBrowser()[pri:0, instance:testcases.TestRegister@27f981c6]" started-at="2024-02-14T02:01:28 BDT" name="quiteBrowser" finished-at="2024-02-14T02:01:28 BDT" duration-ms="220" status="PASS">
          <reporter-output>
          </reporter-output>
        </test-method> <!-- quiteBrowser -->
        <test-method is-config="true" signature="openABrowser()[pri:0, instance:testcases.TestRegister@27f981c6]" started-at="2024-02-14T02:01:28 BDT" name="openABrowser" finished-at="2024-02-14T02:01:30 BDT" duration-ms="1144" status="PASS">
          <reporter-output>
          </reporter-output>
        </test-method> <!-- openABrowser -->
        <test-method signature="testWithInvalidCredential(java.lang.String,java.lang.String,java.lang.String,java.lang.String,java.lang.String,java.lang.String,java.lang.String,org.openqa.selenium.By,java.lang.String)[pri:0, instance:testcases.TestRegister@27f981c6]" started-at="2024-02-14T02:01:30 BDT" name="testWithInvalidCredential" description="Verify Register functionality with invalid credentials" data-provider="invalidUserDataForRegister" finished-at="2024-02-14T02:01:44 BDT" duration-ms="14085" status="PASS">
          <params>
            <param index="0">
              <value>
                <![CDATA[tefabax]]>
              </value>
            </param>
            <param index="1">
              <value>
                <![CDATA[laymro]]>
              </value>
            </param>
            <param index="2">
              <value>
                <![CDATA[tefabax442@l]]>
              </value>
            </param>
            <param index="3">
              <value>
                <![CDATA[01923320029]]>
              </value>
            </param>
            <param index="4">
              <value>
                <![CDATA[Dhanmondi]]>
              </value>
            </param>
            <param index="5">
              <value>
                <![CDATA[Bd@12345678]]>
              </value>
            </param>
            <param index="6">
              <value>
                <![CDATA[Bd@12345678]]>
              </value>
            </param>
            <param index="7">
              <value>
                <![CDATA[By.xpath: //span[normalize-space()='E-Mail Address does not appear to be valid!']]]>
              </value>
            </param>
            <param index="8">
              <value>
                <![CDATA[E-Mail Address does not appear to be valid!]]>
              </value>
            </param>
          </params>
          <reporter-output>
          </reporter-output>
        </test-method> <!-- testWithInvalidCredential -->
        <test-method is-config="true" signature="quiteBrowser()[pri:0, instance:testcases.TestRegister@27f981c6]" started-at="2024-02-14T02:01:44 BDT" name="quiteBrowser" finished-at="2024-02-14T02:01:44 BDT" duration-ms="246" status="PASS">
          <reporter-output>
          </reporter-output>
        </test-method> <!-- quiteBrowser -->
        <test-method is-config="true" signature="openABrowser()[pri:0, instance:testcases.TestRegister@27f981c6]" started-at="2024-02-14T02:01:44 BDT" name="openABrowser" finished-at="2024-02-14T02:01:45 BDT" duration-ms="1490" status="PASS">
          <reporter-output>
          </reporter-output>
        </test-method> <!-- openABrowser -->
        <test-method signature="testWithInvalidCredential(java.lang.String,java.lang.String,java.lang.String,java.lang.String,java.lang.String,java.lang.String,java.lang.String,org.openqa.selenium.By,java.lang.String)[pri:0, instance:testcases.TestRegister@27f981c6]" started-at="2024-02-14T02:01:45 BDT" name="testWithInvalidCredential" description="Verify Register functionality with invalid credentials" data-provider="invalidUserDataForRegister" finished-at="2024-02-14T02:01:56 BDT" duration-ms="10857" status="PASS">
          <params>
            <param index="0">
              <value>
                <![CDATA[tefabax]]>
              </value>
            </param>
            <param index="1">
              <value>
                <![CDATA[laymro]]>
              </value>
            </param>
            <param index="2">
              <value>
                <![CDATA[tefabax442@laymro.com]]>
              </value>
            </param>
            <param index="3">
              <value>
                <![CDATA[]]>
              </value>
            </param>
            <param index="4">
              <value>
                <![CDATA[Dhanmondi]]>
              </value>
            </param>
            <param index="5">
              <value>
                <![CDATA[Bd@12345678]]>
              </value>
            </param>
            <param index="6">
              <value>
                <![CDATA[Bd@12345678]]>
              </value>
            </param>
            <param index="7">
              <value>
                <![CDATA[By.xpath: //div[@class='panel-body']//div[2]//div[1]//div[2]//span[1]]]>
              </value>
            </param>
            <param index="8">
              <value>
                <![CDATA[Please enter 11 digits valid mobile number!
(01XXXXXXXXX)]]>
              </value>
            </param>
          </params>
          <reporter-output>
          </reporter-output>
        </test-method> <!-- testWithInvalidCredential -->
        <test-method is-config="true" signature="quiteBrowser()[pri:0, instance:testcases.TestRegister@27f981c6]" started-at="2024-02-14T02:01:56 BDT" name="quiteBrowser" finished-at="2024-02-14T02:01:57 BDT" duration-ms="256" status="PASS">
          <reporter-output>
          </reporter-output>
        </test-method> <!-- quiteBrowser -->
        <test-method is-config="true" signature="openABrowser()[pri:0, instance:testcases.TestRegister@27f981c6]" started-at="2024-02-14T02:01:57 BDT" name="openABrowser" finished-at="2024-02-14T02:01:58 BDT" duration-ms="1567" status="PASS">
          <reporter-output>
          </reporter-output>
        </test-method> <!-- openABrowser -->
        <test-method signature="testWithInvalidCredential(java.lang.String,java.lang.String,java.lang.String,java.lang.String,java.lang.String,java.lang.String,java.lang.String,org.openqa.selenium.By,java.lang.String)[pri:0, instance:testcases.TestRegister@27f981c6]" started-at="2024-02-14T02:01:58 BDT" name="testWithInvalidCredential" description="Verify Register functionality with invalid credentials" data-provider="invalidUserDataForRegister" finished-at="2024-02-14T02:02:39 BDT" duration-ms="40488" status="FAIL">
          <params>
            <param index="0">
              <value>
                <![CDATA[tefabax]]>
              </value>
            </param>
            <param index="1">
              <value>
                <![CDATA[laymro]]>
              </value>
            </param>
            <param index="2">
              <value>
                <![CDATA[tefabax442@laymro.com]]>
              </value>
            </param>
            <param index="3">
              <value>
                <![CDATA[01000000000]]>
              </value>
            </param>
            <param index="4">
              <value>
                <![CDATA[Dhanmondi]]>
              </value>
            </param>
            <param index="5">
              <value>
                <![CDATA[Bd@12345678]]>
              </value>
            </param>
            <param index="6">
              <value>
                <![CDATA[Bd@12345678]]>
              </value>
            </param>
            <param index="7">
              <value>
                <![CDATA[By.xpath: //div[@class='panel-body']//div[2]//div[1]//div[2]//span[1]]]>
              </value>
            </param>
            <param index="8">
              <value>
                <![CDATA[Please enter 11 digits valid mobile number!
(01XXXXXXXXX)]]>
              </value>
            </param>
          </params>
          <exception class="org.openqa.selenium.NoSuchElementException">
            <message>
              <![CDATA[no such element: Unable to locate element: {"method":"xpath","selector":"//div[@class='panel-body']//div[2]//div[1]//div[2]//span[1]"}
  (Session info: chrome=121.0.6167.161)
For documentation on this error, please visit: https://www.selenium.dev/documentation/webdriver/troubleshooting/errors#no-such-element-exception
Build info: version: '4.16.1', revision: '9b4c83354e'
System info: os.name: 'Windows 11', os.arch: 'amd64', os.version: '10.0', java.version: '20.0.1'
Driver info: org.openqa.selenium.chrome.ChromeDriver
Command: [1db86712a6aecd1ae035f8b97237cff0, findElement {using=xpath, value=//div[@class='panel-body']//div[2]//div[1]//div[2]//span[1]}]
Capabilities {acceptInsecureCerts: false, browserName: chrome, browserVersion: 121.0.6167.161, chrome: {chromedriverVersion: 121.0.6167.85 (3f98d690ad7e..., userDataDir: C:\Users\User\AppData\Local...}, fedcm:accounts: true, goog:chromeOptions: {debuggerAddress: localhost:10351}, networkConnectionEnabled: false, pageLoadStrategy: normal, platformName: windows, proxy: Proxy(), se:cdp: ws://localhost:10351/devtoo..., se:cdpVersion: 121.0.6167.161, setWindowRect: true, strictFileInteractability: false, timeouts: {implicit: 0, pageLoad: 300000, script: 30000}, unhandledPromptBehavior: dismiss and notify, webauthn:extension:credBlob: true, webauthn:extension:largeBlob: true, webauthn:extension:minPinLength: true, webauthn:extension:prf: true, webauthn:virtualAuthenticators: true}
Session ID: 1db86712a6aecd1ae035f8b97237cff0]]>
            </message>
            <full-stacktrace>
              <![CDATA[org.openqa.selenium.NoSuchElementException: no such element: Unable to locate element: {"method":"xpath","selector":"//div[@class='panel-body']//div[2]//div[1]//div[2]//span[1]"}
  (Session info: chrome=121.0.6167.161)
For documentation on this error, please visit: https://www.selenium.dev/documentation/webdriver/troubleshooting/errors#no-such-element-exception
Build info: version: '4.16.1', revision: '9b4c83354e'
System info: os.name: 'Windows 11', os.arch: 'amd64', os.version: '10.0', java.version: '20.0.1'
Driver info: org.openqa.selenium.chrome.ChromeDriver
Command: [1db86712a6aecd1ae035f8b97237cff0, findElement {using=xpath, value=//div[@class='panel-body']//div[2]//div[1]//div[2]//span[1]}]
Capabilities {acceptInsecureCerts: false, browserName: chrome, browserVersion: 121.0.6167.161, chrome: {chromedriverVersion: 121.0.6167.85 (3f98d690ad7e..., userDataDir: C:\Users\User\AppData\Local...}, fedcm:accounts: true, goog:chromeOptions: {debuggerAddress: localhost:10351}, networkConnectionEnabled: false, pageLoadStrategy: normal, platformName: windows, proxy: Proxy(), se:cdp: ws://localhost:10351/devtoo..., se:cdpVersion: 121.0.6167.161, setWindowRect: true, strictFileInteractability: false, timeouts: {implicit: 0, pageLoad: 300000, script: 30000}, unhandledPromptBehavior: dismiss and notify, webauthn:extension:credBlob: true, webauthn:extension:largeBlob: true, webauthn:extension:minPinLength: true, webauthn:extension:prf: true, webauthn:virtualAuthenticators: true}
Session ID: 1db86712a6aecd1ae035f8b97237cff0
at java.base/jdk.internal.reflect.DirectConstructorHandleAccessor.newInstance(DirectConstructorHandleAccessor.java:67)
at java.base/java.lang.reflect.Constructor.newInstanceWithCaller(Constructor.java:500)
at java.base/java.lang.reflect.Constructor.newInstance(Constructor.java:484)
at org.openqa.selenium.remote.codec.w3c.W3CHttpResponseCodec.createException(W3CHttpResponseCodec.java:200)
at org.openqa.selenium.remote.codec.w3c.W3CHttpResponseCodec.decode(W3CHttpResponseCodec.java:133)
at org.openqa.selenium.remote.codec.w3c.W3CHttpResponseCodec.decode(W3CHttpResponseCodec.java:52)
at org.openqa.selenium.remote.HttpCommandExecutor.execute(HttpCommandExecutor.java:191)
at org.openqa.selenium.remote.service.DriverCommandExecutor.invokeExecute(DriverCommandExecutor.java:200)
at org.openqa.selenium.remote.service.DriverCommandExecutor.execute(DriverCommandExecutor.java:175)
at org.openqa.selenium.remote.RemoteWebDriver.execute(RemoteWebDriver.java:523)
at org.openqa.selenium.remote.ElementLocation$ElementFinder$2.findElement(ElementLocation.java:165)
at org.openqa.selenium.remote.ElementLocation.findElement(ElementLocation.java:59)
at org.openqa.selenium.remote.RemoteWebDriver.findElement(RemoteWebDriver.java:360)
at org.openqa.selenium.remote.RemoteWebDriver.findElement(RemoteWebDriver.java:354)
at pages.BasePage.getElement(BasePage.java:23)
at testcases.TestRegister.testWithInvalidCredential(TestRegister.java:35)
at java.base/jdk.internal.reflect.DirectMethodHandleAccessor.invoke(DirectMethodHandleAccessor.java:104)
at java.base/java.lang.reflect.Method.invoke(Method.java:578)
at org.testng.internal.invokers.MethodInvocationHelper.invokeMethod(MethodInvocationHelper.java:139)
at org.testng.internal.invokers.TestInvoker.invokeMethod(TestInvoker.java:664)
at org.testng.internal.invokers.TestInvoker.invokeTestMethod(TestInvoker.java:227)
at org.testng.internal.invokers.MethodRunner.runInSequence(MethodRunner.java:50)
at org.testng.internal.invokers.TestInvoker$MethodInvocationAgent.invoke(TestInvoker.java:957)
at org.testng.internal.invokers.TestInvoker.invokeTestMethods(TestInvoker.java:200)
at org.testng.internal.invokers.TestMethodWorker.invokeTestMethods(TestMethodWorker.java:148)
at org.testng.internal.invokers.TestMethodWorker.run(TestMethodWorker.java:128)
at java.base/java.util.ArrayList.forEach(ArrayList.java:1511)
at org.testng.TestRunner.privateRun(TestRunner.java:848)
at org.testng.TestRunner.run(TestRunner.java:621)
at org.testng.SuiteRunner.runTest(SuiteRunner.java:443)
at org.testng.SuiteRunner.runSequentially(SuiteRunner.java:437)
at org.testng.SuiteRunner.privateRun(SuiteRunner.java:397)
at org.testng.SuiteRunner.run(SuiteRunner.java:336)
at org.testng.SuiteRunnerWorker.runSuite(SuiteRunnerWorker.java:52)
at org.testng.SuiteRunnerWorker.run(SuiteRunnerWorker.java:95)
at org.testng.TestNG.runSuitesSequentially(TestNG.java:1280)
at org.testng.TestNG.runSuitesLocally(TestNG.java:1200)
at org.testng.TestNG.runSuites(TestNG.java:1114)
at org.testng.TestNG.run(TestNG.java:1082)
at org.apache.maven.surefire.testng.TestNGExecutor.run(TestNGExecutor.java:155)
at org.apache.maven.surefire.testng.TestNGDirectoryTestSuite.executeMulti(TestNGDirectoryTestSuite.java:169)
at org.apache.maven.surefire.testng.TestNGDirectoryTestSuite.execute(TestNGDirectoryTestSuite.java:88)
at org.apache.maven.surefire.testng.TestNGProvider.invoke(TestNGProvider.java:137)
at org.apache.maven.surefire.booter.ForkedBooter.runSuitesInProcess(ForkedBooter.java:385)
at org.apache.maven.surefire.booter.ForkedBooter.execute(ForkedBooter.java:162)
at org.apache.maven.surefire.booter.ForkedBooter.run(ForkedBooter.java:507)
at org.apache.maven.surefire.booter.ForkedBooter.main(ForkedBooter.java:495)
]]>
            </full-stacktrace>
          </exception> <!-- org.openqa.selenium.NoSuchElementException -->
          <reporter-output>
          </reporter-output>
        </test-method> <!-- testWithInvalidCredential -->
        <test-method is-config="true" signature="quiteBrowser()[pri:0, instance:testcases.TestRegister@27f981c6]" started-at="2024-02-14T02:02:39 BDT" name="quiteBrowser" finished-at="2024-02-14T02:02:39 BDT" duration-ms="222" status="PASS">
          <reporter-output>
          </reporter-output>
        </test-method> <!-- quiteBrowser -->
        <test-method is-config="true" signature="openABrowser()[pri:0, instance:testcases.TestRegister@27f981c6]" started-at="2024-02-14T02:02:39 BDT" name="openABrowser" finished-at="2024-02-14T02:02:40 BDT" duration-ms="1141" status="PASS">
          <reporter-output>
          </reporter-output>
        </test-method> <!-- openABrowser -->
        <test-method signature="testWithInvalidCredential(java.lang.String,java.lang.String,java.lang.String,java.lang.String,java.lang.String,java.lang.String,java.lang.String,org.openqa.selenium.By,java.lang.String)[pri:0, instance:testcases.TestRegister@27f981c6]" started-at="2024-02-14T02:02:40 BDT" name="testWithInvalidCredential" description="Verify Register functionality with invalid credentials" data-provider="invalidUserDataForRegister" finished-at="2024-02-14T02:02:53 BDT" duration-ms="12501" status="PASS">
          <params>
            <param index="0">
              <value>
                <![CDATA[tefabax]]>
              </value>
            </param>
            <param index="1">
              <value>
                <![CDATA[laymro]]>
              </value>
            </param>
            <param index="2">
              <value>
                <![CDATA[tefabax442@laymro.com]]>
              </value>
            </param>
            <param index="3">
              <value>
                <![CDATA[01934578]]>
              </value>
            </param>
            <param index="4">
              <value>
                <![CDATA[Dhanmondi]]>
              </value>
            </param>
            <param index="5">
              <value>
                <![CDATA[Bd@12345678]]>
              </value>
            </param>
            <param index="6">
              <value>
                <![CDATA[Bd@12345678]]>
              </value>
            </param>
            <param index="7">
              <value>
                <![CDATA[By.xpath: //div[@class='panel-body']//div[2]//div[1]//div[2]//span[1]]]>
              </value>
            </param>
            <param index="8">
              <value>
                <![CDATA[Please enter 11 digits valid mobile number!
(01XXXXXXXXX)]]>
              </value>
            </param>
          </params>
          <reporter-output>
          </reporter-output>
        </test-method> <!-- testWithInvalidCredential -->
        <test-method is-config="true" signature="quiteBrowser()[pri:0, instance:testcases.TestRegister@27f981c6]" started-at="2024-02-14T02:02:53 BDT" name="quiteBrowser" finished-at="2024-02-14T02:02:53 BDT" duration-ms="220" status="PASS">
          <reporter-output>
          </reporter-output>
        </test-method> <!-- quiteBrowser -->
        <test-method is-config="true" signature="openABrowser()[pri:0, instance:testcases.TestRegister@27f981c6]" started-at="2024-02-14T02:02:53 BDT" name="openABrowser" finished-at="2024-02-14T02:02:54 BDT" duration-ms="1109" status="PASS">
          <reporter-output>
          </reporter-output>
        </test-method> <!-- openABrowser -->
        <test-method signature="testWithInvalidCredential(java.lang.String,java.lang.String,java.lang.String,java.lang.String,java.lang.String,java.lang.String,java.lang.String,org.openqa.selenium.By,java.lang.String)[pri:0, instance:testcases.TestRegister@27f981c6]" started-at="2024-02-14T02:02:54 BDT" name="testWithInvalidCredential" description="Verify Register functionality with invalid credentials" data-provider="invalidUserDataForRegister" finished-at="2024-02-14T02:03:35 BDT" duration-ms="41302" status="FAIL">
          <params>
            <param index="0">
              <value>
                <![CDATA[tefabax]]>
              </value>
            </param>
            <param index="1">
              <value>
                <![CDATA[laymro]]>
              </value>
            </param>
            <param index="2">
              <value>
                <![CDATA[tefabax442@laymro.com]]>
              </value>
            </param>
            <param index="3">
              <value>
                <![CDATA[01923320029]]>
              </value>
            </param>
            <param index="4">
              <value>
                <![CDATA[@@@@##]]>
              </value>
            </param>
            <param index="5">
              <value>
                <![CDATA[Bd@12345678]]>
              </value>
            </param>
            <param index="6">
              <value>
                <![CDATA[Bd@12345678]]>
              </value>
            </param>
            <param index="7">
              <value>
                <![CDATA[By.xpath: //span[normalize-space()='Address must be between 3 and 128 characters!']]]>
              </value>
            </param>
            <param index="8">
              <value>
                <![CDATA[Address must be between 3 and 128 characters!]]>
              </value>
            </param>
          </params>
          <exception class="org.openqa.selenium.NoSuchElementException">
            <message>
              <![CDATA[no such element: Unable to locate element: {"method":"xpath","selector":"//span[normalize-space()='Address must be between 3 and 128 characters!']"}
  (Session info: chrome=121.0.6167.161)
For documentation on this error, please visit: https://www.selenium.dev/documentation/webdriver/troubleshooting/errors#no-such-element-exception
Build info: version: '4.16.1', revision: '9b4c83354e'
System info: os.name: 'Windows 11', os.arch: 'amd64', os.version: '10.0', java.version: '20.0.1'
Driver info: org.openqa.selenium.chrome.ChromeDriver
Command: [bac0287529dde92df46b803388e16023, findElement {using=xpath, value=//span[normalize-space()='Address must be between 3 and 128 characters!']}]
Capabilities {acceptInsecureCerts: false, browserName: chrome, browserVersion: 121.0.6167.161, chrome: {chromedriverVersion: 121.0.6167.85 (3f98d690ad7e..., userDataDir: C:\Users\User\AppData\Local...}, fedcm:accounts: true, goog:chromeOptions: {debuggerAddress: localhost:10428}, networkConnectionEnabled: false, pageLoadStrategy: normal, platformName: windows, proxy: Proxy(), se:cdp: ws://localhost:10428/devtoo..., se:cdpVersion: 121.0.6167.161, setWindowRect: true, strictFileInteractability: false, timeouts: {implicit: 0, pageLoad: 300000, script: 30000}, unhandledPromptBehavior: dismiss and notify, webauthn:extension:credBlob: true, webauthn:extension:largeBlob: true, webauthn:extension:minPinLength: true, webauthn:extension:prf: true, webauthn:virtualAuthenticators: true}
Session ID: bac0287529dde92df46b803388e16023]]>
            </message>
            <full-stacktrace>
              <![CDATA[org.openqa.selenium.NoSuchElementException: no such element: Unable to locate element: {"method":"xpath","selector":"//span[normalize-space()='Address must be between 3 and 128 characters!']"}
  (Session info: chrome=121.0.6167.161)
For documentation on this error, please visit: https://www.selenium.dev/documentation/webdriver/troubleshooting/errors#no-such-element-exception
Build info: version: '4.16.1', revision: '9b4c83354e'
System info: os.name: 'Windows 11', os.arch: 'amd64', os.version: '10.0', java.version: '20.0.1'
Driver info: org.openqa.selenium.chrome.ChromeDriver
Command: [bac0287529dde92df46b803388e16023, findElement {using=xpath, value=//span[normalize-space()='Address must be between 3 and 128 characters!']}]
Capabilities {acceptInsecureCerts: false, browserName: chrome, browserVersion: 121.0.6167.161, chrome: {chromedriverVersion: 121.0.6167.85 (3f98d690ad7e..., userDataDir: C:\Users\User\AppData\Local...}, fedcm:accounts: true, goog:chromeOptions: {debuggerAddress: localhost:10428}, networkConnectionEnabled: false, pageLoadStrategy: normal, platformName: windows, proxy: Proxy(), se:cdp: ws://localhost:10428/devtoo..., se:cdpVersion: 121.0.6167.161, setWindowRect: true, strictFileInteractability: false, timeouts: {implicit: 0, pageLoad: 300000, script: 30000}, unhandledPromptBehavior: dismiss and notify, webauthn:extension:credBlob: true, webauthn:extension:largeBlob: true, webauthn:extension:minPinLength: true, webauthn:extension:prf: true, webauthn:virtualAuthenticators: true}
Session ID: bac0287529dde92df46b803388e16023
at java.base/jdk.internal.reflect.DirectConstructorHandleAccessor.newInstance(DirectConstructorHandleAccessor.java:67)
at java.base/java.lang.reflect.Constructor.newInstanceWithCaller(Constructor.java:500)
at java.base/java.lang.reflect.Constructor.newInstance(Constructor.java:484)
at org.openqa.selenium.remote.codec.w3c.W3CHttpResponseCodec.createException(W3CHttpResponseCodec.java:200)
at org.openqa.selenium.remote.codec.w3c.W3CHttpResponseCodec.decode(W3CHttpResponseCodec.java:133)
at org.openqa.selenium.remote.codec.w3c.W3CHttpResponseCodec.decode(W3CHttpResponseCodec.java:52)
at org.openqa.selenium.remote.HttpCommandExecutor.execute(HttpCommandExecutor.java:191)
at org.openqa.selenium.remote.service.DriverCommandExecutor.invokeExecute(DriverCommandExecutor.java:200)
at org.openqa.selenium.remote.service.DriverCommandExecutor.execute(DriverCommandExecutor.java:175)
at org.openqa.selenium.remote.RemoteWebDriver.execute(RemoteWebDriver.java:523)
at org.openqa.selenium.remote.ElementLocation$ElementFinder$2.findElement(ElementLocation.java:165)
at org.openqa.selenium.remote.ElementLocation.findElement(ElementLocation.java:59)
at org.openqa.selenium.remote.RemoteWebDriver.findElement(RemoteWebDriver.java:360)
at org.openqa.selenium.remote.RemoteWebDriver.findElement(RemoteWebDriver.java:354)
at pages.BasePage.getElement(BasePage.java:23)
at testcases.TestRegister.testWithInvalidCredential(TestRegister.java:35)
at java.base/jdk.internal.reflect.DirectMethodHandleAccessor.invoke(DirectMethodHandleAccessor.java:104)
at java.base/java.lang.reflect.Method.invoke(Method.java:578)
at org.testng.internal.invokers.MethodInvocationHelper.invokeMethod(MethodInvocationHelper.java:139)
at org.testng.internal.invokers.TestInvoker.invokeMethod(TestInvoker.java:664)
at org.testng.internal.invokers.TestInvoker.invokeTestMethod(TestInvoker.java:227)
at org.testng.internal.invokers.MethodRunner.runInSequence(MethodRunner.java:50)
at org.testng.internal.invokers.TestInvoker$MethodInvocationAgent.invoke(TestInvoker.java:957)
at org.testng.internal.invokers.TestInvoker.invokeTestMethods(TestInvoker.java:200)
at org.testng.internal.invokers.TestMethodWorker.invokeTestMethods(TestMethodWorker.java:148)
at org.testng.internal.invokers.TestMethodWorker.run(TestMethodWorker.java:128)
at java.base/java.util.ArrayList.forEach(ArrayList.java:1511)
at org.testng.TestRunner.privateRun(TestRunner.java:848)
at org.testng.TestRunner.run(TestRunner.java:621)
at org.testng.SuiteRunner.runTest(SuiteRunner.java:443)
at org.testng.SuiteRunner.runSequentially(SuiteRunner.java:437)
at org.testng.SuiteRunner.privateRun(SuiteRunner.java:397)
at org.testng.SuiteRunner.run(SuiteRunner.java:336)
at org.testng.SuiteRunnerWorker.runSuite(SuiteRunnerWorker.java:52)
at org.testng.SuiteRunnerWorker.run(SuiteRunnerWorker.java:95)
at org.testng.TestNG.runSuitesSequentially(TestNG.java:1280)
at org.testng.TestNG.runSuitesLocally(TestNG.java:1200)
at org.testng.TestNG.runSuites(TestNG.java:1114)
at org.testng.TestNG.run(TestNG.java:1082)
at org.apache.maven.surefire.testng.TestNGExecutor.run(TestNGExecutor.java:155)
at org.apache.maven.surefire.testng.TestNGDirectoryTestSuite.executeMulti(TestNGDirectoryTestSuite.java:169)
at org.apache.maven.surefire.testng.TestNGDirectoryTestSuite.execute(TestNGDirectoryTestSuite.java:88)
at org.apache.maven.surefire.testng.TestNGProvider.invoke(TestNGProvider.java:137)
at org.apache.maven.surefire.booter.ForkedBooter.runSuitesInProcess(ForkedBooter.java:385)
at org.apache.maven.surefire.booter.ForkedBooter.execute(ForkedBooter.java:162)
at org.apache.maven.surefire.booter.ForkedBooter.run(ForkedBooter.java:507)
at org.apache.maven.surefire.booter.ForkedBooter.main(ForkedBooter.java:495)
]]>
            </full-stacktrace>
          </exception> <!-- org.openqa.selenium.NoSuchElementException -->
          <reporter-output>
          </reporter-output>
        </test-method> <!-- testWithInvalidCredential -->
        <test-method is-config="true" signature="quiteBrowser()[pri:0, instance:testcases.TestRegister@27f981c6]" started-at="2024-02-14T02:03:35 BDT" name="quiteBrowser" finished-at="2024-02-14T02:03:35 BDT" duration-ms="233" status="PASS">
          <reporter-output>
          </reporter-output>
        </test-method> <!-- quiteBrowser -->
        <test-method is-config="true" signature="openABrowser()[pri:0, instance:testcases.TestRegister@27f981c6]" started-at="2024-02-14T02:03:35 BDT" name="openABrowser" finished-at="2024-02-14T02:03:37 BDT" duration-ms="1155" status="PASS">
          <reporter-output>
          </reporter-output>
        </test-method> <!-- openABrowser -->
        <test-method signature="testWithInvalidCredential(java.lang.String,java.lang.String,java.lang.String,java.lang.String,java.lang.String,java.lang.String,java.lang.String,org.openqa.selenium.By,java.lang.String)[pri:0, instance:testcases.TestRegister@27f981c6]" started-at="2024-02-14T02:03:37 BDT" name="testWithInvalidCredential" description="Verify Register functionality with invalid credentials" data-provider="invalidUserDataForRegister" finished-at="2024-02-14T02:04:18 BDT" duration-ms="41303" status="FAIL">
          <params>
            <param index="0">
              <value>
                <![CDATA[tefabax]]>
              </value>
            </param>
            <param index="1">
              <value>
                <![CDATA[laymro]]>
              </value>
            </param>
            <param index="2">
              <value>
                <![CDATA[tefabax442@laymro.com]]>
              </value>
            </param>
            <param index="3">
              <value>
                <![CDATA[01923320029]]>
              </value>
            </param>
            <param index="4">
              <value>
                <![CDATA[123456]]>
              </value>
            </param>
            <param index="5">
              <value>
                <![CDATA[Bd@12345678]]>
              </value>
            </param>
            <param index="6">
              <value>
                <![CDATA[Bd@12345678]]>
              </value>
            </param>
            <param index="7">
              <value>
                <![CDATA[By.xpath: //span[normalize-space()='Address must be between 3 and 128 characters!']]]>
              </value>
            </param>
            <param index="8">
              <value>
                <![CDATA[Address must be between 3 and 128 characters!]]>
              </value>
            </param>
          </params>
          <exception class="org.openqa.selenium.NoSuchElementException">
            <message>
              <![CDATA[no such element: Unable to locate element: {"method":"xpath","selector":"//span[normalize-space()='Address must be between 3 and 128 characters!']"}
  (Session info: chrome=121.0.6167.161)
For documentation on this error, please visit: https://www.selenium.dev/documentation/webdriver/troubleshooting/errors#no-such-element-exception
Build info: version: '4.16.1', revision: '9b4c83354e'
System info: os.name: 'Windows 11', os.arch: 'amd64', os.version: '10.0', java.version: '20.0.1'
Driver info: org.openqa.selenium.chrome.ChromeDriver
Command: [7f963ffae71c4b387d72e63c46f7a87c, findElement {using=xpath, value=//span[normalize-space()='Address must be between 3 and 128 characters!']}]
Capabilities {acceptInsecureCerts: false, browserName: chrome, browserVersion: 121.0.6167.161, chrome: {chromedriverVersion: 121.0.6167.85 (3f98d690ad7e..., userDataDir: C:\Users\User\AppData\Local...}, fedcm:accounts: true, goog:chromeOptions: {debuggerAddress: localhost:10470}, networkConnectionEnabled: false, pageLoadStrategy: normal, platformName: windows, proxy: Proxy(), se:cdp: ws://localhost:10470/devtoo..., se:cdpVersion: 121.0.6167.161, setWindowRect: true, strictFileInteractability: false, timeouts: {implicit: 0, pageLoad: 300000, script: 30000}, unhandledPromptBehavior: dismiss and notify, webauthn:extension:credBlob: true, webauthn:extension:largeBlob: true, webauthn:extension:minPinLength: true, webauthn:extension:prf: true, webauthn:virtualAuthenticators: true}
Session ID: 7f963ffae71c4b387d72e63c46f7a87c]]>
            </message>
            <full-stacktrace>
              <![CDATA[org.openqa.selenium.NoSuchElementException: no such element: Unable to locate element: {"method":"xpath","selector":"//span[normalize-space()='Address must be between 3 and 128 characters!']"}
  (Session info: chrome=121.0.6167.161)
For documentation on this error, please visit: https://www.selenium.dev/documentation/webdriver/troubleshooting/errors#no-such-element-exception
Build info: version: '4.16.1', revision: '9b4c83354e'
System info: os.name: 'Windows 11', os.arch: 'amd64', os.version: '10.0', java.version: '20.0.1'
Driver info: org.openqa.selenium.chrome.ChromeDriver
Command: [7f963ffae71c4b387d72e63c46f7a87c, findElement {using=xpath, value=//span[normalize-space()='Address must be between 3 and 128 characters!']}]
Capabilities {acceptInsecureCerts: false, browserName: chrome, browserVersion: 121.0.6167.161, chrome: {chromedriverVersion: 121.0.6167.85 (3f98d690ad7e..., userDataDir: C:\Users\User\AppData\Local...}, fedcm:accounts: true, goog:chromeOptions: {debuggerAddress: localhost:10470}, networkConnectionEnabled: false, pageLoadStrategy: normal, platformName: windows, proxy: Proxy(), se:cdp: ws://localhost:10470/devtoo..., se:cdpVersion: 121.0.6167.161, setWindowRect: true, strictFileInteractability: false, timeouts: {implicit: 0, pageLoad: 300000, script: 30000}, unhandledPromptBehavior: dismiss and notify, webauthn:extension:credBlob: true, webauthn:extension:largeBlob: true, webauthn:extension:minPinLength: true, webauthn:extension:prf: true, webauthn:virtualAuthenticators: true}
Session ID: 7f963ffae71c4b387d72e63c46f7a87c
at java.base/jdk.internal.reflect.DirectConstructorHandleAccessor.newInstance(DirectConstructorHandleAccessor.java:67)
at java.base/java.lang.reflect.Constructor.newInstanceWithCaller(Constructor.java:500)
at java.base/java.lang.reflect.Constructor.newInstance(Constructor.java:484)
at org.openqa.selenium.remote.codec.w3c.W3CHttpResponseCodec.createException(W3CHttpResponseCodec.java:200)
at org.openqa.selenium.remote.codec.w3c.W3CHttpResponseCodec.decode(W3CHttpResponseCodec.java:133)
at org.openqa.selenium.remote.codec.w3c.W3CHttpResponseCodec.decode(W3CHttpResponseCodec.java:52)
at org.openqa.selenium.remote.HttpCommandExecutor.execute(HttpCommandExecutor.java:191)
at org.openqa.selenium.remote.service.DriverCommandExecutor.invokeExecute(DriverCommandExecutor.java:200)
at org.openqa.selenium.remote.service.DriverCommandExecutor.execute(DriverCommandExecutor.java:175)
at org.openqa.selenium.remote.RemoteWebDriver.execute(RemoteWebDriver.java:523)
at org.openqa.selenium.remote.ElementLocation$ElementFinder$2.findElement(ElementLocation.java:165)
at org.openqa.selenium.remote.ElementLocation.findElement(ElementLocation.java:59)
at org.openqa.selenium.remote.RemoteWebDriver.findElement(RemoteWebDriver.java:360)
at org.openqa.selenium.remote.RemoteWebDriver.findElement(RemoteWebDriver.java:354)
at pages.BasePage.getElement(BasePage.java:23)
at testcases.TestRegister.testWithInvalidCredential(TestRegister.java:35)
at java.base/jdk.internal.reflect.DirectMethodHandleAccessor.invoke(DirectMethodHandleAccessor.java:104)
at java.base/java.lang.reflect.Method.invoke(Method.java:578)
at org.testng.internal.invokers.MethodInvocationHelper.invokeMethod(MethodInvocationHelper.java:139)
at org.testng.internal.invokers.TestInvoker.invokeMethod(TestInvoker.java:664)
at org.testng.internal.invokers.TestInvoker.invokeTestMethod(TestInvoker.java:227)
at org.testng.internal.invokers.MethodRunner.runInSequence(MethodRunner.java:50)
at org.testng.internal.invokers.TestInvoker$MethodInvocationAgent.invoke(TestInvoker.java:957)
at org.testng.internal.invokers.TestInvoker.invokeTestMethods(TestInvoker.java:200)
at org.testng.internal.invokers.TestMethodWorker.invokeTestMethods(TestMethodWorker.java:148)
at org.testng.internal.invokers.TestMethodWorker.run(TestMethodWorker.java:128)
at java.base/java.util.ArrayList.forEach(ArrayList.java:1511)
at org.testng.TestRunner.privateRun(TestRunner.java:848)
at org.testng.TestRunner.run(TestRunner.java:621)
at org.testng.SuiteRunner.runTest(SuiteRunner.java:443)
at org.testng.SuiteRunner.runSequentially(SuiteRunner.java:437)
at org.testng.SuiteRunner.privateRun(SuiteRunner.java:397)
at org.testng.SuiteRunner.run(SuiteRunner.java:336)
at org.testng.SuiteRunnerWorker.runSuite(SuiteRunnerWorker.java:52)
at org.testng.SuiteRunnerWorker.run(SuiteRunnerWorker.java:95)
at org.testng.TestNG.runSuitesSequentially(TestNG.java:1280)
at org.testng.TestNG.runSuitesLocally(TestNG.java:1200)
at org.testng.TestNG.runSuites(TestNG.java:1114)
at org.testng.TestNG.run(TestNG.java:1082)
at org.apache.maven.surefire.testng.TestNGExecutor.run(TestNGExecutor.java:155)
at org.apache.maven.surefire.testng.TestNGDirectoryTestSuite.executeMulti(TestNGDirectoryTestSuite.java:169)
at org.apache.maven.surefire.testng.TestNGDirectoryTestSuite.execute(TestNGDirectoryTestSuite.java:88)
at org.apache.maven.surefire.testng.TestNGProvider.invoke(TestNGProvider.java:137)
at org.apache.maven.surefire.booter.ForkedBooter.runSuitesInProcess(ForkedBooter.java:385)
at org.apache.maven.surefire.booter.ForkedBooter.execute(ForkedBooter.java:162)
at org.apache.maven.surefire.booter.ForkedBooter.run(ForkedBooter.java:507)
at org.apache.maven.surefire.booter.ForkedBooter.main(ForkedBooter.java:495)
]]>
            </full-stacktrace>
          </exception> <!-- org.openqa.selenium.NoSuchElementException -->
          <reporter-output>
          </reporter-output>
        </test-method> <!-- testWithInvalidCredential -->
        <test-method is-config="true" signature="quiteBrowser()[pri:0, instance:testcases.TestRegister@27f981c6]" started-at="2024-02-14T02:04:18 BDT" name="quiteBrowser" finished-at="2024-02-14T02:04:18 BDT" duration-ms="231" status="PASS">
          <reporter-output>
          </reporter-output>
        </test-method> <!-- quiteBrowser -->
        <test-method is-config="true" signature="openABrowser()[pri:0, instance:testcases.TestRegister@27f981c6]" started-at="2024-02-14T02:04:18 BDT" name="openABrowser" finished-at="2024-02-14T02:04:19 BDT" duration-ms="1185" status="PASS">
          <reporter-output>
          </reporter-output>
        </test-method> <!-- openABrowser -->
        <test-method signature="testWithInvalidCredential(java.lang.String,java.lang.String,java.lang.String,java.lang.String,java.lang.String,java.lang.String,java.lang.String,org.openqa.selenium.By,java.lang.String)[pri:0, instance:testcases.TestRegister@27f981c6]" started-at="2024-02-14T02:04:19 BDT" name="testWithInvalidCredential" description="Verify Register functionality with invalid credentials" data-provider="invalidUserDataForRegister" finished-at="2024-02-14T02:04:30 BDT" duration-ms="10751" status="PASS">
          <params>
            <param index="0">
              <value>
                <![CDATA[tefabax]]>
              </value>
            </param>
            <param index="1">
              <value>
                <![CDATA[laymro]]>
              </value>
            </param>
            <param index="2">
              <value>
                <![CDATA[tefabax442@laymro.com]]>
              </value>
            </param>
            <param index="3">
              <value>
                <![CDATA[01923320029]]>
              </value>
            </param>
            <param index="4">
              <value>
                <![CDATA[Dhanmondi]]>
              </value>
            </param>
            <param index="5">
              <value>
                <![CDATA[Bd]]>
              </value>
            </param>
            <param index="6">
              <value>
                <![CDATA[Bd]]>
              </value>
            </param>
            <param index="7">
              <value>
                <![CDATA[By.xpath: //span[normalize-space()='Password too short.']]]>
              </value>
            </param>
            <param index="8">
              <value>
                <![CDATA[Password too short.]]>
              </value>
            </param>
          </params>
          <reporter-output>
          </reporter-output>
        </test-method> <!-- testWithInvalidCredential -->
        <test-method is-config="true" signature="quiteBrowser()[pri:0, instance:testcases.TestRegister@27f981c6]" started-at="2024-02-14T02:04:30 BDT" name="quiteBrowser" finished-at="2024-02-14T02:04:30 BDT" duration-ms="223" status="PASS">
          <reporter-output>
          </reporter-output>
        </test-method> <!-- quiteBrowser -->
        <test-method is-config="true" signature="openABrowser()[pri:0, instance:testcases.TestRegister@27f981c6]" started-at="2024-02-14T02:04:30 BDT" name="openABrowser" finished-at="2024-02-14T02:04:31 BDT" duration-ms="1142" status="PASS">
          <reporter-output>
          </reporter-output>
        </test-method> <!-- openABrowser -->
        <test-method signature="testWithInvalidCredential(java.lang.String,java.lang.String,java.lang.String,java.lang.String,java.lang.String,java.lang.String,java.lang.String,org.openqa.selenium.By,java.lang.String)[pri:0, instance:testcases.TestRegister@27f981c6]" started-at="2024-02-14T02:04:31 BDT" name="testWithInvalidCredential" description="Verify Register functionality with invalid credentials" data-provider="invalidUserDataForRegister" finished-at="2024-02-14T02:04:44 BDT" duration-ms="12369" status="PASS">
          <params>
            <param index="0">
              <value>
                <![CDATA[tefabax]]>
              </value>
            </param>
            <param index="1">
              <value>
                <![CDATA[laymro]]>
              </value>
            </param>
            <param index="2">
              <value>
                <![CDATA[tefabax442@laymro.com]]>
              </value>
            </param>
            <param index="3">
              <value>
                <![CDATA[01923320029]]>
              </value>
            </param>
            <param index="4">
              <value>
                <![CDATA[Dhanmondi]]>
              </value>
            </param>
            <param index="5">
              <value>
                <![CDATA[d@12345678]]>
              </value>
            </param>
            <param index="6">
              <value>
                <![CDATA[d@12345678]]>
              </value>
            </param>
            <param index="7">
              <value>
                <![CDATA[By.xpath: //span[contains(text(),'Password must include at least one uppercase lette')]]]>
              </value>
            </param>
            <param index="8">
              <value>
                <![CDATA[Password must include at least one uppercase letter.]]>
              </value>
            </param>
          </params>
          <reporter-output>
          </reporter-output>
        </test-method> <!-- testWithInvalidCredential -->
        <test-method is-config="true" signature="quiteBrowser()[pri:0, instance:testcases.TestRegister@27f981c6]" started-at="2024-02-14T02:04:44 BDT" name="quiteBrowser" finished-at="2024-02-14T02:04:44 BDT" duration-ms="249" status="PASS">
          <reporter-output>
          </reporter-output>
        </test-method> <!-- quiteBrowser -->
        <test-method is-config="true" signature="openABrowser()[pri:0, instance:testcases.TestRegister@27f981c6]" started-at="2024-02-14T02:04:44 BDT" name="openABrowser" finished-at="2024-02-14T02:04:45 BDT" duration-ms="1190" status="PASS">
          <reporter-output>
          </reporter-output>
        </test-method> <!-- openABrowser -->
        <test-method signature="testWithInvalidCredential(java.lang.String,java.lang.String,java.lang.String,java.lang.String,java.lang.String,java.lang.String,java.lang.String,org.openqa.selenium.By,java.lang.String)[pri:0, instance:testcases.TestRegister@27f981c6]" started-at="2024-02-14T02:04:45 BDT" name="testWithInvalidCredential" description="Verify Register functionality with invalid credentials" data-provider="invalidUserDataForRegister" finished-at="2024-02-14T02:04:58 BDT" duration-ms="12842" status="PASS">
          <params>
            <param index="0">
              <value>
                <![CDATA[tefabax]]>
              </value>
            </param>
            <param index="1">
              <value>
                <![CDATA[laymro]]>
              </value>
            </param>
            <param index="2">
              <value>
                <![CDATA[tefabax442@laymro.com]]>
              </value>
            </param>
            <param index="3">
              <value>
                <![CDATA[01923320029]]>
              </value>
            </param>
            <param index="4">
              <value>
                <![CDATA[Dhanmondi]]>
              </value>
            </param>
            <param index="5">
              <value>
                <![CDATA[B@12345678]]>
              </value>
            </param>
            <param index="6">
              <value>
                <![CDATA[B@12345678]]>
              </value>
            </param>
            <param index="7">
              <value>
                <![CDATA[By.xpath: //span[contains(text(),'Password must include at least one lowercase lette')]]]>
              </value>
            </param>
            <param index="8">
              <value>
                <![CDATA[Password must include at least one lowercase letter.]]>
              </value>
            </param>
          </params>
          <reporter-output>
          </reporter-output>
        </test-method> <!-- testWithInvalidCredential -->
        <test-method is-config="true" signature="quiteBrowser()[pri:0, instance:testcases.TestRegister@27f981c6]" started-at="2024-02-14T02:04:58 BDT" name="quiteBrowser" finished-at="2024-02-14T02:04:58 BDT" duration-ms="233" status="PASS">
          <reporter-output>
          </reporter-output>
        </test-method> <!-- quiteBrowser -->
        <test-method is-config="true" signature="openABrowser()[pri:0, instance:testcases.TestRegister@27f981c6]" started-at="2024-02-14T02:04:58 BDT" name="openABrowser" finished-at="2024-02-14T02:05:00 BDT" duration-ms="1157" status="PASS">
          <reporter-output>
          </reporter-output>
        </test-method> <!-- openABrowser -->
        <test-method signature="testWithInvalidCredential(java.lang.String,java.lang.String,java.lang.String,java.lang.String,java.lang.String,java.lang.String,java.lang.String,org.openqa.selenium.By,java.lang.String)[pri:0, instance:testcases.TestRegister@27f981c6]" started-at="2024-02-14T02:05:00 BDT" name="testWithInvalidCredential" description="Verify Register functionality with invalid credentials" data-provider="invalidUserDataForRegister" finished-at="2024-02-14T02:05:11 BDT" duration-ms="11694" status="PASS">
          <params>
            <param index="0">
              <value>
                <![CDATA[tefabax]]>
              </value>
            </param>
            <param index="1">
              <value>
                <![CDATA[laymro]]>
              </value>
            </param>
            <param index="2">
              <value>
                <![CDATA[tefabax442@laymro.com]]>
              </value>
            </param>
            <param index="3">
              <value>
                <![CDATA[01923320029]]>
              </value>
            </param>
            <param index="4">
              <value>
                <![CDATA[Dhanmondi]]>
              </value>
            </param>
            <param index="5">
              <value>
                <![CDATA[Bd@]]>
              </value>
            </param>
            <param index="6">
              <value>
                <![CDATA[Bd@]]>
              </value>
            </param>
            <param index="7">
              <value>
                <![CDATA[By.xpath: //span[normalize-space()='Password must include at least one number.']]]>
              </value>
            </param>
            <param index="8">
              <value>
                <![CDATA[Password must include at least one number.]]>
              </value>
            </param>
          </params>
          <reporter-output>
          </reporter-output>
        </test-method> <!-- testWithInvalidCredential -->
        <test-method is-config="true" signature="quiteBrowser()[pri:0, instance:testcases.TestRegister@27f981c6]" started-at="2024-02-14T02:05:11 BDT" name="quiteBrowser" finished-at="2024-02-14T02:05:11 BDT" duration-ms="199" status="PASS">
          <reporter-output>
          </reporter-output>
        </test-method> <!-- quiteBrowser -->
        <test-method is-config="true" signature="openABrowser()[pri:0, instance:testcases.TestRegister@27f981c6]" started-at="2024-02-14T02:05:11 BDT" name="openABrowser" finished-at="2024-02-14T02:05:13 BDT" duration-ms="1184" status="PASS">
          <reporter-output>
          </reporter-output>
        </test-method> <!-- openABrowser -->
        <test-method signature="testWithInvalidCredential(java.lang.String,java.lang.String,java.lang.String,java.lang.String,java.lang.String,java.lang.String,java.lang.String,org.openqa.selenium.By,java.lang.String)[pri:0, instance:testcases.TestRegister@27f981c6]" started-at="2024-02-14T02:05:13 BDT" name="testWithInvalidCredential" description="Verify Register functionality with invalid credentials" data-provider="invalidUserDataForRegister" finished-at="2024-02-14T02:05:31 BDT" duration-ms="18725" status="PASS">
          <params>
            <param index="0">
              <value>
                <![CDATA[tefabax]]>
              </value>
            </param>
            <param index="1">
              <value>
                <![CDATA[laymro]]>
              </value>
            </param>
            <param index="2">
              <value>
                <![CDATA[tefabax442@laymro.com]]>
              </value>
            </param>
            <param index="3">
              <value>
                <![CDATA[01923320029]]>
              </value>
            </param>
            <param index="4">
              <value>
                <![CDATA[Dhanmondi]]>
              </value>
            </param>
            <param index="5">
              <value>
                <![CDATA[Bd12345678]]>
              </value>
            </param>
            <param index="6">
              <value>
                <![CDATA[Bd12345678]]>
              </value>
            </param>
            <param index="7">
              <value>
                <![CDATA[By.xpath: //span[contains(text(),'Password must include at least one special charact')]]]>
              </value>
            </param>
            <param index="8">
              <value>
                <![CDATA[Password must include at least one special character.]]>
              </value>
            </param>
          </params>
          <reporter-output>
          </reporter-output>
        </test-method> <!-- testWithInvalidCredential -->
        <test-method is-config="true" signature="quiteBrowser()[pri:0, instance:testcases.TestRegister@27f981c6]" started-at="2024-02-14T02:05:31 BDT" name="quiteBrowser" finished-at="2024-02-14T02:05:32 BDT" duration-ms="208" status="PASS">
          <reporter-output>
          </reporter-output>
        </test-method> <!-- quiteBrowser -->
        <test-method is-config="true" signature="openABrowser()[pri:0, instance:testcases.TestRegister@27f981c6]" started-at="2024-02-14T02:05:32 BDT" name="openABrowser" finished-at="2024-02-14T02:05:33 BDT" duration-ms="1203" status="PASS">
          <reporter-output>
          </reporter-output>
        </test-method> <!-- openABrowser -->
        <test-method signature="testWithInvalidCredential(java.lang.String,java.lang.String,java.lang.String,java.lang.String,java.lang.String,java.lang.String,java.lang.String,org.openqa.selenium.By,java.lang.String)[pri:0, instance:testcases.TestRegister@27f981c6]" started-at="2024-02-14T02:05:33 BDT" name="testWithInvalidCredential" description="Verify Register functionality with invalid credentials" data-provider="invalidUserDataForRegister" finished-at="2024-02-14T02:05:46 BDT" duration-ms="12845" status="PASS">
          <params>
            <param index="0">
              <value>
                <![CDATA[tefabax]]>
              </value>
            </param>
            <param index="1">
              <value>
                <![CDATA[laymro]]>
              </value>
            </param>
            <param index="2">
              <value>
                <![CDATA[tefabax442@laymro.com]]>
              </value>
            </param>
            <param index="3">
              <value>
                <![CDATA[01923320029]]>
              </value>
            </param>
            <param index="4">
              <value>
                <![CDATA[Dhanmondi]]>
              </value>
            </param>
            <param index="5">
              <value>
                <![CDATA[Bd@12345678]]>
              </value>
            </param>
            <param index="6">
              <value>
                <![CDATA[Bd@1]]>
              </value>
            </param>
            <param index="7">
              <value>
                <![CDATA[By.xpath: //span[normalize-space()='Password confirmation does not match password!']]]>
              </value>
            </param>
            <param index="8">
              <value>
                <![CDATA[Password confirmation does not match password!]]>
              </value>
            </param>
          </params>
          <reporter-output>
          </reporter-output>
        </test-method> <!-- testWithInvalidCredential -->
        <test-method is-config="true" signature="quiteBrowser()[pri:0, instance:testcases.TestRegister@27f981c6]" started-at="2024-02-14T02:05:46 BDT" name="quiteBrowser" finished-at="2024-02-14T02:05:46 BDT" duration-ms="233" status="PASS">
          <reporter-output>
          </reporter-output>
        </test-method> <!-- quiteBrowser -->
      </class> <!-- testcases.TestRegister -->
      <class name="testcases.TestProductAdd">
        <test-method is-config="true" signature="openABrowser()[pri:0, instance:testcases.TestProductAdd@47d9a273]" started-at="2024-02-14T01:57:28 BDT" name="openABrowser" finished-at="2024-02-14T01:57:29 BDT" duration-ms="1142" status="PASS">
          <reporter-output>
          </reporter-output>
        </test-method> <!-- openABrowser -->
        <test-method signature="testAddToCart()[pri:0, instance:testcases.TestProductAdd@47d9a273]" started-at="2024-02-14T01:57:29 BDT" name="testAddToCart" description="Verify that user can add product to cart" finished-at="2024-02-14T01:57:41 BDT" duration-ms="11565" status="PASS">
          <reporter-output>
          </reporter-output>
        </test-method> <!-- testAddToCart -->
        <test-method is-config="true" signature="quiteBrowser()[pri:0, instance:testcases.TestProductAdd@47d9a273]" started-at="2024-02-14T01:57:41 BDT" name="quiteBrowser" finished-at="2024-02-14T01:57:41 BDT" duration-ms="251" status="PASS">
          <reporter-output>
          </reporter-output>
        </test-method> <!-- quiteBrowser -->
        <test-method is-config="true" signature="openABrowser()[pri:0, instance:testcases.TestProductAdd@47d9a273]" started-at="2024-02-14T01:57:41 BDT" name="openABrowser" finished-at="2024-02-14T01:57:42 BDT" duration-ms="1159" status="PASS">
          <reporter-output>
          </reporter-output>
        </test-method> <!-- openABrowser -->
        <test-method signature="testSelectProduct()[pri:0, instance:testcases.TestProductAdd@47d9a273]" started-at="2024-02-14T01:57:42 BDT" name="testSelectProduct" description="Verify that user can select a product" finished-at="2024-02-14T01:57:50 BDT" duration-ms="8353" status="PASS">
          <reporter-output>
          </reporter-output>
        </test-method> <!-- testSelectProduct -->
        <test-method is-config="true" signature="quiteBrowser()[pri:0, instance:testcases.TestProductAdd@47d9a273]" started-at="2024-02-14T01:57:50 BDT" name="quiteBrowser" finished-at="2024-02-14T01:57:51 BDT" duration-ms="213" status="PASS">
          <reporter-output>
          </reporter-output>
        </test-method> <!-- quiteBrowser -->
      </class> <!-- testcases.TestProductAdd -->
      <class name="testcases.TestCheckout">
        <test-method is-config="true" signature="openABrowser()[pri:0, instance:testcases.TestCheckout@306e95ec]" started-at="2024-02-14T01:55:20 BDT" name="openABrowser" finished-at="2024-02-14T01:55:22 BDT" duration-ms="1784" status="PASS">
          <reporter-output>
          </reporter-output>
        </test-method> <!-- openABrowser -->
        <test-method signature="testCheckout()[pri:0, instance:testcases.TestCheckout@306e95ec]" started-at="2024-02-14T01:55:22 BDT" name="testCheckout" description="Verify that user can perform checkout process" finished-at="2024-02-14T01:55:39 BDT" duration-ms="17121" status="PASS">
          <reporter-output>
          </reporter-output>
        </test-method> <!-- testCheckout -->
        <test-method is-config="true" signature="quiteBrowser()[pri:0, instance:testcases.TestCheckout@306e95ec]" started-at="2024-02-14T01:55:39 BDT" name="quiteBrowser" finished-at="2024-02-14T01:55:40 BDT" duration-ms="235" status="PASS">
          <reporter-output>
          </reporter-output>
        </test-method> <!-- quiteBrowser -->
        <test-method is-config="true" signature="openABrowser()[pri:0, instance:testcases.TestCheckout@306e95ec]" started-at="2024-02-14T01:55:40 BDT" name="openABrowser" finished-at="2024-02-14T01:55:41 BDT" duration-ms="1126" status="PASS">
          <reporter-output>
          </reporter-output>
        </test-method> <!-- openABrowser -->
        <test-method signature="testOpenCheckout()[pri:0, instance:testcases.TestCheckout@306e95ec]" started-at="2024-02-14T01:55:41 BDT" name="testOpenCheckout" description="Verify that user should open checkout option" finished-at="2024-02-14T01:55:54 BDT" duration-ms="13458" status="PASS">
          <reporter-output>
          </reporter-output>
        </test-method> <!-- testOpenCheckout -->
        <test-method is-config="true" signature="quiteBrowser()[pri:0, instance:testcases.TestCheckout@306e95ec]" started-at="2024-02-14T01:55:54 BDT" name="quiteBrowser" finished-at="2024-02-14T01:55:55 BDT" duration-ms="310" status="PASS">
          <reporter-output>
          </reporter-output>
        </test-method> <!-- quiteBrowser -->
      </class> <!-- testcases.TestCheckout -->
    </test> <!-- Surefire test -->
  </suite> <!-- Surefire suite -->
</testng-results>
